#
# There is insufficient memory for the Java Runtime Environment to continue.
# Native memory allocation (malloc) failed to allocate 234736 bytes for Chunk::new
# Possible reasons:
#   The system is out of physical RAM or swap space
#   The process is running with CompressedOops enabled, and the Java Heap may be blocking the growth of the native heap
# Possible solutions:
#   Reduce memory load on the system
#   Increase physical memory or swap space
#   Check if swap backing store is full
#   Decrease Java heap size (-Xmx/-Xms)
#   Decrease number of Java threads
#   Decrease Java thread stack sizes (-Xss)
#   Set larger code cache with -XX:ReservedCodeCacheSize=
#   JVM is running with Zero Based Compressed Oops mode in which the Java heap is
#     placed in the first 32GB address space. The Java Heap base address is the
#     maximum limit for the native heap growth. Please use -XX:HeapBaseMinAddress
#     to set the Java Heap base and to place the Java Heap above 32GB virtual address.
# This output file may be truncated or incomplete.
#
#  Out of Memory Error (arena.cpp:195), pid=12592, tid=1704
#
# JRE version: Java(TM) SE Runtime Environment (16.0.2+7) (build 16.0.2+7-67)
# Java VM: Java HotSpot(TM) 64-Bit Server VM (16.0.2+7-67, mixed mode, sharing, tiered, compressed oops, compressed class ptrs, g1 gc, windows-amd64)
# No core dump will be written. Minidumps are not enabled by default on client versions of Windows
#

---------------  S U M M A R Y ------------

Command Line: -Dclassworlds.conf=D:\Desarrollo\apache-maven-3.8.2\bin\m2.conf -Dmaven.home=D:\Desarrollo\apache-maven-3.8.2 -Dmaven.multiModuleProjectDirectory=C:\Users\andre\Documents\Codigo\Servicios\Taller_2_Parte_1\RestClient org.codehaus.plexus.classworlds.launcher.Launcher clean install

Host: AMD Ryzen 5 3500U with Radeon Vega Mobile Gfx  , 8 cores, 9G,  Windows 10 , 64 bit Build 19041 (10.0.19041.1151)
Time: Sat Sep  4 14:39:34 2021 SA Pacific Standard Time elapsed time: 3.002308 seconds (0d 0h 0m 3s)

---------------  T H R E A D  ---------------

Current thread (0x000001d15b7308a0):  JavaThread "C2 CompilerThread1" daemon [_thread_in_native, id=1704, stack(0x0000008655f00000,0x0000008656000000)]


Current CompileTask:
C2:   3002 3592       4       jdk.internal.jimage.BasicImageReader::getString (49 bytes)

Stack: [0x0000008655f00000,0x0000008656000000]
Native frames: (J=compiled Java code, j=interpreted, Vv=VM code, C=native code)
V  [jvm.dll+0x6681ca]
V  [jvm.dll+0x7c9e69]
V  [jvm.dll+0x7cb61e]
V  [jvm.dll+0x7cbc73]
V  [jvm.dll+0x242c55]
V  [jvm.dll+0xadeba]
V  [jvm.dll+0xae45c]
V  [jvm.dll+0x35a882]
V  [jvm.dll+0x324de1]
V  [jvm.dll+0x32428a]
V  [jvm.dll+0x215cec]
V  [jvm.dll+0x215100]
V  [jvm.dll+0x1a1beb]
V  [jvm.dll+0x225158]
V  [jvm.dll+0x22319c]
V  [jvm.dll+0x77fa62]
V  [jvm.dll+0x7795aa]
V  [jvm.dll+0x667066]
C  [ucrtbase.dll+0x21bb2]
C  [KERNEL32.DLL+0x17034]
C  [ntdll.dll+0x52651]


---------------  P R O C E S S  ---------------

Threads class SMR info:
_java_thread_list=0x000001d15c61a7f0, length=13, elements={
0x000001d13b48ae30, 0x000001d15a7d79d0, 0x000001d15a7d8890, 0x000001d15a7ee640,
0x000001d15a7ef240, 0x000001d15a7f1c50, 0x000001d15a7f2650, 0x000001d15a7f4570,
0x000001d15a80bb60, 0x000001d15a80e5b0, 0x000001d15b4e02e0, 0x000001d15b4e2b10,
0x000001d15b7308a0
}

Java Threads: ( => current thread )
  0x000001d13b48ae30 JavaThread "main" [_thread_in_vm, id=15100, stack(0x0000008654c00000,0x0000008654d00000)]
  0x000001d15a7d79d0 JavaThread "Reference Handler" daemon [_thread_blocked, id=15216, stack(0x0000008655300000,0x0000008655400000)]
  0x000001d15a7d8890 JavaThread "Finalizer" daemon [_thread_blocked, id=13104, stack(0x0000008655400000,0x0000008655500000)]
  0x000001d15a7ee640 JavaThread "Signal Dispatcher" daemon [_thread_blocked, id=9480, stack(0x0000008655500000,0x0000008655600000)]
  0x000001d15a7ef240 JavaThread "Attach Listener" daemon [_thread_blocked, id=7532, stack(0x0000008655600000,0x0000008655700000)]
  0x000001d15a7f1c50 JavaThread "Service Thread" daemon [_thread_blocked, id=12512, stack(0x0000008655700000,0x0000008655800000)]
  0x000001d15a7f2650 JavaThread "Monitor Deflation Thread" daemon [_thread_blocked, id=7520, stack(0x0000008655800000,0x0000008655900000)]
  0x000001d15a7f4570 JavaThread "C2 CompilerThread0" daemon [_thread_blocked, id=14628, stack(0x0000008655900000,0x0000008655a00000)]
  0x000001d15a80bb60 JavaThread "C1 CompilerThread0" daemon [_thread_blocked, id=15020, stack(0x0000008655a00000,0x0000008655b00000)]
  0x000001d15a80e5b0 JavaThread "Sweeper thread" daemon [_thread_blocked, id=13156, stack(0x0000008655b00000,0x0000008655c00000)]
  0x000001d15b4e02e0 JavaThread "Notification Thread" daemon [_thread_blocked, id=7504, stack(0x0000008655c00000,0x0000008655d00000)]
  0x000001d15b4e2b10 JavaThread "Common-Cleaner" daemon [_thread_blocked, id=2084, stack(0x0000008655e00000,0x0000008655f00000)]
=>0x000001d15b7308a0 JavaThread "C2 CompilerThread1" daemon [_thread_in_native, id=1704, stack(0x0000008655f00000,0x0000008656000000)]

Other Threads:
  0x000001d15a7d2d80 VMThread "VM Thread" [stack: 0x0000008655200000,0x0000008655300000] [id=13604]
  0x000001d15b4e1810 WatcherThread [stack: 0x0000008655d00000,0x0000008655e00000] [id=14988]
  0x000001d13b4c9100 GCTaskThread "GC Thread#0" [stack: 0x0000008654d00000,0x0000008654e00000] [id=11476]
  0x000001d15bffec90 GCTaskThread "GC Thread#1" [stack: 0x0000008656100000,0x0000008656200000] [id=15076]
  0x000001d15b57c890 GCTaskThread "GC Thread#2" [stack: 0x0000008656200000,0x0000008656300000] [id=12456]
  0x000001d15bf955a0 GCTaskThread "GC Thread#3" [stack: 0x0000008656300000,0x0000008656400000] [id=10440]
  0x000001d15bf6e170 GCTaskThread "GC Thread#4" [stack: 0x0000008656400000,0x0000008656500000] [id=10000]
  0x000001d15bed2a60 GCTaskThread "GC Thread#5" [stack: 0x0000008656500000,0x0000008656600000] [id=8968]
  0x000001d15bed2d70 GCTaskThread "GC Thread#6" [stack: 0x0000008656600000,0x0000008656700000] [id=10444]
  0x000001d15bee8440 GCTaskThread "GC Thread#7" [stack: 0x0000008656000000,0x0000008656100000] [id=4092]
  0x000001d13b4d4390 ConcurrentGCThread "G1 Main Marker" [stack: 0x0000008654e00000,0x0000008654f00000] [id=7388]
  0x000001d13b4d65b0 ConcurrentGCThread "G1 Conc#0" [stack: 0x0000008654f00000,0x0000008655000000] [id=14708]
  0x000001d15a6a20b0 ConcurrentGCThread "G1 Refine#0" [stack: 0x0000008655000000,0x0000008655100000] [id=760]
  0x000001d15a6a2b30 ConcurrentGCThread "G1 Service" [stack: 0x0000008655100000,0x0000008655200000] [id=14604]

Threads with active compile tasks:
C2 CompilerThread1     3020 3592       4       jdk.internal.jimage.BasicImageReader::getString (49 bytes)

VM state: not at safepoint (normal execution)

VM Mutex/Monitor currently owned by a thread:  ([mutex/lock_event])
[0x000001d13b485990] MetaspaceExpand_lock - owner thread: 0x000001d13b48ae30

Heap address: 0x0000000760c00000, size: 2548 MB, Compressed Oops mode: Zero based, Oop shift amount: 3

CDS archive(s) mapped at: [0x0000000800000000-0x0000000800bb0000-0x0000000800bb0000), size 12255232, SharedBaseAddress: 0x0000000800000000, ArchiveRelocationMode: 0.
Compressed class space mapped at: 0x0000000800c00000-0x0000000840c00000, reserved size: 1073741824
Narrow klass base: 0x0000000800000000, Narrow klass shift: 3, Narrow klass range: 0x100000000

GC Precious Log:
 CPUs: 8 total, 8 available
 Memory: 10187M
 Large Page Support: Disabled
 NUMA Support: Disabled
 Compressed Oops: Enabled (Zero based)
 Heap Region Size: 2M
 Heap Min Capacity: 8M
 Heap Initial Capacity: 160M
 Heap Max Capacity: 2548M
 Pre-touch: Disabled
 Parallel Workers: 8
 Concurrent Workers: 2
 Concurrent Refinement Workers: 8
 Periodic GC: Disabled

Heap:
 garbage-first heap   total 163840K, used 82981K [0x0000000760c00000, 0x0000000800000000)
  region size 2048K, 40 young (81920K), 1 survivors (2048K)
 Metaspace       used 17670K, committed 17920K, reserved 1064960K
  class space    used 2031K, committed 2176K, reserved 1048576K

Heap Regions: E=young(eden), S=young(survivor), O=old, HS=humongous(starts), HC=humongous(continues), CS=collection set, F=free, OA=open archive, CA=closed archive, TAMS=top-at-mark-start (previous, next)
|   0|0x0000000760c00000, 0x0000000760e00000, 0x0000000760e00000|100%| O|  |TAMS 0x0000000760c00000, 0x0000000760c00000| Untracked 
|   1|0x0000000760e00000, 0x0000000760f61200, 0x0000000761000000| 68%| O|  |TAMS 0x0000000760e00000, 0x0000000760e00000| Untracked 
|   2|0x0000000761000000, 0x0000000761000000, 0x0000000761200000|  0%| F|  |TAMS 0x0000000761000000, 0x0000000761000000| Untracked 
|   3|0x0000000761200000, 0x0000000761200000, 0x0000000761400000|  0%| F|  |TAMS 0x0000000761200000, 0x0000000761200000| Untracked 
|   4|0x0000000761400000, 0x0000000761400000, 0x0000000761600000|  0%| F|  |TAMS 0x0000000761400000, 0x0000000761400000| Untracked 
|   5|0x0000000761600000, 0x0000000761600000, 0x0000000761800000|  0%| F|  |TAMS 0x0000000761600000, 0x0000000761600000| Untracked 
|   6|0x0000000761800000, 0x0000000761800000, 0x0000000761a00000|  0%| F|  |TAMS 0x0000000761800000, 0x0000000761800000| Untracked 
|   7|0x0000000761a00000, 0x0000000761a00000, 0x0000000761c00000|  0%| F|  |TAMS 0x0000000761a00000, 0x0000000761a00000| Untracked 
|   8|0x0000000761c00000, 0x0000000761c00000, 0x0000000761e00000|  0%| F|  |TAMS 0x0000000761c00000, 0x0000000761c00000| Untracked 
|   9|0x0000000761e00000, 0x0000000761e00000, 0x0000000762000000|  0%| F|  |TAMS 0x0000000761e00000, 0x0000000761e00000| Untracked 
|  10|0x0000000762000000, 0x0000000762000000, 0x0000000762200000|  0%| F|  |TAMS 0x0000000762000000, 0x0000000762000000| Untracked 
|  11|0x0000000762200000, 0x0000000762200000, 0x0000000762400000|  0%| F|  |TAMS 0x0000000762200000, 0x0000000762200000| Untracked 
|  12|0x0000000762400000, 0x0000000762400000, 0x0000000762600000|  0%| F|  |TAMS 0x0000000762400000, 0x0000000762400000| Untracked 
|  13|0x0000000762600000, 0x0000000762600000, 0x0000000762800000|  0%| F|  |TAMS 0x0000000762600000, 0x0000000762600000| Untracked 
|  14|0x0000000762800000, 0x0000000762800000, 0x0000000762a00000|  0%| F|  |TAMS 0x0000000762800000, 0x0000000762800000| Untracked 
|  15|0x0000000762a00000, 0x0000000762a00000, 0x0000000762c00000|  0%| F|  |TAMS 0x0000000762a00000, 0x0000000762a00000| Untracked 
|  16|0x0000000762c00000, 0x0000000762c00000, 0x0000000762e00000|  0%| F|  |TAMS 0x0000000762c00000, 0x0000000762c00000| Untracked 
|  17|0x0000000762e00000, 0x0000000762e00000, 0x0000000763000000|  0%| F|  |TAMS 0x0000000762e00000, 0x0000000762e00000| Untracked 
|  18|0x0000000763000000, 0x0000000763000000, 0x0000000763200000|  0%| F|  |TAMS 0x0000000763000000, 0x0000000763000000| Untracked 
|  19|0x0000000763200000, 0x0000000763200000, 0x0000000763400000|  0%| F|  |TAMS 0x0000000763200000, 0x0000000763200000| Untracked 
|  20|0x0000000763400000, 0x0000000763400000, 0x0000000763600000|  0%| F|  |TAMS 0x0000000763400000, 0x0000000763400000| Untracked 
|  21|0x0000000763600000, 0x0000000763600000, 0x0000000763800000|  0%| F|  |TAMS 0x0000000763600000, 0x0000000763600000| Untracked 
|  22|0x0000000763800000, 0x0000000763800000, 0x0000000763a00000|  0%| F|  |TAMS 0x0000000763800000, 0x0000000763800000| Untracked 
|  23|0x0000000763a00000, 0x0000000763a00000, 0x0000000763c00000|  0%| F|  |TAMS 0x0000000763a00000, 0x0000000763a00000| Untracked 
|  24|0x0000000763c00000, 0x0000000763c00000, 0x0000000763e00000|  0%| F|  |TAMS 0x0000000763c00000, 0x0000000763c00000| Untracked 
|  25|0x0000000763e00000, 0x0000000763e00000, 0x0000000764000000|  0%| F|  |TAMS 0x0000000763e00000, 0x0000000763e00000| Untracked 
|  26|0x0000000764000000, 0x0000000764000000, 0x0000000764200000|  0%| F|  |TAMS 0x0000000764000000, 0x0000000764000000| Untracked 
|  27|0x0000000764200000, 0x0000000764200000, 0x0000000764400000|  0%| F|  |TAMS 0x0000000764200000, 0x0000000764200000| Untracked 
|  28|0x0000000764400000, 0x0000000764400000, 0x0000000764600000|  0%| F|  |TAMS 0x0000000764400000, 0x0000000764400000| Untracked 
|  29|0x0000000764600000, 0x0000000764600000, 0x0000000764800000|  0%| F|  |TAMS 0x0000000764600000, 0x0000000764600000| Untracked 
|  30|0x0000000764800000, 0x0000000764800000, 0x0000000764a00000|  0%| F|  |TAMS 0x0000000764800000, 0x0000000764800000| Untracked 
|  31|0x0000000764a00000, 0x0000000764a00000, 0x0000000764c00000|  0%| F|  |TAMS 0x0000000764a00000, 0x0000000764a00000| Untracked 
|  32|0x0000000764c00000, 0x0000000764c00000, 0x0000000764e00000|  0%| F|  |TAMS 0x0000000764c00000, 0x0000000764c00000| Untracked 
|  33|0x0000000764e00000, 0x0000000764e00000, 0x0000000765000000|  0%| F|  |TAMS 0x0000000764e00000, 0x0000000764e00000| Untracked 
|  34|0x0000000765000000, 0x0000000765000000, 0x0000000765200000|  0%| F|  |TAMS 0x0000000765000000, 0x0000000765000000| Untracked 
|  35|0x0000000765200000, 0x0000000765200000, 0x0000000765400000|  0%| F|  |TAMS 0x0000000765200000, 0x0000000765200000| Untracked 
|  36|0x0000000765400000, 0x0000000765400000, 0x0000000765600000|  0%| F|  |TAMS 0x0000000765400000, 0x0000000765400000| Untracked 
|  37|0x0000000765600000, 0x0000000765600000, 0x0000000765800000|  0%| F|  |TAMS 0x0000000765600000, 0x0000000765600000| Untracked 
|  38|0x0000000765800000, 0x0000000765800000, 0x0000000765a00000|  0%| F|  |TAMS 0x0000000765800000, 0x0000000765800000| Untracked 
|  39|0x0000000765a00000, 0x0000000765a00000, 0x0000000765c00000|  0%| F|  |TAMS 0x0000000765a00000, 0x0000000765a00000| Untracked 
|  40|0x0000000765c00000, 0x0000000765e00000, 0x0000000765e00000|100%| E|  |TAMS 0x0000000765c00000, 0x0000000765c00000| Complete 
|  41|0x0000000765e00000, 0x0000000766000000, 0x0000000766000000|100%| E|CS|TAMS 0x0000000765e00000, 0x0000000765e00000| Complete 
|  42|0x0000000766000000, 0x0000000766200000, 0x0000000766200000|100%| E|CS|TAMS 0x0000000766000000, 0x0000000766000000| Complete 
|  43|0x0000000766200000, 0x0000000766400000, 0x0000000766400000|100%| E|CS|TAMS 0x0000000766200000, 0x0000000766200000| Complete 
|  44|0x0000000766400000, 0x0000000766600000, 0x0000000766600000|100%| E|CS|TAMS 0x0000000766400000, 0x0000000766400000| Complete 
|  45|0x0000000766600000, 0x0000000766800000, 0x0000000766800000|100%| E|CS|TAMS 0x0000000766600000, 0x0000000766600000| Complete 
|  46|0x0000000766800000, 0x0000000766a00000, 0x0000000766a00000|100%| E|CS|TAMS 0x0000000766800000, 0x0000000766800000| Complete 
|  47|0x0000000766a00000, 0x0000000766c00000, 0x0000000766c00000|100%| E|CS|TAMS 0x0000000766a00000, 0x0000000766a00000| Complete 
|  48|0x0000000766c00000, 0x0000000766e00000, 0x0000000766e00000|100%| E|CS|TAMS 0x0000000766c00000, 0x0000000766c00000| Complete 
|  49|0x0000000766e00000, 0x0000000767000000, 0x0000000767000000|100%| E|CS|TAMS 0x0000000766e00000, 0x0000000766e00000| Complete 
|  50|0x0000000767000000, 0x0000000767200000, 0x0000000767200000|100%| E|CS|TAMS 0x0000000767000000, 0x0000000767000000| Complete 
|  51|0x0000000767200000, 0x0000000767400000, 0x0000000767400000|100%| E|CS|TAMS 0x0000000767200000, 0x0000000767200000| Complete 
|  52|0x0000000767400000, 0x0000000767600000, 0x0000000767600000|100%| E|CS|TAMS 0x0000000767400000, 0x0000000767400000| Complete 
|  53|0x0000000767600000, 0x0000000767800000, 0x0000000767800000|100%| E|CS|TAMS 0x0000000767600000, 0x0000000767600000| Complete 
|  54|0x0000000767800000, 0x0000000767a00000, 0x0000000767a00000|100%| E|CS|TAMS 0x0000000767800000, 0x0000000767800000| Complete 
|  55|0x0000000767a00000, 0x0000000767c00000, 0x0000000767c00000|100%| E|CS|TAMS 0x0000000767a00000, 0x0000000767a00000| Complete 
|  56|0x0000000767c00000, 0x0000000767e00000, 0x0000000767e00000|100%| E|CS|TAMS 0x0000000767c00000, 0x0000000767c00000| Complete 
|  57|0x0000000767e00000, 0x0000000768000000, 0x0000000768000000|100%| E|CS|TAMS 0x0000000767e00000, 0x0000000767e00000| Complete 
|  58|0x0000000768000000, 0x0000000768200000, 0x0000000768200000|100%| E|CS|TAMS 0x0000000768000000, 0x0000000768000000| Complete 
|  59|0x0000000768200000, 0x0000000768400000, 0x0000000768400000|100%| E|CS|TAMS 0x0000000768200000, 0x0000000768200000| Complete 
|  60|0x0000000768400000, 0x0000000768600000, 0x0000000768600000|100%| E|CS|TAMS 0x0000000768400000, 0x0000000768400000| Complete 
|  61|0x0000000768600000, 0x0000000768800000, 0x0000000768800000|100%| E|CS|TAMS 0x0000000768600000, 0x0000000768600000| Complete 
|  62|0x0000000768800000, 0x0000000768a00000, 0x0000000768a00000|100%| E|CS|TAMS 0x0000000768800000, 0x0000000768800000| Complete 
|  63|0x0000000768a00000, 0x0000000768ba83d0, 0x0000000768c00000| 82%| S|CS|TAMS 0x0000000768a00000, 0x0000000768a00000| Complete 
|  64|0x0000000768c00000, 0x0000000768e00000, 0x0000000768e00000|100%| E|CS|TAMS 0x0000000768c00000, 0x0000000768c00000| Complete 
|  65|0x0000000768e00000, 0x0000000769000000, 0x0000000769000000|100%| E|CS|TAMS 0x0000000768e00000, 0x0000000768e00000| Complete 
|  66|0x0000000769000000, 0x0000000769200000, 0x0000000769200000|100%| E|CS|TAMS 0x0000000769000000, 0x0000000769000000| Complete 
|  67|0x0000000769200000, 0x0000000769400000, 0x0000000769400000|100%| E|CS|TAMS 0x0000000769200000, 0x0000000769200000| Complete 
|  68|0x0000000769400000, 0x0000000769600000, 0x0000000769600000|100%| E|CS|TAMS 0x0000000769400000, 0x0000000769400000| Complete 
|  69|0x0000000769600000, 0x0000000769800000, 0x0000000769800000|100%| E|CS|TAMS 0x0000000769600000, 0x0000000769600000| Complete 
|  70|0x0000000769800000, 0x0000000769a00000, 0x0000000769a00000|100%| E|CS|TAMS 0x0000000769800000, 0x0000000769800000| Complete 
|  71|0x0000000769a00000, 0x0000000769c00000, 0x0000000769c00000|100%| E|CS|TAMS 0x0000000769a00000, 0x0000000769a00000| Complete 
|  72|0x0000000769c00000, 0x0000000769e00000, 0x0000000769e00000|100%| E|CS|TAMS 0x0000000769c00000, 0x0000000769c00000| Complete 
|  73|0x0000000769e00000, 0x000000076a000000, 0x000000076a000000|100%| E|CS|TAMS 0x0000000769e00000, 0x0000000769e00000| Complete 
|  74|0x000000076a000000, 0x000000076a200000, 0x000000076a200000|100%| E|CS|TAMS 0x000000076a000000, 0x000000076a000000| Complete 
|  75|0x000000076a200000, 0x000000076a400000, 0x000000076a400000|100%| E|CS|TAMS 0x000000076a200000, 0x000000076a200000| Complete 
|  76|0x000000076a400000, 0x000000076a600000, 0x000000076a600000|100%| E|CS|TAMS 0x000000076a400000, 0x000000076a400000| Complete 
|  77|0x000000076a600000, 0x000000076a800000, 0x000000076a800000|100%| E|CS|TAMS 0x000000076a600000, 0x000000076a600000| Complete 
|  78|0x000000076a800000, 0x000000076aa00000, 0x000000076aa00000|100%| E|CS|TAMS 0x000000076a800000, 0x000000076a800000| Complete 
|  79|0x000000076aa00000, 0x000000076ac00000, 0x000000076ac00000|100%| E|CS|TAMS 0x000000076aa00000, 0x000000076aa00000| Complete 

Card table byte_map: [0x000001d152440000,0x000001d152940000] _byte_map_base: 0x000001d14e93a000

Marking Bits (Prev, Next): (CMBitMap*) 0x000001d13b4c97f0, (CMBitMap*) 0x000001d13b4c9830
 Prev Bits: [0x000001d152e40000, 0x000001d155610000)
 Next Bits: [0x000001d155610000, 0x000001d157de0000)

Polling page: 0x000001d139480000

Metaspace:

Usage:
  Non-class:     15.27 MB used.
      Class:      1.98 MB used.
       Both:     17.26 MB used.

Virtual space:
  Non-class space:       16.00 MB reserved,      15.38 MB ( 96%) committed,  2 nodes.
      Class space:        1.00 GB reserved,       2.12 MB ( <1%) committed,  1 nodes.
              Both:        1.02 GB reserved,      17.50 MB (  2%) committed. 

Chunk freelists:
   Non-Class:  48.00 KB
       Class:  1.75 MB
        Both:  1.80 MB

MaxMetaspaceSize: 17179869184.00 GB
CompressedClassSpaceSize: 1.00 GB
 - commit_granule_bytes: 65536.
 - commit_granule_words: 8192.
 - virtual_space_node_default_size: 1048576.
 - enlarge_chunks_in_place: 1.
 - new_chunks_are_fully_committed: 0.
 - uncommit_free_chunks: 1.
 - use_allocation_guard: 0.
 - handle_deallocations: 1.


Internal statistics:

num_allocs_failed_limit: 0.
num_arena_births: 100.
num_arena_deaths: 0.
num_vsnodes_births: 3.
num_vsnodes_deaths: 0.
num_space_committed: 280.
num_space_uncommitted: 0.
num_chunks_returned_to_freelist: 0.
num_chunks_taken_from_freelist: 694.
num_chunk_merges: 0.
num_chunk_splits: 524.
num_chunks_enlarged: 419.
num_purges: 0.

CodeHeap 'non-profiled nmethods': size=120000Kb used=1729Kb max_used=1729Kb free=118270Kb
 bounds [0x000001d14a6e0000, 0x000001d14a950000, 0x000001d151c10000]
CodeHeap 'profiled nmethods': size=120000Kb used=7187Kb max_used=7187Kb free=112812Kb
 bounds [0x000001d1431b0000, 0x000001d1438c0000, 0x000001d14a6e0000]
CodeHeap 'non-nmethods': size=5760Kb used=1212Kb max_used=1255Kb free=4547Kb
 bounds [0x000001d142c10000, 0x000001d142e80000, 0x000001d1431b0000]
 total_blobs=4100 nmethods=3595 adapters=417
 compilation: enabled
              stopped_count=0, restarted_count=0
 full_count=0

Compilation events (20 events):
Event: 2.949 Thread 0x000001d15a80bb60 nmethod 3580 0x000001d1438ace10 code [0x000001d1438acfc0, 0x000001d1438ad108]
Event: 2.959 Thread 0x000001d15b7308a0 3583       4       java.lang.String::regionMatches (189 bytes)
Event: 2.960 Thread 0x000001d15a80bb60 3584   !   3       jdk.internal.jimage.BasicImageReader::getResourceBuffer (203 bytes)
Event: 2.962 Thread 0x000001d15a80bb60 nmethod 3584 0x000001d1438ad190 code [0x000001d1438ad5a0, 0x000001d1438aef08]
Event: 2.962 Thread 0x000001d15a80bb60 3586       3       jdk.internal.module.SystemModuleFinders$SystemModuleReader::release (10 bytes)
Event: 2.963 Thread 0x000001d15a80bb60 nmethod 3586 0x000001d1438afa10 code [0x000001d1438afc00, 0x000001d1438b0098]
Event: 2.963 Thread 0x000001d15a80bb60 3587       3       jdk.internal.jimage.ImageReader::releaseByteBuffer (5 bytes)
Event: 2.963 Thread 0x000001d15b7308a0 nmethod 3583 0x000001d14a88fa10 code [0x000001d14a88fba0, 0x000001d14a88fe98]
Event: 2.963 Thread 0x000001d15a80bb60 nmethod 3587 0x000001d1438b0290 code [0x000001d1438b0460, 0x000001d1438b0728]
Event: 2.963 Thread 0x000001d15a80bb60 3588       3       jdk.internal.jimage.BasicImageReader::releaseByteBuffer (16 bytes)
Event: 2.963 Thread 0x000001d15a80bb60 nmethod 3588 0x000001d1438b0890 code [0x000001d1438b0a40, 0x000001d1438b0ca8]
Event: 2.963 Thread 0x000001d15a80bb60 3589       3       sun.invoke.util.BytecodeDescriptor::unparseSig (49 bytes)
Event: 2.964 Thread 0x000001d15a80bb60 nmethod 3589 0x000001d1438b0d90 code [0x000001d1438b0fc0, 0x000001d1438b14e8]
Event: 2.968 Thread 0x000001d15b7308a0 3590       4       java.lang.invoke.MethodType::parameterCount (6 bytes)
Event: 2.969 Thread 0x000001d15b7308a0 nmethod 3590 0x000001d14a890110 code [0x000001d14a8902a0, 0x000001d14a890338]
Event: 2.974 Thread 0x000001d15a80bb60 3591       3       java.lang.ClassLoader::defineClass (108 bytes)
Event: 2.975 Thread 0x000001d15a80bb60 nmethod 3591 0x000001d1438b1710 code [0x000001d1438b1a00, 0x000001d1438b2a58]
Event: 2.976 Thread 0x000001d15b7308a0 3592       4       jdk.internal.jimage.BasicImageReader::getString (49 bytes)
Event: 2.986 Thread 0x000001d15a7f4570 3593       4       java.nio.MappedByteBuffer::rewind (5 bytes)
Event: 2.986 Thread 0x000001d15a7f4570 nmethod 3593 0x000001d14a890410 code [0x000001d14a890580, 0x000001d14a890618]

GC Heap History (4 events):
Event: 0.652 GC heap before
{Heap before GC invocations=0 (full 0):
 garbage-first heap   total 163840K, used 22528K [0x0000000760c00000, 0x0000000800000000)
  region size 2048K, 11 young (22528K), 0 survivors (0K)
 Metaspace       used 4976K, committed 5120K, reserved 1056768K
  class space    used 565K, committed 640K, reserved 1048576K
}
Event: 0.657 GC heap after
{Heap after GC invocations=1 (full 0):
 garbage-first heap   total 163840K, used 3643K [0x0000000760c00000, 0x0000000800000000)
  region size 2048K, 2 young (4096K), 2 survivors (4096K)
 Metaspace       used 4976K, committed 5120K, reserved 1056768K
  class space    used 565K, committed 640K, reserved 1048576K
}
Event: 1.219 GC heap before
{Heap before GC invocations=1 (full 0):
 garbage-first heap   total 163840K, used 32315K [0x0000000760c00000, 0x0000000800000000)
  region size 2048K, 16 young (32768K), 2 survivors (4096K)
 Metaspace       used 9293K, committed 9408K, reserved 1064960K
  class space    used 1114K, committed 1152K, reserved 1048576K
}
Event: 1.225 GC heap after
{Heap after GC invocations=2 (full 0):
 garbage-first heap   total 163840K, used 5157K [0x0000000760c00000, 0x0000000800000000)
  region size 2048K, 1 young (2048K), 1 survivors (2048K)
 Metaspace       used 9293K, committed 9408K, reserved 1064960K
  class space    used 1114K, committed 1152K, reserved 1048576K
}

Deoptimization events (20 events):
Event: 2.788 Thread 0x000001d13b48ae30 Uncommon trap: trap_request=0xffffff45 fr.pc=0x000001d14a79ee64 relative=0x0000000000001484
Event: 2.788 Thread 0x000001d13b48ae30 Uncommon trap: reason=unstable_if action=reinterpret pc=0x000001d14a79ee64 method=jdk.internal.jimage.BasicImageReader.findLocation(Ljava/lang/String;Ljava/lang/String;)Ljdk/internal/jimage/ImageLocation; @ 96 c2
Event: 2.788 Thread 0x000001d13b48ae30 DEOPT PACKING pc=0x000001d14a79ee64 sp=0x0000008654cfd6d0
Event: 2.788 Thread 0x000001d13b48ae30 DEOPT UNPACKING pc=0x000001d142c5d72e sp=0x0000008654cfd620 mode 2
Event: 2.788 Thread 0x000001d13b48ae30 Uncommon trap: trap_request=0xffffff45 fr.pc=0x000001d14a76307c relative=0x00000000000005bc
Event: 2.788 Thread 0x000001d13b48ae30 Uncommon trap: reason=unstable_if action=reinterpret pc=0x000001d14a76307c method=java.nio.Buffer.limit(I)Ljava/nio/Buffer; @ 42 c2
Event: 2.788 Thread 0x000001d13b48ae30 DEOPT PACKING pc=0x000001d14a76307c sp=0x0000008654cfd550
Event: 2.788 Thread 0x000001d13b48ae30 DEOPT UNPACKING pc=0x000001d142c5d72e sp=0x0000008654cfd3a8 mode 2
Event: 2.790 Thread 0x000001d13b48ae30 Uncommon trap: trap_request=0xffffff45 fr.pc=0x000001d14a735b48 relative=0x00000000000000a8
Event: 2.790 Thread 0x000001d13b48ae30 Uncommon trap: reason=unstable_if action=reinterpret pc=0x000001d14a735b48 method=java.nio.Buffer.limit(I)Ljava/nio/Buffer; @ 42 c2
Event: 2.790 Thread 0x000001d13b48ae30 DEOPT PACKING pc=0x000001d14a735b48 sp=0x0000008654cf8e40
Event: 2.790 Thread 0x000001d13b48ae30 DEOPT UNPACKING pc=0x000001d142c5d72e sp=0x0000008654cf8dc8 mode 2
Event: 2.887 Thread 0x000001d13b48ae30 Uncommon trap: trap_request=0xffffff45 fr.pc=0x000001d14a7a400c relative=0x000000000000006c
Event: 2.887 Thread 0x000001d13b48ae30 Uncommon trap: reason=unstable_if action=reinterpret pc=0x000001d14a7a400c method=jdk.internal.module.SystemModuleFinders$SystemModuleReader.find(Ljava/lang/String;)Ljava/util/Optional; @ 7 c2
Event: 2.887 Thread 0x000001d13b48ae30 DEOPT PACKING pc=0x000001d14a7a400c sp=0x0000008654cfc380
Event: 2.887 Thread 0x000001d13b48ae30 DEOPT UNPACKING pc=0x000001d142c5d72e sp=0x0000008654cfc300 mode 2
Event: 2.905 Thread 0x000001d13b48ae30 Uncommon trap: trap_request=0xffffff45 fr.pc=0x000001d14a7442c0 relative=0x0000000000000040
Event: 2.905 Thread 0x000001d13b48ae30 Uncommon trap: reason=unstable_if action=reinterpret pc=0x000001d14a7442c0 method=sun.nio.fs.WindowsPathParser.isSlash(C)Z @ 9 c2
Event: 2.905 Thread 0x000001d13b48ae30 DEOPT PACKING pc=0x000001d14a7442c0 sp=0x0000008654cfc880
Event: 2.905 Thread 0x000001d13b48ae30 DEOPT UNPACKING pc=0x000001d142c5d72e sp=0x0000008654cfc808 mode 2

Classes unloaded (0 events):
No events

Classes redefined (0 events):
No events

Internal exceptions (20 events):
Event: 0.536 Thread 0x000001d13b48ae30 Exception <a 'java/lang/NoSuchMethodError'{0x0000000769d216f0}: 'java.lang.Object java.lang.invoke.DirectMethodHandle$Holder.newInvokeSpecial(java.lang.Object, java.lang.Object, java.lang.Object, java.lang.Object, java.lang.Object)'> (0x0000000769d216f0) 
thrown [t:\workspace\open\src\hotspot\share\interpreter\linkResolver.cpp, line 790]
Event: 1.323 Thread 0x000001d13b48ae30 Exception <a 'java/lang/NoClassDefFoundError'{0x000000076a6211c0}: com/google/inject/servlet/ServletModuleTargetVisitor> (0x000000076a6211c0) 
thrown [t:\workspace\open\src\hotspot\share\classfile\systemDictionary.cpp, line 245]
Event: 1.323 Thread 0x000001d13b48ae30 Exception <a 'java/lang/NoClassDefFoundError'{0x000000076a622ac0}: javax/annotation/Priority> (0x000000076a622ac0) 
thrown [t:\workspace\open\src\hotspot\share\classfile\systemDictionary.cpp, line 245]
Event: 1.399 Thread 0x000001d13b48ae30 Exception <a 'java/lang/NoSuchMethodError'{0x000000076a76b6d0}: 'java.lang.Object java.lang.invoke.DirectMethodHandle$Holder.invokeStatic(java.lang.Object)'> (0x000000076a76b6d0) 
thrown [t:\workspace\open\src\hotspot\share\interpreter\linkResolver.cpp, line 790]
Event: 1.402 Thread 0x000001d13b48ae30 Exception <a 'java/lang/NoSuchMethodError'{0x000000076a7767d8}: 'java.lang.Object java.lang.invoke.DirectMethodHandle$Holder.invokeStaticInit(java.lang.Object, int, int, int, int)'> (0x000000076a7767d8) 
thrown [t:\workspace\open\src\hotspot\share\interpreter\linkResolver.cpp, line 790]
Event: 1.663 Thread 0x000001d13b48ae30 Implicit null exception at 0x000001d14a786090 to 0x000001d14a786488
Event: 1.665 Thread 0x000001d13b48ae30 Implicit null exception at 0x000001d14a75378b to 0x000001d14a753b14
Event: 2.000 Thread 0x000001d13b48ae30 Implicit null exception at 0x000001d14a77a78b to 0x000001d14a77ab2c
Event: 2.000 Thread 0x000001d13b48ae30 Implicit null exception at 0x000001d14a7d54ce to 0x000001d14a7d5958
Event: 2.876 Thread 0x000001d13b48ae30 Exception <a 'java/lang/NoSuchMethodError'{0x0000000765e9dc60}: 'java.lang.Object java.lang.invoke.DirectMethodHandle$Holder.invokeVirtual(java.lang.Object, java.lang.Object, java.lang.Object)'> (0x0000000765e9dc60) 
thrown [t:\workspace\open\src\hotspot\share\interpreter\linkResolver.cpp, line 790]
Event: 2.880 Thread 0x000001d13b48ae30 Exception <a 'java/lang/NoSuchMethodError'{0x0000000765ea9a60}: 'int java.lang.invoke.DirectMethodHandle$Holder.invokeInterface(java.lang.Object, java.lang.Object)'> (0x0000000765ea9a60) 
thrown [t:\workspace\open\src\hotspot\share\interpreter\linkResolver.cpp, line 790]
Event: 2.906 Thread 0x000001d13b48ae30 Exception <a 'sun/nio/fs/WindowsException'{0x0000000765fa0360}> (0x0000000765fa0360) 
thrown [t:\workspace\open\src\hotspot\share\prims\jni.cpp, line 579]
Event: 2.918 Thread 0x000001d13b48ae30 Exception <a 'sun/nio/fs/WindowsException'{0x0000000765fe4600}> (0x0000000765fe4600) 
thrown [t:\workspace\open\src\hotspot\share\prims\jni.cpp, line 579]
Event: 2.919 Thread 0x000001d13b48ae30 Exception <a 'sun/nio/fs/WindowsException'{0x0000000765fe4e50}> (0x0000000765fe4e50) 
thrown [t:\workspace\open\src\hotspot\share\prims\jni.cpp, line 579]
Event: 2.919 Thread 0x000001d13b48ae30 Exception <a 'sun/nio/fs/WindowsException'{0x0000000765fe59e0}> (0x0000000765fe59e0) 
thrown [t:\workspace\open\src\hotspot\share\prims\jni.cpp, line 579]
Event: 2.919 Thread 0x000001d13b48ae30 Exception <a 'sun/nio/fs/WindowsException'{0x0000000765fe5d40}> (0x0000000765fe5d40) 
thrown [t:\workspace\open\src\hotspot\share\prims\jni.cpp, line 579]
Event: 2.920 Thread 0x000001d13b48ae30 Exception <a 'sun/nio/fs/WindowsException'{0x0000000765fe8760}> (0x0000000765fe8760) 
thrown [t:\workspace\open\src\hotspot\share\prims\jni.cpp, line 579]
Event: 2.920 Thread 0x000001d13b48ae30 Exception <a 'sun/nio/fs/WindowsException'{0x0000000765fe89a0}> (0x0000000765fe89a0) 
thrown [t:\workspace\open\src\hotspot\share\prims\jni.cpp, line 579]
Event: 2.927 Thread 0x000001d13b48ae30 Exception <a 'java/lang/NoSuchMethodError'{0x0000000765ffa3b0}: 'int java.lang.invoke.DirectMethodHandle$Holder.invokeVirtual(java.lang.Object, java.lang.Object, java.lang.Object)'> (0x0000000765ffa3b0) 
thrown [t:\workspace\open\src\hotspot\share\interpreter\linkResolver.cpp, line 790]
Event: 2.928 Thread 0x000001d13b48ae30 Exception <a 'java/lang/NoSuchMethodError'{0x0000000765c01460}: 'void java.lang.invoke.DirectMethodHandle$Holder.invokeInterface(java.lang.Object, java.lang.Object, java.lang.Object)'> (0x0000000765c01460) 
thrown [t:\workspace\open\src\hotspot\share\interpreter\linkResolver.cpp, line 790]

Events (20 events):
Event: 2.925 loading class java/util/stream/Node$OfPrimitive done
Event: 2.925 loading class java/util/stream/Node$OfInt done
Event: 2.925 loading class java/util/stream/Nodes$EmptyNode$OfInt done
Event: 2.925 loading class java/util/stream/Nodes$EmptyNode$OfLong
Event: 2.925 loading class java/util/stream/Node$OfLong
Event: 2.925 loading class java/util/stream/Node$OfLong done
Event: 2.925 loading class java/util/stream/Nodes$EmptyNode$OfLong done
Event: 2.925 loading class java/util/stream/Nodes$EmptyNode$OfDouble
Event: 2.925 loading class java/util/stream/Node$OfDouble
Event: 2.925 loading class java/util/stream/Node$OfDouble done
Event: 2.925 loading class java/util/stream/Nodes$EmptyNode$OfDouble done
Event: 2.925 loading class java/util/stream/Nodes$FixedNodeBuilder
Event: 2.925 loading class java/util/stream/Node$Builder
Event: 2.925 loading class java/util/stream/Node$Builder done
Event: 2.925 loading class java/util/stream/Nodes$ArrayNode
Event: 2.925 loading class java/util/stream/Nodes$ArrayNode done
Event: 2.925 loading class java/util/stream/Nodes$FixedNodeBuilder done
Event: 2.943 Thread 0x000001d15cb8fab0 Thread exited: 0x000001d15cb8fab0
Event: 2.971 loading class java/nio/file/ClosedFileSystemException
Event: 2.971 loading class java/nio/file/ClosedFileSystemException done


Dynamic libraries:
0x00007ff646410000 - 0x00007ff646420000 	C:\Program Files\Java\jdk-16.0.2\bin\java.exe
0x00007ffb86a10000 - 0x00007ffb86c05000 	C:\WINDOWS\SYSTEM32\ntdll.dll
0x00007ffb86840000 - 0x00007ffb868fd000 	C:\WINDOWS\System32\KERNEL32.DLL
0x00007ffb84140000 - 0x00007ffb84409000 	C:\WINDOWS\System32\KERNELBASE.dll
0x00007ffb84440000 - 0x00007ffb84540000 	C:\WINDOWS\System32\ucrtbase.dll
0x00007ffb7fcb0000 - 0x00007ffb7fcc9000 	C:\Program Files\Java\jdk-16.0.2\bin\VCRUNTIME140.dll
0x00007ffb73250000 - 0x00007ffb73268000 	C:\Program Files\Java\jdk-16.0.2\bin\jli.dll
0x00007ffb86150000 - 0x00007ffb861fc000 	C:\WINDOWS\System32\ADVAPI32.dll
0x00007ffb863b0000 - 0x00007ffb8644e000 	C:\WINDOWS\System32\msvcrt.dll
0x00007ffb86450000 - 0x00007ffb864eb000 	C:\WINDOWS\System32\sechost.dll
0x00007ffb86200000 - 0x00007ffb8632a000 	C:\WINDOWS\System32\RPCRT4.dll
0x00007ffb85f00000 - 0x00007ffb860a0000 	C:\WINDOWS\System32\USER32.dll
0x00007ffb73c30000 - 0x00007ffb73eca000 	C:\WINDOWS\WinSxS\amd64_microsoft.windows.common-controls_6595b64144ccf1df_6.0.19041.1110_none_60b5254171f9507e\COMCTL32.dll
0x00007ffb84410000 - 0x00007ffb84432000 	C:\WINDOWS\System32\win32u.dll
0x00007ffb86810000 - 0x00007ffb8683a000 	C:\WINDOWS\System32\GDI32.dll
0x00007ffb84860000 - 0x00007ffb8496b000 	C:\WINDOWS\System32\gdi32full.dll
0x00007ffb84540000 - 0x00007ffb845dd000 	C:\WINDOWS\System32\msvcp_win.dll
0x00007ffb7d310000 - 0x00007ffb7d31a000 	C:\WINDOWS\SYSTEM32\VERSION.dll
0x00007ffb85b10000 - 0x00007ffb85b40000 	C:\WINDOWS\System32\IMM32.DLL
0x00007ffb78260000 - 0x00007ffb7826c000 	C:\Program Files\Java\jdk-16.0.2\bin\vcruntime140_1.dll
0x00007ffb5aec0000 - 0x00007ffb5af51000 	C:\Program Files\Java\jdk-16.0.2\bin\msvcp140.dll
0x00007ffb56690000 - 0x00007ffb5723b000 	C:\Program Files\Java\jdk-16.0.2\bin\server\jvm.dll
0x00007ffb86900000 - 0x00007ffb86908000 	C:\WINDOWS\System32\PSAPI.DLL
0x00007ffb7a910000 - 0x00007ffb7a937000 	C:\WINDOWS\SYSTEM32\WINMM.dll
0x00007ffb7fbc0000 - 0x00007ffb7fbc9000 	C:\WINDOWS\SYSTEM32\WSOCK32.dll
0x00007ffb86340000 - 0x00007ffb863ab000 	C:\WINDOWS\System32\WS2_32.dll
0x00007ffb82050000 - 0x00007ffb82062000 	C:\WINDOWS\SYSTEM32\kernel.appcore.dll
0x00007ffb6fdd0000 - 0x00007ffb6fdda000 	C:\Program Files\Java\jdk-16.0.2\bin\jimage.dll
0x00007ffb70d70000 - 0x00007ffb70f54000 	C:\WINDOWS\SYSTEM32\DBGHELP.DLL
0x00007ffb70d40000 - 0x00007ffb70d6c000 	C:\WINDOWS\SYSTEM32\dbgcore.DLL
0x00007ffb84640000 - 0x00007ffb846c3000 	C:\WINDOWS\System32\bcryptPrimitives.dll
0x00007ffb62e10000 - 0x00007ffb62e35000 	C:\Program Files\Java\jdk-16.0.2\bin\java.dll
0x00007ffb84f40000 - 0x00007ffb8567f000 	C:\WINDOWS\System32\SHELL32.dll
0x00007ffb82250000 - 0x00007ffb829e0000 	C:\WINDOWS\SYSTEM32\windows.storage.dll
0x00007ffb85ba0000 - 0x00007ffb85ef5000 	C:\WINDOWS\System32\combase.dll
0x00007ffb83ad0000 - 0x00007ffb83afc000 	C:\WINDOWS\SYSTEM32\Wldp.dll
0x00007ffb84af0000 - 0x00007ffb84b9e000 	C:\WINDOWS\System32\SHCORE.dll
0x00007ffb84a70000 - 0x00007ffb84ac5000 	C:\WINDOWS\System32\shlwapi.dll
0x00007ffb84080000 - 0x00007ffb8409f000 	C:\WINDOWS\SYSTEM32\profapi.dll
0x00007ffb6f490000 - 0x00007ffb6f4a9000 	C:\Program Files\Java\jdk-16.0.2\bin\net.dll
0x00007ffb78780000 - 0x00007ffb78888000 	C:\WINDOWS\SYSTEM32\WINHTTP.dll
0x00007ffb83830000 - 0x00007ffb8389a000 	C:\WINDOWS\system32\mswsock.dll
0x00007ffb6e870000 - 0x00007ffb6e883000 	C:\Program Files\Java\jdk-16.0.2\bin\nio.dll
0x00007ffb6c650000 - 0x00007ffb6c668000 	C:\Program Files\Java\jdk-16.0.2\bin\zip.dll
0x0000000069ac0000 - 0x0000000069ae4000 	C:\Users\andre\AppData\Local\Temp\jansi-2.3.4-978a7aa16a9ac7b2-jansi.dll
0x00007ffb6fb20000 - 0x00007ffb6fb30000 	C:\Program Files\Java\jdk-16.0.2\bin\verify.dll

dbghelp: loaded successfully - version: 4.0.5 - missing functions: none
symbol engine: initialized successfully - sym options: 0x614 - pdb path: .;C:\Program Files\Java\jdk-16.0.2\bin;C:\WINDOWS\SYSTEM32;C:\WINDOWS\WinSxS\amd64_microsoft.windows.common-controls_6595b64144ccf1df_6.0.19041.1110_none_60b5254171f9507e;C:\Program Files\Java\jdk-16.0.2\bin\server;C:\Users\andre\AppData\Local\Temp

VM Arguments:
jvm_args: -Dclassworlds.conf=D:\Desarrollo\apache-maven-3.8.2\bin\m2.conf -Dmaven.home=D:\Desarrollo\apache-maven-3.8.2 -Dmaven.multiModuleProjectDirectory=C:\Users\andre\Documents\Codigo\Servicios\Taller_2_Parte_1\RestClient 
java_command: org.codehaus.plexus.classworlds.launcher.Launcher clean install
java_class_path (initial): D:\Desarrollo\apache-maven-3.8.2\boot\plexus-classworlds-2.6.0.jar
Launcher Type: SUN_STANDARD

[Global flags]
     intx CICompilerCount                          = 4                                         {product} {ergonomic}
     uint ConcGCThreads                            = 2                                         {product} {ergonomic}
     uint G1ConcRefinementThreads                  = 8                                         {product} {ergonomic}
   size_t G1HeapRegionSize                         = 2097152                                   {product} {ergonomic}
    uintx GCDrainStackTargetSize                   = 64                                        {product} {ergonomic}
   size_t InitialHeapSize                          = 167772160                                 {product} {ergonomic}
   size_t MarkStackSize                            = 4194304                                   {product} {ergonomic}
   size_t MaxHeapSize                              = 2671771648                                {product} {ergonomic}
   size_t MaxNewSize                               = 1602224128                                {product} {ergonomic}
   size_t MinHeapDeltaBytes                        = 2097152                                   {product} {ergonomic}
   size_t MinHeapSize                              = 8388608                                   {product} {ergonomic}
    uintx NonNMethodCodeHeapSize                   = 5839372                                {pd product} {ergonomic}
    uintx NonProfiledCodeHeapSize                  = 122909434                              {pd product} {ergonomic}
    uintx ProfiledCodeHeapSize                     = 122909434                              {pd product} {ergonomic}
    uintx ReservedCodeCacheSize                    = 251658240                              {pd product} {ergonomic}
     bool SegmentedCodeCache                       = true                                      {product} {ergonomic}
   size_t SoftMaxHeapSize                          = 2671771648                             {manageable} {ergonomic}
     bool UseCompressedClassPointers               = true                           {product lp64_product} {ergonomic}
     bool UseCompressedOops                        = true                           {product lp64_product} {ergonomic}
     bool UseG1GC                                  = true                                      {product} {ergonomic}
     bool UseLargePagesIndividualAllocation        = false                                  {pd product} {ergonomic}

Logging:
Log output configuration:
 #0: stdout all=warning uptime,level,tags
 #1: stderr all=off uptime,level,tags

Environment Variables:
PATH=C:\Program Files\Common Files\Oracle\Java\javapath;C:\ProgramData\Oracle\Java\javapath;C:\Program Files (x86)\NVIDIA Corporation\PhysX\Common;C:\Program Files (x86)\Common Files\Oracle\Java\javapath;C:\WINDOWS\system32;C:\WINDOWS;C:\WINDOWS\System32\Wbem;C:\WINDOWS\System32\WindowsPowerShell\v1.0\;C:\WINDOWS\System32\OpenSSH\;C:\Program Files\dotnet\;D:\Git\cmd;D:\NodeJs\;D:\Desarrollo\apache-maven-3.8.2\bin;C:\Users\andre\AppData\Local\Microsoft\WindowsApps;C:\Users\andre\.dotnet\tools;C:\Users\andre\AppData\Local\Programs\Microsoft VS Code\bin;C:\Users\andre\AppData\Roaming\npm;D:\IntelliJ\IntelliJ IDEA Community Edition 2021.2.1\bin;
USERNAME=andre
OS=Windows_NT
PROCESSOR_IDENTIFIER=AMD64 Family 23 Model 24 Stepping 1, AuthenticAMD



---------------  S Y S T E M  ---------------

OS:
 Windows 10 , 64 bit Build 19041 (10.0.19041.1151)
OS uptime: 0 days 6:18 hours

CPU: total 8 (initial active 8) (8 cores per cpu, 2 threads per core) family 23 model 24 stepping 1 microcode 0x0, cx8, cmov, fxsr, ht, mmx, 3dnowpref, sse, sse2, sse3, ssse3, sse4a, sse4.1, sse4.2, popcnt, lzcnt, tsc, tscinvbit, avx, avx2, aes, clmul, bmi1, bmi2, adx, sha, fma, vzeroupper, clflush, clflushopt

Memory: 4k page, system-wide physical 10187M (1955M free)
TotalPageFile size 10187M (AvailPageFile size 5M)
current process WorkingSet (physical memory assigned to process): 169M, peak: 169M
current process commit charge ("private bytes"): 290M, peak: 290M

vm_info: Java HotSpot(TM) 64-Bit Server VM (16.0.2+7-67) for windows-amd64 JRE (16.0.2+7-67), built on Jun  8 2021 23:24:19 by "mach5one" with MS VC++ 16.7 (VS2019)

END.
