#
# There is insufficient memory for the Java Runtime Environment to continue.
# Native memory allocation (malloc) failed to allocate 1818800 bytes for Chunk::new
# Possible reasons:
#   The system is out of physical RAM or swap space
#   The process is running with CompressedOops enabled, and the Java Heap may be blocking the growth of the native heap
# Possible solutions:
#   Reduce memory load on the system
#   Increase physical memory or swap space
#   Check if swap backing store is full
#   Decrease Java heap size (-Xmx/-Xms)
#   Decrease number of Java threads
#   Decrease Java thread stack sizes (-Xss)
#   Set larger code cache with -XX:ReservedCodeCacheSize=
#   JVM is running with Zero Based Compressed Oops mode in which the Java heap is
#     placed in the first 32GB address space. The Java Heap base address is the
#     maximum limit for the native heap growth. Please use -XX:HeapBaseMinAddress
#     to set the Java Heap base and to place the Java Heap above 32GB virtual address.
# This output file may be truncated or incomplete.
#
#  Out of Memory Error (arena.cpp:195), pid=14952, tid=15036
#
# JRE version: Java(TM) SE Runtime Environment (16.0.2+7) (build 16.0.2+7-67)
# Java VM: Java HotSpot(TM) 64-Bit Server VM (16.0.2+7-67, mixed mode, sharing, tiered, compressed oops, compressed class ptrs, g1 gc, windows-amd64)
# No core dump will be written. Minidumps are not enabled by default on client versions of Windows
#

---------------  S U M M A R Y ------------

Command Line: C:\Users\andre\Documents\Codigo\Servicios\Taller_2_Parte_1\jerseyServer\target\surefire\surefirebooter6167015325458609016.jar C:\Users\andre\Documents\Codigo\Servicios\Taller_2_Parte_1\jerseyServer\target\surefire\surefire16126179043931728690tmp C:\Users\andre\Documents\Codigo\Servicios\Taller_2_Parte_1\jerseyServer\target\surefire\surefire_014189162501094780641tmp

Host: AMD Ryzen 5 3500U with Radeon Vega Mobile Gfx  , 8 cores, 9G,  Windows 10 , 64 bit Build 19041 (10.0.19041.1151)
Time: Sat Sep  4 15:47:59 2021 SA Pacific Standard Time elapsed time: 1.255681 seconds (0d 0h 0m 1s)

---------------  T H R E A D  ---------------

Current thread (0x0000022a405238a0):  JavaThread "C2 CompilerThread1" daemon [_thread_in_native, id=15036, stack(0x000000995bc00000,0x000000995bd00000)]


Current CompileTask:
C2:   1255 1234       4       jdk.internal.org.objectweb.asm.Frame::execute (2305 bytes)

Stack: [0x000000995bc00000,0x000000995bd00000]
Native frames: (J=compiled Java code, j=interpreted, Vv=VM code, C=native code)
V  [jvm.dll+0x6681ca]
V  [jvm.dll+0x7c9e69]
V  [jvm.dll+0x7cb61e]
V  [jvm.dll+0x7cbc73]
V  [jvm.dll+0x242c55]
V  [jvm.dll+0xadeba]
V  [jvm.dll+0xae45c]
V  [jvm.dll+0x35a8d7]
V  [jvm.dll+0x324de1]
V  [jvm.dll+0x32428a]
V  [jvm.dll+0x215cec]
V  [jvm.dll+0x215100]
V  [jvm.dll+0x1a1beb]
V  [jvm.dll+0x225158]
V  [jvm.dll+0x22319c]
V  [jvm.dll+0x77fa62]
V  [jvm.dll+0x7795aa]
V  [jvm.dll+0x667066]
C  [ucrtbase.dll+0x21bb2]
C  [KERNEL32.DLL+0x17034]
C  [ntdll.dll+0x52651]


---------------  P R O C E S S  ---------------

Threads class SMR info:
_java_thread_list=0x0000022a404dc730, length=13, elements={
0x0000022a206ea820, 0x0000022a3fa18f70, 0x0000022a3fa19e30, 0x0000022a3fa2b130,
0x0000022a3fa2dd40, 0x0000022a3fa30750, 0x0000022a3fa31150, 0x0000022a3fa41460,
0x0000022a3fa42eb0, 0x0000022a3fa45900, 0x0000022a404a62e0, 0x0000022a404a88c0,
0x0000022a405238a0
}

Java Threads: ( => current thread )
  0x0000022a206ea820 JavaThread "main" [_thread_in_vm, id=1468, stack(0x000000995a900000,0x000000995aa00000)]
  0x0000022a3fa18f70 JavaThread "Reference Handler" daemon [_thread_blocked, id=7964, stack(0x000000995b000000,0x000000995b100000)]
  0x0000022a3fa19e30 JavaThread "Finalizer" daemon [_thread_blocked, id=11200, stack(0x000000995b100000,0x000000995b200000)]
  0x0000022a3fa2b130 JavaThread "Signal Dispatcher" daemon [_thread_blocked, id=10308, stack(0x000000995b200000,0x000000995b300000)]
  0x0000022a3fa2dd40 JavaThread "Attach Listener" daemon [_thread_blocked, id=3612, stack(0x000000995b300000,0x000000995b400000)]
  0x0000022a3fa30750 JavaThread "Service Thread" daemon [_thread_blocked, id=13512, stack(0x000000995b400000,0x000000995b500000)]
  0x0000022a3fa31150 JavaThread "Monitor Deflation Thread" daemon [_thread_blocked, id=12476, stack(0x000000995b500000,0x000000995b600000)]
  0x0000022a3fa41460 JavaThread "C2 CompilerThread0" daemon [_thread_blocked, id=12588, stack(0x000000995b600000,0x000000995b700000)]
  0x0000022a3fa42eb0 JavaThread "C1 CompilerThread0" daemon [_thread_blocked, id=12808, stack(0x000000995b700000,0x000000995b800000)]
  0x0000022a3fa45900 JavaThread "Sweeper thread" daemon [_thread_blocked, id=9608, stack(0x000000995b800000,0x000000995b900000)]
  0x0000022a404a62e0 JavaThread "Notification Thread" daemon [_thread_blocked, id=2292, stack(0x000000995b900000,0x000000995ba00000)]
  0x0000022a404a88c0 JavaThread "Common-Cleaner" daemon [_thread_blocked, id=10852, stack(0x000000995bb00000,0x000000995bc00000)]
=>0x0000022a405238a0 JavaThread "C2 CompilerThread1" daemon [_thread_in_native, id=15036, stack(0x000000995bc00000,0x000000995bd00000)]

Other Threads:
  0x0000022a3fa14320 VMThread "VM Thread" [stack: 0x000000995af00000,0x000000995b000000] [id=2716]
  0x0000022a404a7c20 WatcherThread [stack: 0x000000995ba00000,0x000000995bb00000] [id=13636]
  0x0000022a20727f30 GCTaskThread "GC Thread#0" [stack: 0x000000995aa00000,0x000000995ab00000] [id=12824]
  0x0000022a410af040 GCTaskThread "GC Thread#1" [stack: 0x000000995bd00000,0x000000995be00000] [id=4672]
  0x0000022a410af350 GCTaskThread "GC Thread#2" [stack: 0x000000995be00000,0x000000995bf00000] [id=3800]
  0x0000022a410a3e00 GCTaskThread "GC Thread#3" [stack: 0x000000995bf00000,0x000000995c000000] [id=7256]
  0x0000022a410a4110 GCTaskThread "GC Thread#4" [stack: 0x000000995c000000,0x000000995c100000] [id=13916]
  0x0000022a40ca23f0 GCTaskThread "GC Thread#5" [stack: 0x000000995c100000,0x000000995c200000] [id=4100]
  0x0000022a20733ec0 ConcurrentGCThread "G1 Main Marker" [stack: 0x000000995ab00000,0x000000995ac00000] [id=13060]
  0x0000022a207350d0 ConcurrentGCThread "G1 Conc#0" [stack: 0x000000995ac00000,0x000000995ad00000] [id=11532]
  0x0000022a207c7790 ConcurrentGCThread "G1 Refine#0" [stack: 0x000000995ad00000,0x000000995ae00000] [id=13372]
  0x0000022a207c8210 ConcurrentGCThread "G1 Service" [stack: 0x000000995ae00000,0x000000995af00000] [id=12820]

Threads with active compile tasks:
C2 CompilerThread0     1276 1399       4       java.util.Objects::equals (23 bytes)
C2 CompilerThread1     1276 1234       4       jdk.internal.org.objectweb.asm.Frame::execute (2305 bytes)

VM state: not at safepoint (normal execution)

VM Mutex/Monitor currently owned by a thread: None

Heap address: 0x0000000760c00000, size: 2548 MB, Compressed Oops mode: Zero based, Oop shift amount: 3

CDS archive(s) mapped at: [0x0000000800000000-0x0000000800bb0000-0x0000000800bb0000), size 12255232, SharedBaseAddress: 0x0000000800000000, ArchiveRelocationMode: 0.
Compressed class space mapped at: 0x0000000800c00000-0x0000000840c00000, reserved size: 1073741824
Narrow klass base: 0x0000000800000000, Narrow klass shift: 3, Narrow klass range: 0x100000000

GC Precious Log:
 CPUs: 8 total, 8 available
 Memory: 10187M
 Large Page Support: Disabled
 NUMA Support: Disabled
 Compressed Oops: Enabled (Zero based)
 Heap Region Size: 2M
 Heap Min Capacity: 8M
 Heap Initial Capacity: 160M
 Heap Max Capacity: 2548M
 Pre-touch: Disabled
 Parallel Workers: 8
 Concurrent Workers: 2
 Concurrent Refinement Workers: 8
 Periodic GC: Disabled

Heap:
 garbage-first heap   total 163840K, used 13230K [0x0000000760c00000, 0x0000000800000000)
  region size 2048K, 8 young (16384K), 2 survivors (4096K)
 Metaspace       used 7393K, committed 7616K, reserved 1064960K
  class space    used 915K, committed 1024K, reserved 1048576K

Heap Regions: E=young(eden), S=young(survivor), O=old, HS=humongous(starts), HC=humongous(continues), CS=collection set, F=free, OA=open archive, CA=closed archive, TAMS=top-at-mark-start (previous, next)
|   0|0x0000000760c00000, 0x0000000760c00000, 0x0000000760e00000|  0%| F|  |TAMS 0x0000000760c00000, 0x0000000760c00000| Untracked 
|   1|0x0000000760e00000, 0x0000000760e00000, 0x0000000761000000|  0%| F|  |TAMS 0x0000000760e00000, 0x0000000760e00000| Untracked 
|   2|0x0000000761000000, 0x0000000761000000, 0x0000000761200000|  0%| F|  |TAMS 0x0000000761000000, 0x0000000761000000| Untracked 
|   3|0x0000000761200000, 0x0000000761200000, 0x0000000761400000|  0%| F|  |TAMS 0x0000000761200000, 0x0000000761200000| Untracked 
|   4|0x0000000761400000, 0x0000000761400000, 0x0000000761600000|  0%| F|  |TAMS 0x0000000761400000, 0x0000000761400000| Untracked 
|   5|0x0000000761600000, 0x0000000761600000, 0x0000000761800000|  0%| F|  |TAMS 0x0000000761600000, 0x0000000761600000| Untracked 
|   6|0x0000000761800000, 0x0000000761800000, 0x0000000761a00000|  0%| F|  |TAMS 0x0000000761800000, 0x0000000761800000| Untracked 
|   7|0x0000000761a00000, 0x0000000761a00000, 0x0000000761c00000|  0%| F|  |TAMS 0x0000000761a00000, 0x0000000761a00000| Untracked 
|   8|0x0000000761c00000, 0x0000000761c00000, 0x0000000761e00000|  0%| F|  |TAMS 0x0000000761c00000, 0x0000000761c00000| Untracked 
|   9|0x0000000761e00000, 0x0000000761e00000, 0x0000000762000000|  0%| F|  |TAMS 0x0000000761e00000, 0x0000000761e00000| Untracked 
|  10|0x0000000762000000, 0x0000000762000000, 0x0000000762200000|  0%| F|  |TAMS 0x0000000762000000, 0x0000000762000000| Untracked 
|  11|0x0000000762200000, 0x0000000762200000, 0x0000000762400000|  0%| F|  |TAMS 0x0000000762200000, 0x0000000762200000| Untracked 
|  12|0x0000000762400000, 0x0000000762400000, 0x0000000762600000|  0%| F|  |TAMS 0x0000000762400000, 0x0000000762400000| Untracked 
|  13|0x0000000762600000, 0x0000000762600000, 0x0000000762800000|  0%| F|  |TAMS 0x0000000762600000, 0x0000000762600000| Untracked 
|  14|0x0000000762800000, 0x0000000762800000, 0x0000000762a00000|  0%| F|  |TAMS 0x0000000762800000, 0x0000000762800000| Untracked 
|  15|0x0000000762a00000, 0x0000000762a00000, 0x0000000762c00000|  0%| F|  |TAMS 0x0000000762a00000, 0x0000000762a00000| Untracked 
|  16|0x0000000762c00000, 0x0000000762c00000, 0x0000000762e00000|  0%| F|  |TAMS 0x0000000762c00000, 0x0000000762c00000| Untracked 
|  17|0x0000000762e00000, 0x0000000762e00000, 0x0000000763000000|  0%| F|  |TAMS 0x0000000762e00000, 0x0000000762e00000| Untracked 
|  18|0x0000000763000000, 0x0000000763000000, 0x0000000763200000|  0%| F|  |TAMS 0x0000000763000000, 0x0000000763000000| Untracked 
|  19|0x0000000763200000, 0x0000000763200000, 0x0000000763400000|  0%| F|  |TAMS 0x0000000763200000, 0x0000000763200000| Untracked 
|  20|0x0000000763400000, 0x0000000763400000, 0x0000000763600000|  0%| F|  |TAMS 0x0000000763400000, 0x0000000763400000| Untracked 
|  21|0x0000000763600000, 0x0000000763600000, 0x0000000763800000|  0%| F|  |TAMS 0x0000000763600000, 0x0000000763600000| Untracked 
|  22|0x0000000763800000, 0x0000000763800000, 0x0000000763a00000|  0%| F|  |TAMS 0x0000000763800000, 0x0000000763800000| Untracked 
|  23|0x0000000763a00000, 0x0000000763a00000, 0x0000000763c00000|  0%| F|  |TAMS 0x0000000763a00000, 0x0000000763a00000| Untracked 
|  24|0x0000000763c00000, 0x0000000763c00000, 0x0000000763e00000|  0%| F|  |TAMS 0x0000000763c00000, 0x0000000763c00000| Untracked 
|  25|0x0000000763e00000, 0x0000000763e00000, 0x0000000764000000|  0%| F|  |TAMS 0x0000000763e00000, 0x0000000763e00000| Untracked 
|  26|0x0000000764000000, 0x0000000764000000, 0x0000000764200000|  0%| F|  |TAMS 0x0000000764000000, 0x0000000764000000| Untracked 
|  27|0x0000000764200000, 0x0000000764200000, 0x0000000764400000|  0%| F|  |TAMS 0x0000000764200000, 0x0000000764200000| Untracked 
|  28|0x0000000764400000, 0x0000000764400000, 0x0000000764600000|  0%| F|  |TAMS 0x0000000764400000, 0x0000000764400000| Untracked 
|  29|0x0000000764600000, 0x0000000764600000, 0x0000000764800000|  0%| F|  |TAMS 0x0000000764600000, 0x0000000764600000| Untracked 
|  30|0x0000000764800000, 0x0000000764800000, 0x0000000764a00000|  0%| F|  |TAMS 0x0000000764800000, 0x0000000764800000| Untracked 
|  31|0x0000000764a00000, 0x0000000764a00000, 0x0000000764c00000|  0%| F|  |TAMS 0x0000000764a00000, 0x0000000764a00000| Untracked 
|  32|0x0000000764c00000, 0x0000000764c00000, 0x0000000764e00000|  0%| F|  |TAMS 0x0000000764c00000, 0x0000000764c00000| Untracked 
|  33|0x0000000764e00000, 0x0000000764e00000, 0x0000000765000000|  0%| F|  |TAMS 0x0000000764e00000, 0x0000000764e00000| Untracked 
|  34|0x0000000765000000, 0x0000000765000000, 0x0000000765200000|  0%| F|  |TAMS 0x0000000765000000, 0x0000000765000000| Untracked 
|  35|0x0000000765200000, 0x0000000765200000, 0x0000000765400000|  0%| F|  |TAMS 0x0000000765200000, 0x0000000765200000| Untracked 
|  36|0x0000000765400000, 0x0000000765400000, 0x0000000765600000|  0%| F|  |TAMS 0x0000000765400000, 0x0000000765400000| Untracked 
|  37|0x0000000765600000, 0x0000000765600000, 0x0000000765800000|  0%| F|  |TAMS 0x0000000765600000, 0x0000000765600000| Untracked 
|  38|0x0000000765800000, 0x0000000765800000, 0x0000000765a00000|  0%| F|  |TAMS 0x0000000765800000, 0x0000000765800000| Untracked 
|  39|0x0000000765a00000, 0x0000000765a00000, 0x0000000765c00000|  0%| F|  |TAMS 0x0000000765a00000, 0x0000000765a00000| Untracked 
|  40|0x0000000765c00000, 0x0000000765c00000, 0x0000000765e00000|  0%| F|  |TAMS 0x0000000765c00000, 0x0000000765c00000| Untracked 
|  41|0x0000000765e00000, 0x0000000765e00000, 0x0000000766000000|  0%| F|  |TAMS 0x0000000765e00000, 0x0000000765e00000| Untracked 
|  42|0x0000000766000000, 0x0000000766000000, 0x0000000766200000|  0%| F|  |TAMS 0x0000000766000000, 0x0000000766000000| Untracked 
|  43|0x0000000766200000, 0x0000000766200000, 0x0000000766400000|  0%| F|  |TAMS 0x0000000766200000, 0x0000000766200000| Untracked 
|  44|0x0000000766400000, 0x0000000766400000, 0x0000000766600000|  0%| F|  |TAMS 0x0000000766400000, 0x0000000766400000| Untracked 
|  45|0x0000000766600000, 0x0000000766600000, 0x0000000766800000|  0%| F|  |TAMS 0x0000000766600000, 0x0000000766600000| Untracked 
|  46|0x0000000766800000, 0x0000000766800000, 0x0000000766a00000|  0%| F|  |TAMS 0x0000000766800000, 0x0000000766800000| Untracked 
|  47|0x0000000766a00000, 0x0000000766a00000, 0x0000000766c00000|  0%| F|  |TAMS 0x0000000766a00000, 0x0000000766a00000| Untracked 
|  48|0x0000000766c00000, 0x0000000766c00000, 0x0000000766e00000|  0%| F|  |TAMS 0x0000000766c00000, 0x0000000766c00000| Untracked 
|  49|0x0000000766e00000, 0x0000000766e00000, 0x0000000767000000|  0%| F|  |TAMS 0x0000000766e00000, 0x0000000766e00000| Untracked 
|  50|0x0000000767000000, 0x0000000767000000, 0x0000000767200000|  0%| F|  |TAMS 0x0000000767000000, 0x0000000767000000| Untracked 
|  51|0x0000000767200000, 0x0000000767200000, 0x0000000767400000|  0%| F|  |TAMS 0x0000000767200000, 0x0000000767200000| Untracked 
|  52|0x0000000767400000, 0x0000000767400000, 0x0000000767600000|  0%| F|  |TAMS 0x0000000767400000, 0x0000000767400000| Untracked 
|  53|0x0000000767600000, 0x0000000767600000, 0x0000000767800000|  0%| F|  |TAMS 0x0000000767600000, 0x0000000767600000| Untracked 
|  54|0x0000000767800000, 0x0000000767800000, 0x0000000767a00000|  0%| F|  |TAMS 0x0000000767800000, 0x0000000767800000| Untracked 
|  55|0x0000000767a00000, 0x0000000767a00000, 0x0000000767c00000|  0%| F|  |TAMS 0x0000000767a00000, 0x0000000767a00000| Untracked 
|  56|0x0000000767c00000, 0x0000000767c00000, 0x0000000767e00000|  0%| F|  |TAMS 0x0000000767c00000, 0x0000000767c00000| Untracked 
|  57|0x0000000767e00000, 0x0000000767e00000, 0x0000000768000000|  0%| F|  |TAMS 0x0000000767e00000, 0x0000000767e00000| Untracked 
|  58|0x0000000768000000, 0x0000000768000000, 0x0000000768200000|  0%| F|  |TAMS 0x0000000768000000, 0x0000000768000000| Untracked 
|  59|0x0000000768200000, 0x0000000768200000, 0x0000000768400000|  0%| F|  |TAMS 0x0000000768200000, 0x0000000768200000| Untracked 
|  60|0x0000000768400000, 0x0000000768400000, 0x0000000768600000|  0%| F|  |TAMS 0x0000000768400000, 0x0000000768400000| Untracked 
|  61|0x0000000768600000, 0x0000000768600000, 0x0000000768800000|  0%| F|  |TAMS 0x0000000768600000, 0x0000000768600000| Untracked 
|  62|0x0000000768800000, 0x0000000768800000, 0x0000000768a00000|  0%| F|  |TAMS 0x0000000768800000, 0x0000000768800000| Untracked 
|  63|0x0000000768a00000, 0x0000000768a00000, 0x0000000768c00000|  0%| F|  |TAMS 0x0000000768a00000, 0x0000000768a00000| Untracked 
|  64|0x0000000768c00000, 0x0000000768c00000, 0x0000000768e00000|  0%| F|  |TAMS 0x0000000768c00000, 0x0000000768c00000| Untracked 
|  65|0x0000000768e00000, 0x0000000768e00000, 0x0000000769000000|  0%| F|  |TAMS 0x0000000768e00000, 0x0000000768e00000| Untracked 
|  66|0x0000000769000000, 0x0000000769000000, 0x0000000769200000|  0%| F|  |TAMS 0x0000000769000000, 0x0000000769000000| Untracked 
|  67|0x0000000769200000, 0x00000007692ebb10, 0x0000000769400000| 46%| S|CS|TAMS 0x0000000769200000, 0x0000000769200000| Complete 
|  68|0x0000000769400000, 0x0000000769600000, 0x0000000769600000|100%| S|CS|TAMS 0x0000000769400000, 0x0000000769400000| Complete 
|  69|0x0000000769600000, 0x0000000769600000, 0x0000000769800000|  0%| F|  |TAMS 0x0000000769600000, 0x0000000769600000| Untracked 
|  70|0x0000000769800000, 0x0000000769800000, 0x0000000769a00000|  0%| F|  |TAMS 0x0000000769800000, 0x0000000769800000| Untracked 
|  71|0x0000000769a00000, 0x0000000769a00000, 0x0000000769c00000|  0%| F|  |TAMS 0x0000000769a00000, 0x0000000769a00000| Untracked 
|  72|0x0000000769c00000, 0x0000000769c00000, 0x0000000769e00000|  0%| F|  |TAMS 0x0000000769c00000, 0x0000000769c00000| Untracked 
|  73|0x0000000769e00000, 0x0000000769e00000, 0x000000076a000000|  0%| F|  |TAMS 0x0000000769e00000, 0x0000000769e00000| Untracked 
|  74|0x000000076a000000, 0x000000076a0aae70, 0x000000076a200000| 33%| E|  |TAMS 0x000000076a000000, 0x000000076a000000| Complete 
|  75|0x000000076a200000, 0x000000076a400000, 0x000000076a400000|100%| E|CS|TAMS 0x000000076a200000, 0x000000076a200000| Complete 
|  76|0x000000076a400000, 0x000000076a600000, 0x000000076a600000|100%| E|CS|TAMS 0x000000076a400000, 0x000000076a400000| Complete 
|  77|0x000000076a600000, 0x000000076a800000, 0x000000076a800000|100%| E|CS|TAMS 0x000000076a600000, 0x000000076a600000| Complete 
|  78|0x000000076a800000, 0x000000076aa00000, 0x000000076aa00000|100%| E|CS|TAMS 0x000000076a800000, 0x000000076a800000| Complete 
|  79|0x000000076aa00000, 0x000000076ac00000, 0x000000076ac00000|100%| E|CS|TAMS 0x000000076aa00000, 0x000000076aa00000| Complete 

Card table byte_map: [0x0000022a376b0000,0x0000022a37bb0000] _byte_map_base: 0x0000022a33baa000

Marking Bits (Prev, Next): (CMBitMap*) 0x0000022a207295b0, (CMBitMap*) 0x0000022a207295f0
 Prev Bits: [0x0000022a380b0000, 0x0000022a3a880000)
 Next Bits: [0x0000022a3a880000, 0x0000022a3d050000)

Polling page: 0x0000022a1e660000

Metaspace:

Usage:
  Non-class:      6.34 MB used.
      Class:    917.48 KB used.
       Both:      7.23 MB used.

Virtual space:
  Non-class space:       16.00 MB reserved,       6.44 MB ( 40%) committed,  2 nodes.
      Class space:        1.00 GB reserved,       1.00 MB ( <1%) committed,  1 nodes.
              Both:        1.02 GB reserved,       7.44 MB ( <1%) committed. 

Chunk freelists:
   Non-Class:  3.95 MB
       Class:  3.01 MB
        Both:  6.97 MB

MaxMetaspaceSize: 17179869184.00 GB
CompressedClassSpaceSize: 1.00 GB
 - commit_granule_bytes: 65536.
 - commit_granule_words: 8192.
 - virtual_space_node_default_size: 1048576.
 - enlarge_chunks_in_place: 1.
 - new_chunks_are_fully_committed: 0.
 - uncommit_free_chunks: 1.
 - use_allocation_guard: 0.
 - handle_deallocations: 1.


Internal statistics:

num_allocs_failed_limit: 0.
num_arena_births: 98.
num_arena_deaths: 0.
num_vsnodes_births: 3.
num_vsnodes_deaths: 0.
num_space_committed: 119.
num_space_uncommitted: 0.
num_chunks_returned_to_freelist: 0.
num_chunks_taken_from_freelist: 361.
num_chunk_merges: 0.
num_chunk_splits: 222.
num_chunks_enlarged: 159.
num_purges: 0.

CodeHeap 'non-profiled nmethods': size=120000Kb used=491Kb max_used=491Kb free=119508Kb
 bounds [0x0000022a2f940000, 0x0000022a2fbb0000, 0x0000022a36e70000]
CodeHeap 'profiled nmethods': size=120000Kb used=2452Kb max_used=2452Kb free=117547Kb
 bounds [0x0000022a28410000, 0x0000022a28680000, 0x0000022a2f940000]
CodeHeap 'non-nmethods': size=5760Kb used=1162Kb max_used=1177Kb free=4597Kb
 bounds [0x0000022a27e70000, 0x0000022a280e0000, 0x0000022a28410000]
 total_blobs=1841 nmethods=1401 adapters=352
 compilation: enabled
              stopped_count=0, restarted_count=0
 full_count=0

Compilation events (20 events):
Event: 1.252 Thread 0x0000022a3fa42eb0 1366  s    1       java.lang.StringBuffer::length (5 bytes)
Event: 1.252 Thread 0x0000022a3fa42eb0 nmethod 1366 0x0000022a2f9b7710 code [0x0000022a2f9b78a0, 0x0000022a2f9b7a18]
Event: 1.252 Thread 0x0000022a3fa42eb0 1368       1       java.util.LinkedList$LLSpliterator::characteristics (4 bytes)
Event: 1.252 Thread 0x0000022a3fa42eb0 nmethod 1368 0x0000022a2f9b7a90 code [0x0000022a2f9b7c20, 0x0000022a2f9b7cf8]
Event: 1.252 Thread 0x0000022a3fa42eb0 1369       1       org.glassfish.hk2.utilities.general.internal.DoubleNode::getValue (5 bytes)
Event: 1.252 Thread 0x0000022a3fa42eb0 nmethod 1369 0x0000022a2f9b7d90 code [0x0000022a2f9b7f20, 0x0000022a2f9b7ff8]
Event: 1.252 Thread 0x0000022a3fa42eb0 1370       1       org.jvnet.hk2.internal.DynamicConfigurationImpl::getAllDescriptors (5 bytes)
Event: 1.252 Thread 0x0000022a3fa42eb0 nmethod 1370 0x0000022a2f9b8090 code [0x0000022a2f9b8220, 0x0000022a2f9b82f8]
Event: 1.252 Thread 0x0000022a3fa42eb0 1371       1       org.jvnet.hk2.internal.DynamicConfigurationImpl::getResources (5 bytes)
Event: 1.252 Thread 0x0000022a3fa42eb0 nmethod 1371 0x0000022a2f9b8390 code [0x0000022a2f9b8520, 0x0000022a2f9b85f8]
Event: 1.252 Thread 0x0000022a3fa42eb0 1372       3       org.glassfish.hk2.utilities.general.GeneralUtilities::safeEquals (25 bytes)
Event: 1.253 Thread 0x0000022a3fa42eb0 nmethod 1372 0x0000022a28664410 code [0x0000022a286645e0, 0x0000022a286648c8]
Event: 1.253 Thread 0x0000022a3fa42eb0 1374   !   3       org.jvnet.hk2.internal.SystemDescriptor::checkState (38 bytes)
Event: 1.253 Thread 0x0000022a3fa42eb0 nmethod 1374 0x0000022a28664990 code [0x0000022a28664b60, 0x0000022a28664ee8]
Event: 1.253 Thread 0x0000022a3fa42eb0 1373       1       org.glassfish.hk2.utilities.cache.internal.WeakCARCacheImpl$CarValue::access$100 (5 bytes)
Event: 1.253 Thread 0x0000022a3fa42eb0 nmethod 1373 0x0000022a2f9b8690 code [0x0000022a2f9b8820, 0x0000022a2f9b88d8]
Event: 1.253 Thread 0x0000022a3fa42eb0 1376       3       java.util.IdentityHashMap$IdentityHashMapIterator::hasNext (50 bytes)
Event: 1.253 Thread 0x0000022a3fa42eb0 nmethod 1376 0x0000022a28665090 code [0x0000022a28665240, 0x0000022a28665498]
Event: 1.253 Thread 0x0000022a3fa42eb0 1375       1       org.glassfish.hk2.utilities.DescriptorImpl::getClassAnalysisName (5 bytes)
Event: 1.253 Thread 0x0000022a3fa42eb0 nmethod 1375 0x0000022a2f9b8990 code [0x0000022a2f9b8b20, 0x0000022a2f9b8bf8]

GC Heap History (2 events):
Event: 0.949 GC heap before
{Heap before GC invocations=0 (full 0):
 garbage-first heap   total 163840K, used 22528K [0x0000000760c00000, 0x0000000800000000)
  region size 2048K, 11 young (22528K), 0 survivors (0K)
 Metaspace       used 5479K, committed 5632K, reserved 1056768K
  class space    used 650K, committed 704K, reserved 1048576K
}
Event: 0.954 GC heap after
{Heap after GC invocations=1 (full 0):
 garbage-first heap   total 163840K, used 2990K [0x0000000760c00000, 0x0000000800000000)
  region size 2048K, 2 young (4096K), 2 survivors (4096K)
 Metaspace       used 5479K, committed 5632K, reserved 1056768K
  class space    used 650K, committed 704K, reserved 1048576K
}

Deoptimization events (20 events):
Event: 1.070 Thread 0x0000022a206ea820 Uncommon trap: trap_request=0xffffffde fr.pc=0x0000022a2f9ac2b0 relative=0x0000000000000110
Event: 1.070 Thread 0x0000022a206ea820 Uncommon trap: reason=class_check action=maybe_recompile pc=0x0000022a2f9ac2b0 method=jdk.internal.misc.Unsafe.allocateUninitializedArray(Ljava/lang/Class;I)Ljava/lang/Object; @ 51 c2
Event: 1.070 Thread 0x0000022a206ea820 DEOPT PACKING pc=0x0000022a2f9ac2b0 sp=0x000000995a9fbcd0
Event: 1.070 Thread 0x0000022a206ea820 DEOPT UNPACKING pc=0x0000022a27ebd72e sp=0x000000995a9fbc58 mode 2
Event: 1.070 Thread 0x0000022a206ea820 Uncommon trap: trap_request=0xffffffde fr.pc=0x0000022a2f9ac2b0 relative=0x0000000000000110
Event: 1.070 Thread 0x0000022a206ea820 Uncommon trap: reason=class_check action=maybe_recompile pc=0x0000022a2f9ac2b0 method=jdk.internal.misc.Unsafe.allocateUninitializedArray(Ljava/lang/Class;I)Ljava/lang/Object; @ 51 c2
Event: 1.070 Thread 0x0000022a206ea820 DEOPT PACKING pc=0x0000022a2f9ac2b0 sp=0x000000995a9fbcd0
Event: 1.070 Thread 0x0000022a206ea820 DEOPT UNPACKING pc=0x0000022a27ebd72e sp=0x000000995a9fbc58 mode 2
Event: 1.207 Thread 0x0000022a206ea820 Uncommon trap: trap_request=0xffffffc6 fr.pc=0x0000022a2f99a954 relative=0x00000000000011b4
Event: 1.207 Thread 0x0000022a206ea820 Uncommon trap: reason=bimorphic_or_optimized_type_check action=maybe_recompile pc=0x0000022a2f99a954 method=java.util.HashMap.putVal(ILjava/lang/Object;Ljava/lang/Object;ZZ)Ljava/lang/Object; @ 56 c2
Event: 1.207 Thread 0x0000022a206ea820 DEOPT PACKING pc=0x0000022a2f99a954 sp=0x000000995a9faa90
Event: 1.207 Thread 0x0000022a206ea820 DEOPT UNPACKING pc=0x0000022a27ebd72e sp=0x000000995a9faa18 mode 2
Event: 1.207 Thread 0x0000022a206ea820 Uncommon trap: trap_request=0xffffffc6 fr.pc=0x0000022a2f99a954 relative=0x00000000000011b4
Event: 1.207 Thread 0x0000022a206ea820 Uncommon trap: reason=bimorphic_or_optimized_type_check action=maybe_recompile pc=0x0000022a2f99a954 method=java.util.HashMap.putVal(ILjava/lang/Object;Ljava/lang/Object;ZZ)Ljava/lang/Object; @ 56 c2
Event: 1.207 Thread 0x0000022a206ea820 DEOPT PACKING pc=0x0000022a2f99a954 sp=0x000000995a9faa90
Event: 1.207 Thread 0x0000022a206ea820 DEOPT UNPACKING pc=0x0000022a27ebd72e sp=0x000000995a9faa18 mode 2
Event: 1.207 Thread 0x0000022a206ea820 Uncommon trap: trap_request=0xffffffc6 fr.pc=0x0000022a2f99a954 relative=0x00000000000011b4
Event: 1.207 Thread 0x0000022a206ea820 Uncommon trap: reason=bimorphic_or_optimized_type_check action=maybe_recompile pc=0x0000022a2f99a954 method=java.util.HashMap.putVal(ILjava/lang/Object;Ljava/lang/Object;ZZ)Ljava/lang/Object; @ 56 c2
Event: 1.207 Thread 0x0000022a206ea820 DEOPT PACKING pc=0x0000022a2f99a954 sp=0x000000995a9faa90
Event: 1.207 Thread 0x0000022a206ea820 DEOPT UNPACKING pc=0x0000022a27ebd72e sp=0x000000995a9faa18 mode 2

Classes unloaded (0 events):
No events

Classes redefined (0 events):
No events

Internal exceptions (20 events):
Event: 0.462 Thread 0x0000022a206ea820 Exception <a 'java/lang/NoSuchMethodError'{0x000000076a28bd90}: 'void java.lang.invoke.DirectMethodHandle$Holder.invokeSpecial(java.lang.Object, java.lang.Object, java.lang.Object)'> (0x000000076a28bd90) 
thrown [t:\workspace\open\src\hotspot\share\interpreter\linkResolver.cpp, line 790]
Event: 0.473 Thread 0x0000022a206ea820 Exception <a 'java/lang/NoSuchMethodError'{0x000000076a2c5418}: 'int java.lang.invoke.DirectMethodHandle$Holder.invokeStaticInit(java.lang.Object, java.lang.Object)'> (0x000000076a2c5418) 
thrown [t:\workspace\open\src\hotspot\share\interpreter\linkResolver.cpp, line 790]
Event: 0.477 Thread 0x0000022a206ea820 Exception <a 'java/lang/NoSuchMethodError'{0x000000076a2d4890}: 'int java.lang.invoke.DirectMethodHandle$Holder.invokeStaticInit(java.lang.Object, java.lang.Object, java.lang.Object)'> (0x000000076a2d4890) 
thrown [t:\workspace\open\src\hotspot\share\interpreter\linkResolver.cpp, line 790]
Event: 0.567 Thread 0x0000022a206ea820 Exception <a 'java/lang/NoSuchMethodError'{0x000000076a11b6e8}: 'java.lang.Object java.lang.invoke.DirectMethodHandle$Holder.invokeStatic(java.lang.Object)'> (0x000000076a11b6e8) 
thrown [t:\workspace\open\src\hotspot\share\interpreter\linkResolver.cpp, line 790]
Event: 0.775 Thread 0x0000022a206ea820 Exception <a 'java/lang/NoSuchMethodError'{0x0000000769a96238}: 'void java.lang.invoke.DirectMethodHandle$Holder.invokeStatic(java.lang.Object, java.lang.Object)'> (0x0000000769a96238) 
thrown [t:\workspace\open\src\hotspot\share\interpreter\linkResolver.cpp, line 790]
Event: 0.775 Thread 0x0000022a206ea820 Exception <a 'java/lang/NoSuchMethodError'{0x0000000769a9a000}: 'void java.lang.invoke.DirectMethodHandle$Holder.invokeStaticInit(java.lang.Object, java.lang.Object)'> (0x0000000769a9a000) 
thrown [t:\workspace\open\src\hotspot\share\interpreter\linkResolver.cpp, line 790]
Event: 0.795 Thread 0x0000022a206ea820 Exception <a 'java/lang/NoSuchMethodError'{0x0000000769b50a30}: 'java.lang.Object java.lang.invoke.DirectMethodHandle$Holder.invokeStaticInit(java.lang.Object)'> (0x0000000769b50a30) 
thrown [t:\workspace\open\src\hotspot\share\interpreter\linkResolver.cpp, line 790]
Event: 0.820 Thread 0x0000022a206ea820 Exception <a 'java/lang/NoSuchMethodError'{0x0000000769be44b8}: 'void java.lang.invoke.DirectMethodHandle$Holder.invokeStatic(java.lang.Object, java.lang.Object, java.lang.Object, java.lang.Object)'> (0x0000000769be44b8) 
thrown [t:\workspace\open\src\hotspot\share\interpreter\linkResolver.cpp, line 790]
Event: 0.822 Thread 0x0000022a206ea820 Exception <a 'java/lang/NoSuchMethodError'{0x0000000769bf8e10}: 'java.lang.Object java.lang.invoke.DirectMethodHandle$Holder.newInvokeSpecial(java.lang.Object, java.lang.Object, int)'> (0x0000000769bf8e10) 
thrown [t:\workspace\open\src\hotspot\share\interpreter\linkResolver.cpp, line 790]
Event: 0.823 Thread 0x0000022a206ea820 Exception <a 'java/lang/NoSuchMethodError'{0x0000000769bfdec0}: 'java.lang.Object java.lang.invoke.DirectMethodHandle$Holder.invokeInterface(java.lang.Object, java.lang.Object, java.lang.Object)'> (0x0000000769bfdec0) 
thrown [t:\workspace\open\src\hotspot\share\interpreter\linkResolver.cpp, line 790]
Event: 0.829 Thread 0x0000022a206ea820 Exception <a 'java/lang/NoSuchMethodError'{0x000000076981e2b0}: 'void java.lang.invoke.DirectMethodHandle$Holder.invokeStatic(java.lang.Object, java.lang.Object, java.lang.Object)'> (0x000000076981e2b0) 
thrown [t:\workspace\open\src\hotspot\share\interpreter\linkResolver.cpp, line 790]
Event: 0.901 Thread 0x0000022a206ea820 Exception <a 'java/lang/NoSuchMethodError'{0x000000076967aa98}: 'void java.lang.invoke.DirectMethodHandle$Holder.invokeInterface(java.lang.Object, java.lang.Object, java.lang.Object)'> (0x000000076967aa98) 
thrown [t:\workspace\open\src\hotspot\share\interpreter\linkResolver.cpp, line 790]
Event: 0.907 Thread 0x0000022a206ea820 Exception <a 'java/lang/NoSuchMethodError'{0x00000007696a5898}: 'int java.lang.invoke.DirectMethodHandle$Holder.invokeSpecial(java.lang.Object, java.lang.Object, java.lang.Object)'> (0x00000007696a5898) 
thrown [t:\workspace\open\src\hotspot\share\interpreter\linkResolver.cpp, line 790]
Event: 0.925 Thread 0x0000022a206ea820 Exception <a 'java/lang/NoSuchMethodError'{0x000000076971d9b8}: 'java.lang.Object java.lang.invoke.DirectMethodHandle$Holder.newInvokeSpecial(java.lang.Object, java.lang.Object, java.lang.Object, int, java.lang.Object, java.lang.Object)'> (0x000000076971d9b8) 
thrown [t:\workspace\open\src\hotspot\share\interpreter\linkResolver.cpp, line 790]
Event: 0.945 Thread 0x0000022a206ea820 Exception <a 'java/lang/NoSuchMethodError'{0x00000007697d73f8}: 'java.lang.Object java.lang.invoke.Invokers$Holder.invokeExact_MT(java.lang.Object, java.lang.Object, java.lang.Object, java.lang.Object, java.lang.Object, java.lang.Object)'> (0x00000007697d73f8) 
thrown [t:\workspace\open\src\hotspot\share\interpreter\linkResolver.cpp, line 790]
Event: 0.969 Thread 0x0000022a206ea820 Exception <a 'java/lang/NoSuchMethodError'{0x000000076aa952e8}: 'java.lang.Object java.lang.invoke.DirectMethodHandle$Holder.invokeStatic(java.lang.Object, java.lang.Object, int)'> (0x000000076aa952e8) 
thrown [t:\workspace\open\src\hotspot\share\interpreter\linkResolver.cpp, line 790]
Event: 0.970 Thread 0x0000022a206ea820 Exception <a 'java/lang/NoSuchMethodError'{0x000000076aa9d3e0}: 'void java.lang.invoke.DelegatingMethodHandle$Holder.delegate(java.lang.Object, java.lang.Object, int, java.lang.Object)'> (0x000000076aa9d3e0) 
thrown [t:\workspace\open\src\hotspot\share\interpreter\linkResolver.cpp, line 790]
Event: 1.027 Thread 0x0000022a206ea820 Exception <a 'java/lang/NoSuchMethodError'{0x000000076a8c9fd8}: 'java.lang.Object java.lang.invoke.DirectMethodHandle$Holder.invokeVirtual(java.lang.Object, java.lang.Object, java.lang.Object)'> (0x000000076a8c9fd8) 
thrown [t:\workspace\open\src\hotspot\share\interpreter\linkResolver.cpp, line 790]
Event: 1.030 Thread 0x0000022a206ea820 Exception <a 'java/lang/NoSuchMethodError'{0x000000076a8e6cb0}: 'int java.lang.invoke.DirectMethodHandle$Holder.invokeSpecial(java.lang.Object, java.lang.Object, java.lang.Object, java.lang.Object)'> (0x000000076a8e6cb0) 
thrown [t:\workspace\open\src\hotspot\share\interpreter\linkResolver.cpp, line 790]
Event: 1.219 Thread 0x0000022a206ea820 Exception <a 'java/lang/NoSuchMethodError'{0x000000076a29ad10}: 'int java.lang.invoke.DirectMethodHandle$Holder.invokeSpecialIFC(java.lang.Object, java.lang.Object, java.lang.Object, java.lang.Object)'> (0x000000076a29ad10) 
thrown [t:\workspace\open\src\hotspot\share\interpreter\linkResolver.cpp, line 790]

Events (20 events):
Event: 1.200 loading class java/util/stream/Streams$ConcatSpliterator$OfRef
Event: 1.200 loading class java/util/stream/Streams$ConcatSpliterator
Event: 1.200 loading class java/util/stream/Streams$ConcatSpliterator done
Event: 1.200 loading class java/util/stream/Streams$ConcatSpliterator$OfRef done
Event: 1.201 loading class java/util/stream/StreamSpliterators$WrappingSpliterator
Event: 1.201 loading class java/util/stream/StreamSpliterators$AbstractWrappingSpliterator
Event: 1.201 loading class java/util/stream/StreamSpliterators$AbstractWrappingSpliterator done
Event: 1.201 loading class java/util/stream/StreamSpliterators$WrappingSpliterator done
Event: 1.201 loading class java/util/stream/Streams$2
Event: 1.201 loading class java/util/stream/Streams$2 done
Event: 1.202 loading class java/util/stream/StreamSpliterators
Event: 1.202 loading class java/util/stream/StreamSpliterators done
Event: 1.213 loading class java/util/stream/SortedOps
Event: 1.213 loading class java/util/stream/SortedOps done
Event: 1.213 loading class java/util/stream/SortedOps$OfRef
Event: 1.214 loading class java/util/stream/SortedOps$OfRef done
Event: 1.214 loading class java/util/stream/SortedOps$RefSortingSink
Event: 1.214 loading class java/util/stream/SortedOps$AbstractRefSortingSink
Event: 1.214 loading class java/util/stream/SortedOps$AbstractRefSortingSink done
Event: 1.214 loading class java/util/stream/SortedOps$RefSortingSink done


Dynamic libraries:
0x00007ff646410000 - 0x00007ff646420000 	C:\Program Files\Java\jdk-16.0.2\bin\java.exe
0x00007ffb86a10000 - 0x00007ffb86c05000 	C:\WINDOWS\SYSTEM32\ntdll.dll
0x00007ffb86840000 - 0x00007ffb868fd000 	C:\WINDOWS\System32\KERNEL32.DLL
0x00007ffb84140000 - 0x00007ffb84409000 	C:\WINDOWS\System32\KERNELBASE.dll
0x00007ffb84440000 - 0x00007ffb84540000 	C:\WINDOWS\System32\ucrtbase.dll
0x00007ffb62e20000 - 0x00007ffb62e39000 	C:\Program Files\Java\jdk-16.0.2\bin\VCRUNTIME140.dll
0x00007ffb62ba0000 - 0x00007ffb62bb8000 	C:\Program Files\Java\jdk-16.0.2\bin\jli.dll
0x00007ffb86150000 - 0x00007ffb861fc000 	C:\WINDOWS\System32\ADVAPI32.dll
0x00007ffb863b0000 - 0x00007ffb8644e000 	C:\WINDOWS\System32\msvcrt.dll
0x00007ffb86450000 - 0x00007ffb864eb000 	C:\WINDOWS\System32\sechost.dll
0x00007ffb86200000 - 0x00007ffb8632a000 	C:\WINDOWS\System32\RPCRT4.dll
0x00007ffb85f00000 - 0x00007ffb860a0000 	C:\WINDOWS\System32\USER32.dll
0x00007ffb84410000 - 0x00007ffb84432000 	C:\WINDOWS\System32\win32u.dll
0x00007ffb73c30000 - 0x00007ffb73eca000 	C:\WINDOWS\WinSxS\amd64_microsoft.windows.common-controls_6595b64144ccf1df_6.0.19041.1110_none_60b5254171f9507e\COMCTL32.dll
0x00007ffb86810000 - 0x00007ffb8683a000 	C:\WINDOWS\System32\GDI32.dll
0x00007ffb84860000 - 0x00007ffb8496b000 	C:\WINDOWS\System32\gdi32full.dll
0x00007ffb84540000 - 0x00007ffb845dd000 	C:\WINDOWS\System32\msvcp_win.dll
0x00007ffb7d310000 - 0x00007ffb7d31a000 	C:\WINDOWS\SYSTEM32\VERSION.dll
0x00007ffb85b10000 - 0x00007ffb85b40000 	C:\WINDOWS\System32\IMM32.DLL
0x00007ffb71c60000 - 0x00007ffb71c6c000 	C:\Program Files\Java\jdk-16.0.2\bin\vcruntime140_1.dll
0x00007ffb5a470000 - 0x00007ffb5a501000 	C:\Program Files\Java\jdk-16.0.2\bin\msvcp140.dll
0x00007ffb2d4b0000 - 0x00007ffb2e05b000 	C:\Program Files\Java\jdk-16.0.2\bin\server\jvm.dll
0x00007ffb86900000 - 0x00007ffb86908000 	C:\WINDOWS\System32\PSAPI.DLL
0x00007ffb7fbc0000 - 0x00007ffb7fbc9000 	C:\WINDOWS\SYSTEM32\WSOCK32.dll
0x00007ffb7a910000 - 0x00007ffb7a937000 	C:\WINDOWS\SYSTEM32\WINMM.dll
0x00007ffb86340000 - 0x00007ffb863ab000 	C:\WINDOWS\System32\WS2_32.dll
0x00007ffb82050000 - 0x00007ffb82062000 	C:\WINDOWS\SYSTEM32\kernel.appcore.dll
0x00007ffb6fdd0000 - 0x00007ffb6fdda000 	C:\Program Files\Java\jdk-16.0.2\bin\jimage.dll
0x00007ffb70d70000 - 0x00007ffb70f54000 	C:\WINDOWS\SYSTEM32\DBGHELP.DLL
0x00007ffb70d40000 - 0x00007ffb70d6c000 	C:\WINDOWS\SYSTEM32\dbgcore.DLL
0x00007ffb84640000 - 0x00007ffb846c3000 	C:\WINDOWS\System32\bcryptPrimitives.dll
0x00007ffb5a440000 - 0x00007ffb5a465000 	C:\Program Files\Java\jdk-16.0.2\bin\java.dll
0x00007ffb84f40000 - 0x00007ffb8567f000 	C:\WINDOWS\System32\SHELL32.dll
0x00007ffb82250000 - 0x00007ffb829e0000 	C:\WINDOWS\SYSTEM32\windows.storage.dll
0x00007ffb85ba0000 - 0x00007ffb85ef5000 	C:\WINDOWS\System32\combase.dll
0x00007ffb83ad0000 - 0x00007ffb83afc000 	C:\WINDOWS\SYSTEM32\Wldp.dll
0x00007ffb84af0000 - 0x00007ffb84b9e000 	C:\WINDOWS\System32\SHCORE.dll
0x00007ffb84a70000 - 0x00007ffb84ac5000 	C:\WINDOWS\System32\shlwapi.dll
0x00007ffb84080000 - 0x00007ffb8409f000 	C:\WINDOWS\SYSTEM32\profapi.dll
0x00007ffb5b5c0000 - 0x00007ffb5b5d9000 	C:\Program Files\Java\jdk-16.0.2\bin\net.dll
0x00007ffb78780000 - 0x00007ffb78888000 	C:\WINDOWS\SYSTEM32\WINHTTP.dll
0x00007ffb83830000 - 0x00007ffb8389a000 	C:\WINDOWS\system32\mswsock.dll
0x00007ffb5a420000 - 0x00007ffb5a433000 	C:\Program Files\Java\jdk-16.0.2\bin\nio.dll
0x00007ffb5a400000 - 0x00007ffb5a418000 	C:\Program Files\Java\jdk-16.0.2\bin\zip.dll
0x00007ffb6f470000 - 0x00007ffb6f480000 	C:\Program Files\Java\jdk-16.0.2\bin\verify.dll

dbghelp: loaded successfully - version: 4.0.5 - missing functions: none
symbol engine: initialized successfully - sym options: 0x614 - pdb path: .;C:\Program Files\Java\jdk-16.0.2\bin;C:\WINDOWS\SYSTEM32;C:\WINDOWS\WinSxS\amd64_microsoft.windows.common-controls_6595b64144ccf1df_6.0.19041.1110_none_60b5254171f9507e;C:\Program Files\Java\jdk-16.0.2\bin\server

VM Arguments:
java_command: C:\Users\andre\Documents\Codigo\Servicios\Taller_2_Parte_1\jerseyServer\target\surefire\surefirebooter6167015325458609016.jar C:\Users\andre\Documents\Codigo\Servicios\Taller_2_Parte_1\jerseyServer\target\surefire\surefire16126179043931728690tmp C:\Users\andre\Documents\Codigo\Servicios\Taller_2_Parte_1\jerseyServer\target\surefire\surefire_014189162501094780641tmp
java_class_path (initial): C:\Users\andre\Documents\Codigo\Servicios\Taller_2_Parte_1\jerseyServer\target\surefire\surefirebooter6167015325458609016.jar
Launcher Type: SUN_STANDARD

[Global flags]
     intx CICompilerCount                          = 4                                         {product} {ergonomic}
     uint ConcGCThreads                            = 2                                         {product} {ergonomic}
     uint G1ConcRefinementThreads                  = 8                                         {product} {ergonomic}
   size_t G1HeapRegionSize                         = 2097152                                   {product} {ergonomic}
    uintx GCDrainStackTargetSize                   = 64                                        {product} {ergonomic}
   size_t InitialHeapSize                          = 167772160                                 {product} {ergonomic}
   size_t MarkStackSize                            = 4194304                                   {product} {ergonomic}
   size_t MaxHeapSize                              = 2671771648                                {product} {ergonomic}
   size_t MaxNewSize                               = 1602224128                                {product} {ergonomic}
   size_t MinHeapDeltaBytes                        = 2097152                                   {product} {ergonomic}
   size_t MinHeapSize                              = 8388608                                   {product} {ergonomic}
    uintx NonNMethodCodeHeapSize                   = 5839372                                {pd product} {ergonomic}
    uintx NonProfiledCodeHeapSize                  = 122909434                              {pd product} {ergonomic}
    uintx ProfiledCodeHeapSize                     = 122909434                              {pd product} {ergonomic}
    uintx ReservedCodeCacheSize                    = 251658240                              {pd product} {ergonomic}
     bool SegmentedCodeCache                       = true                                      {product} {ergonomic}
   size_t SoftMaxHeapSize                          = 2671771648                             {manageable} {ergonomic}
     bool UseCompressedClassPointers               = true                           {product lp64_product} {ergonomic}
     bool UseCompressedOops                        = true                           {product lp64_product} {ergonomic}
     bool UseG1GC                                  = true                                      {product} {ergonomic}
     bool UseLargePagesIndividualAllocation        = false                                  {pd product} {ergonomic}

Logging:
Log output configuration:
 #0: stdout all=warning uptime,level,tags
 #1: stderr all=off uptime,level,tags

Environment Variables:
PATH=C:\Program Files\Common Files\Oracle\Java\javapath;C:\ProgramData\Oracle\Java\javapath;C:\Program Files (x86)\NVIDIA Corporation\PhysX\Common;C:\Program Files (x86)\Common Files\Oracle\Java\javapath;C:\WINDOWS\system32;C:\WINDOWS;C:\WINDOWS\System32\Wbem;C:\WINDOWS\System32\WindowsPowerShell\v1.0\;C:\WINDOWS\System32\OpenSSH\;C:\Program Files\dotnet\;D:\Git\cmd;D:\NodeJs\;D:\Desarrollo\apache-maven-3.8.2\bin;C:\Users\andre\AppData\Local\Microsoft\WindowsApps;C:\Users\andre\.dotnet\tools;C:\Users\andre\AppData\Local\Programs\Microsoft VS Code\bin;C:\Users\andre\AppData\Roaming\npm;D:\IntelliJ\IntelliJ IDEA Community Edition 2021.2.1\bin
USERNAME=andre
OS=Windows_NT
PROCESSOR_IDENTIFIER=AMD64 Family 23 Model 24 Stepping 1, AuthenticAMD



---------------  S Y S T E M  ---------------

OS:
 Windows 10 , 64 bit Build 19041 (10.0.19041.1151)
OS uptime: 0 days 7:26 hours

CPU: total 8 (initial active 8) (8 cores per cpu, 2 threads per core) family 23 model 24 stepping 1 microcode 0x0, cx8, cmov, fxsr, ht, mmx, 3dnowpref, sse, sse2, sse3, ssse3, sse4a, sse4.1, sse4.2, popcnt, lzcnt, tsc, tscinvbit, avx, avx2, aes, clmul, bmi1, bmi2, adx, sha, fma, vzeroupper, clflush, clflushopt

Memory: 4k page, system-wide physical 10187M (2200M free)
TotalPageFile size 10187M (AvailPageFile size 6M)
current process WorkingSet (physical memory assigned to process): 81M, peak: 81M
current process commit charge ("private bytes"): 267M, peak: 268M

vm_info: Java HotSpot(TM) 64-Bit Server VM (16.0.2+7-67) for windows-amd64 JRE (16.0.2+7-67), built on Jun  8 2021 23:24:19 by "mach5one" with MS VC++ 16.7 (VS2019)

END.
