#
# There is insufficient memory for the Java Runtime Environment to continue.
# Native memory allocation (malloc) failed to allocate 32744 bytes for ChunkPool::allocate
# Possible reasons:
#   The system is out of physical RAM or swap space
#   The process is running with CompressedOops enabled, and the Java Heap may be blocking the growth of the native heap
# Possible solutions:
#   Reduce memory load on the system
#   Increase physical memory or swap space
#   Check if swap backing store is full
#   Decrease Java heap size (-Xmx/-Xms)
#   Decrease number of Java threads
#   Decrease Java thread stack sizes (-Xss)
#   Set larger code cache with -XX:ReservedCodeCacheSize=
#   JVM is running with Zero Based Compressed Oops mode in which the Java heap is
#     placed in the first 32GB address space. The Java Heap base address is the
#     maximum limit for the native heap growth. Please use -XX:HeapBaseMinAddress
#     to set the Java Heap base and to place the Java Heap above 32GB virtual address.
# This output file may be truncated or incomplete.
#
#  Out of Memory Error (arena.cpp:79), pid=756, tid=9700
#
# JRE version: Java(TM) SE Runtime Environment (16.0.2+7) (build 16.0.2+7-67)
# Java VM: Java HotSpot(TM) 64-Bit Server VM (16.0.2+7-67, mixed mode, tiered, compressed oops, compressed class ptrs, g1 gc, windows-amd64)
# No core dump will be written. Minidumps are not enabled by default on client versions of Windows
#

---------------  S U M M A R Y ------------

Command Line: -XX:TieredStopAtLevel=1 javeriana.ms.restador.RestadorApplication

Host: AMD Ryzen 5 3500U with Radeon Vega Mobile Gfx  , 8 cores, 9G,  Windows 10 , 64 bit Build 19041 (10.0.19041.1151)
Time: Sat Sep 11 17:36:57 2021 SA Pacific Standard Time elapsed time: 0.347532 seconds (0d 0h 0m 0s)

---------------  T H R E A D  ---------------

Current thread (0x000002492a42b600):  JavaThread "C1 CompilerThread0" daemon [_thread_in_native, id=9700, stack(0x000000f383300000,0x000000f383400000)]


Current CompileTask:
C1:    347  229   !   1       java.lang.StringCoding::decode (362 bytes)

Stack: [0x000000f383300000,0x000000f383400000]
Native frames: (J=compiled Java code, j=interpreted, Vv=VM code, C=native code)
V  [jvm.dll+0x6681ca]
V  [jvm.dll+0x7c9e69]
V  [jvm.dll+0x7cb61e]
V  [jvm.dll+0x7cbc73]
V  [jvm.dll+0x242c55]
V  [jvm.dll+0xae10f]
V  [jvm.dll+0xae45c]
V  [jvm.dll+0x17a741]
V  [jvm.dll+0x17d2ae]
V  [jvm.dll+0x17d8d0]
V  [jvm.dll+0x175130]
V  [jvm.dll+0x174617]
V  [jvm.dll+0x17e38b]
V  [jvm.dll+0x175735]
V  [jvm.dll+0x17960f]
V  [jvm.dll+0x1331c3]
V  [jvm.dll+0x132a5f]
V  [jvm.dll+0x132c99]
V  [jvm.dll+0x1320ff]
V  [jvm.dll+0x133ec1]
V  [jvm.dll+0x225158]
V  [jvm.dll+0x22319c]
V  [jvm.dll+0x77fa62]
V  [jvm.dll+0x7795aa]
V  [jvm.dll+0x667066]
C  [ucrtbase.dll+0x21bb2]
C  [KERNEL32.DLL+0x17034]
C  [ntdll.dll+0x52651]


---------------  P R O C E S S  ---------------

Threads class SMR info:
_java_thread_list=0x000002492a5674a0, length=11, elements={
0x000002490a476b10, 0x000002492a412250, 0x000002492a413110, 0x000002492983e930,
0x000002492a4244c0, 0x000002492a426ee0, 0x000002492a4277f0, 0x000002492a42b600,
0x000002492a433f60, 0x000002492a58b400, 0x000002492a594090
}

Java Threads: ( => current thread )
  0x000002490a476b10 JavaThread "main" [_thread_in_vm, id=11104, stack(0x000000f382600000,0x000000f382700000)]
  0x000002492a412250 JavaThread "Reference Handler" daemon [_thread_blocked, id=10732, stack(0x000000f382d00000,0x000000f382e00000)]
  0x000002492a413110 JavaThread "Finalizer" daemon [_thread_blocked, id=8512, stack(0x000000f382e00000,0x000000f382f00000)]
  0x000002492983e930 JavaThread "Signal Dispatcher" daemon [_thread_blocked, id=12432, stack(0x000000f382f00000,0x000000f383000000)]
  0x000002492a4244c0 JavaThread "Attach Listener" daemon [_thread_blocked, id=1432, stack(0x000000f383000000,0x000000f383100000)]
  0x000002492a426ee0 JavaThread "Service Thread" daemon [_thread_blocked, id=9844, stack(0x000000f383100000,0x000000f383200000)]
  0x000002492a4277f0 JavaThread "Monitor Deflation Thread" daemon [_thread_blocked, id=1744, stack(0x000000f383200000,0x000000f383300000)]
=>0x000002492a42b600 JavaThread "C1 CompilerThread0" daemon [_thread_in_native, id=9700, stack(0x000000f383300000,0x000000f383400000)]
  0x000002492a433f60 JavaThread "Sweeper thread" daemon [_thread_blocked, id=8780, stack(0x000000f383400000,0x000000f383500000)]
  0x000002492a58b400 JavaThread "Notification Thread" daemon [_thread_blocked, id=13772, stack(0x000000f383500000,0x000000f383600000)]
  0x000002492a594090 JavaThread "Common-Cleaner" daemon [_thread_blocked, id=3612, stack(0x000000f383700000,0x000000f383800000)]

Other Threads:
  0x00000249298178f0 VMThread "VM Thread" [stack: 0x000000f382c00000,0x000000f382d00000] [id=2212]
  0x000002492a58d550 WatcherThread [stack: 0x000000f383600000,0x000000f383700000] [id=6004]
  0x000002490a4b3e20 GCTaskThread "GC Thread#0" [stack: 0x000000f382700000,0x000000f382800000] [id=11924]
  0x000002490a4bfeb0 ConcurrentGCThread "G1 Main Marker" [stack: 0x000000f382800000,0x000000f382900000] [id=13236]
  0x000002490a4c1140 ConcurrentGCThread "G1 Conc#0" [stack: 0x000000f382900000,0x000000f382a00000] [id=13416]
  0x000002490a539600 ConcurrentGCThread "G1 Refine#0" [stack: 0x000000f382a00000,0x000000f382b00000] [id=13352]
  0x0000024929680200 ConcurrentGCThread "G1 Service" [stack: 0x000000f382b00000,0x000000f382c00000] [id=1168]

Threads with active compile tasks:
C1 CompilerThread0      368  229   !   1       java.lang.StringCoding::decode (362 bytes)

VM state: not at safepoint (normal execution)

VM Mutex/Monitor currently owned by a thread:  ([mutex/lock_event])
[0x000002490a474ff0] Verify_lock - owner thread: 0x000002490a476b10

Heap address: 0x0000000760c00000, size: 2548 MB, Compressed Oops mode: Zero based, Oop shift amount: 3

CDS disabled.
Compressed class space mapped at: 0x0000000800000000-0x0000000840000000, reserved size: 1073741824
Narrow klass base: 0x0000000800000000, Narrow klass shift: 0, Narrow klass range: 0x40000000

GC Precious Log:
 CPUs: 8 total, 8 available
 Memory: 10187M
 Large Page Support: Disabled
 NUMA Support: Disabled
 Compressed Oops: Enabled (Zero based)
 Heap Region Size: 2M
 Heap Min Capacity: 8M
 Heap Initial Capacity: 160M
 Heap Max Capacity: 2548M
 Pre-touch: Disabled
 Parallel Workers: 8
 Concurrent Workers: 2
 Concurrent Refinement Workers: 8
 Periodic GC: Disabled

Heap:
 garbage-first heap   total 163840K, used 10240K [0x0000000760c00000, 0x0000000800000000)
  region size 2048K, 7 young (14336K), 0 survivors (0K)
 Metaspace       used 5101K, committed 5248K, reserved 1056768K
  class space    used 433K, committed 512K, reserved 1048576K

Heap Regions: E=young(eden), S=young(survivor), O=old, HS=humongous(starts), HC=humongous(continues), CS=collection set, F=free, OA=open archive, CA=closed archive, TAMS=top-at-mark-start (previous, next)
|   0|0x0000000760c00000, 0x0000000760c00000, 0x0000000760e00000|  0%| F|  |TAMS 0x0000000760c00000, 0x0000000760c00000| Untracked 
|   1|0x0000000760e00000, 0x0000000760e00000, 0x0000000761000000|  0%| F|  |TAMS 0x0000000760e00000, 0x0000000760e00000| Untracked 
|   2|0x0000000761000000, 0x0000000761000000, 0x0000000761200000|  0%| F|  |TAMS 0x0000000761000000, 0x0000000761000000| Untracked 
|   3|0x0000000761200000, 0x0000000761200000, 0x0000000761400000|  0%| F|  |TAMS 0x0000000761200000, 0x0000000761200000| Untracked 
|   4|0x0000000761400000, 0x0000000761400000, 0x0000000761600000|  0%| F|  |TAMS 0x0000000761400000, 0x0000000761400000| Untracked 
|   5|0x0000000761600000, 0x0000000761600000, 0x0000000761800000|  0%| F|  |TAMS 0x0000000761600000, 0x0000000761600000| Untracked 
|   6|0x0000000761800000, 0x0000000761800000, 0x0000000761a00000|  0%| F|  |TAMS 0x0000000761800000, 0x0000000761800000| Untracked 
|   7|0x0000000761a00000, 0x0000000761a00000, 0x0000000761c00000|  0%| F|  |TAMS 0x0000000761a00000, 0x0000000761a00000| Untracked 
|   8|0x0000000761c00000, 0x0000000761c00000, 0x0000000761e00000|  0%| F|  |TAMS 0x0000000761c00000, 0x0000000761c00000| Untracked 
|   9|0x0000000761e00000, 0x0000000761e00000, 0x0000000762000000|  0%| F|  |TAMS 0x0000000761e00000, 0x0000000761e00000| Untracked 
|  10|0x0000000762000000, 0x0000000762000000, 0x0000000762200000|  0%| F|  |TAMS 0x0000000762000000, 0x0000000762000000| Untracked 
|  11|0x0000000762200000, 0x0000000762200000, 0x0000000762400000|  0%| F|  |TAMS 0x0000000762200000, 0x0000000762200000| Untracked 
|  12|0x0000000762400000, 0x0000000762400000, 0x0000000762600000|  0%| F|  |TAMS 0x0000000762400000, 0x0000000762400000| Untracked 
|  13|0x0000000762600000, 0x0000000762600000, 0x0000000762800000|  0%| F|  |TAMS 0x0000000762600000, 0x0000000762600000| Untracked 
|  14|0x0000000762800000, 0x0000000762800000, 0x0000000762a00000|  0%| F|  |TAMS 0x0000000762800000, 0x0000000762800000| Untracked 
|  15|0x0000000762a00000, 0x0000000762a00000, 0x0000000762c00000|  0%| F|  |TAMS 0x0000000762a00000, 0x0000000762a00000| Untracked 
|  16|0x0000000762c00000, 0x0000000762c00000, 0x0000000762e00000|  0%| F|  |TAMS 0x0000000762c00000, 0x0000000762c00000| Untracked 
|  17|0x0000000762e00000, 0x0000000762e00000, 0x0000000763000000|  0%| F|  |TAMS 0x0000000762e00000, 0x0000000762e00000| Untracked 
|  18|0x0000000763000000, 0x0000000763000000, 0x0000000763200000|  0%| F|  |TAMS 0x0000000763000000, 0x0000000763000000| Untracked 
|  19|0x0000000763200000, 0x0000000763200000, 0x0000000763400000|  0%| F|  |TAMS 0x0000000763200000, 0x0000000763200000| Untracked 
|  20|0x0000000763400000, 0x0000000763400000, 0x0000000763600000|  0%| F|  |TAMS 0x0000000763400000, 0x0000000763400000| Untracked 
|  21|0x0000000763600000, 0x0000000763600000, 0x0000000763800000|  0%| F|  |TAMS 0x0000000763600000, 0x0000000763600000| Untracked 
|  22|0x0000000763800000, 0x0000000763800000, 0x0000000763a00000|  0%| F|  |TAMS 0x0000000763800000, 0x0000000763800000| Untracked 
|  23|0x0000000763a00000, 0x0000000763a00000, 0x0000000763c00000|  0%| F|  |TAMS 0x0000000763a00000, 0x0000000763a00000| Untracked 
|  24|0x0000000763c00000, 0x0000000763c00000, 0x0000000763e00000|  0%| F|  |TAMS 0x0000000763c00000, 0x0000000763c00000| Untracked 
|  25|0x0000000763e00000, 0x0000000763e00000, 0x0000000764000000|  0%| F|  |TAMS 0x0000000763e00000, 0x0000000763e00000| Untracked 
|  26|0x0000000764000000, 0x0000000764000000, 0x0000000764200000|  0%| F|  |TAMS 0x0000000764000000, 0x0000000764000000| Untracked 
|  27|0x0000000764200000, 0x0000000764200000, 0x0000000764400000|  0%| F|  |TAMS 0x0000000764200000, 0x0000000764200000| Untracked 
|  28|0x0000000764400000, 0x0000000764400000, 0x0000000764600000|  0%| F|  |TAMS 0x0000000764400000, 0x0000000764400000| Untracked 
|  29|0x0000000764600000, 0x0000000764600000, 0x0000000764800000|  0%| F|  |TAMS 0x0000000764600000, 0x0000000764600000| Untracked 
|  30|0x0000000764800000, 0x0000000764800000, 0x0000000764a00000|  0%| F|  |TAMS 0x0000000764800000, 0x0000000764800000| Untracked 
|  31|0x0000000764a00000, 0x0000000764a00000, 0x0000000764c00000|  0%| F|  |TAMS 0x0000000764a00000, 0x0000000764a00000| Untracked 
|  32|0x0000000764c00000, 0x0000000764c00000, 0x0000000764e00000|  0%| F|  |TAMS 0x0000000764c00000, 0x0000000764c00000| Untracked 
|  33|0x0000000764e00000, 0x0000000764e00000, 0x0000000765000000|  0%| F|  |TAMS 0x0000000764e00000, 0x0000000764e00000| Untracked 
|  34|0x0000000765000000, 0x0000000765000000, 0x0000000765200000|  0%| F|  |TAMS 0x0000000765000000, 0x0000000765000000| Untracked 
|  35|0x0000000765200000, 0x0000000765200000, 0x0000000765400000|  0%| F|  |TAMS 0x0000000765200000, 0x0000000765200000| Untracked 
|  36|0x0000000765400000, 0x0000000765400000, 0x0000000765600000|  0%| F|  |TAMS 0x0000000765400000, 0x0000000765400000| Untracked 
|  37|0x0000000765600000, 0x0000000765600000, 0x0000000765800000|  0%| F|  |TAMS 0x0000000765600000, 0x0000000765600000| Untracked 
|  38|0x0000000765800000, 0x0000000765800000, 0x0000000765a00000|  0%| F|  |TAMS 0x0000000765800000, 0x0000000765800000| Untracked 
|  39|0x0000000765a00000, 0x0000000765a00000, 0x0000000765c00000|  0%| F|  |TAMS 0x0000000765a00000, 0x0000000765a00000| Untracked 
|  40|0x0000000765c00000, 0x0000000765c00000, 0x0000000765e00000|  0%| F|  |TAMS 0x0000000765c00000, 0x0000000765c00000| Untracked 
|  41|0x0000000765e00000, 0x0000000765e00000, 0x0000000766000000|  0%| F|  |TAMS 0x0000000765e00000, 0x0000000765e00000| Untracked 
|  42|0x0000000766000000, 0x0000000766000000, 0x0000000766200000|  0%| F|  |TAMS 0x0000000766000000, 0x0000000766000000| Untracked 
|  43|0x0000000766200000, 0x0000000766200000, 0x0000000766400000|  0%| F|  |TAMS 0x0000000766200000, 0x0000000766200000| Untracked 
|  44|0x0000000766400000, 0x0000000766400000, 0x0000000766600000|  0%| F|  |TAMS 0x0000000766400000, 0x0000000766400000| Untracked 
|  45|0x0000000766600000, 0x0000000766600000, 0x0000000766800000|  0%| F|  |TAMS 0x0000000766600000, 0x0000000766600000| Untracked 
|  46|0x0000000766800000, 0x0000000766800000, 0x0000000766a00000|  0%| F|  |TAMS 0x0000000766800000, 0x0000000766800000| Untracked 
|  47|0x0000000766a00000, 0x0000000766a00000, 0x0000000766c00000|  0%| F|  |TAMS 0x0000000766a00000, 0x0000000766a00000| Untracked 
|  48|0x0000000766c00000, 0x0000000766c00000, 0x0000000766e00000|  0%| F|  |TAMS 0x0000000766c00000, 0x0000000766c00000| Untracked 
|  49|0x0000000766e00000, 0x0000000766e00000, 0x0000000767000000|  0%| F|  |TAMS 0x0000000766e00000, 0x0000000766e00000| Untracked 
|  50|0x0000000767000000, 0x0000000767000000, 0x0000000767200000|  0%| F|  |TAMS 0x0000000767000000, 0x0000000767000000| Untracked 
|  51|0x0000000767200000, 0x0000000767200000, 0x0000000767400000|  0%| F|  |TAMS 0x0000000767200000, 0x0000000767200000| Untracked 
|  52|0x0000000767400000, 0x0000000767400000, 0x0000000767600000|  0%| F|  |TAMS 0x0000000767400000, 0x0000000767400000| Untracked 
|  53|0x0000000767600000, 0x0000000767600000, 0x0000000767800000|  0%| F|  |TAMS 0x0000000767600000, 0x0000000767600000| Untracked 
|  54|0x0000000767800000, 0x0000000767800000, 0x0000000767a00000|  0%| F|  |TAMS 0x0000000767800000, 0x0000000767800000| Untracked 
|  55|0x0000000767a00000, 0x0000000767a00000, 0x0000000767c00000|  0%| F|  |TAMS 0x0000000767a00000, 0x0000000767a00000| Untracked 
|  56|0x0000000767c00000, 0x0000000767c00000, 0x0000000767e00000|  0%| F|  |TAMS 0x0000000767c00000, 0x0000000767c00000| Untracked 
|  57|0x0000000767e00000, 0x0000000767e00000, 0x0000000768000000|  0%| F|  |TAMS 0x0000000767e00000, 0x0000000767e00000| Untracked 
|  58|0x0000000768000000, 0x0000000768000000, 0x0000000768200000|  0%| F|  |TAMS 0x0000000768000000, 0x0000000768000000| Untracked 
|  59|0x0000000768200000, 0x0000000768200000, 0x0000000768400000|  0%| F|  |TAMS 0x0000000768200000, 0x0000000768200000| Untracked 
|  60|0x0000000768400000, 0x0000000768400000, 0x0000000768600000|  0%| F|  |TAMS 0x0000000768400000, 0x0000000768400000| Untracked 
|  61|0x0000000768600000, 0x0000000768600000, 0x0000000768800000|  0%| F|  |TAMS 0x0000000768600000, 0x0000000768600000| Untracked 
|  62|0x0000000768800000, 0x0000000768800000, 0x0000000768a00000|  0%| F|  |TAMS 0x0000000768800000, 0x0000000768800000| Untracked 
|  63|0x0000000768a00000, 0x0000000768a00000, 0x0000000768c00000|  0%| F|  |TAMS 0x0000000768a00000, 0x0000000768a00000| Untracked 
|  64|0x0000000768c00000, 0x0000000768c00000, 0x0000000768e00000|  0%| F|  |TAMS 0x0000000768c00000, 0x0000000768c00000| Untracked 
|  65|0x0000000768e00000, 0x0000000768e00000, 0x0000000769000000|  0%| F|  |TAMS 0x0000000768e00000, 0x0000000768e00000| Untracked 
|  66|0x0000000769000000, 0x0000000769000000, 0x0000000769200000|  0%| F|  |TAMS 0x0000000769000000, 0x0000000769000000| Untracked 
|  67|0x0000000769200000, 0x0000000769200000, 0x0000000769400000|  0%| F|  |TAMS 0x0000000769200000, 0x0000000769200000| Untracked 
|  68|0x0000000769400000, 0x0000000769400000, 0x0000000769600000|  0%| F|  |TAMS 0x0000000769400000, 0x0000000769400000| Untracked 
|  69|0x0000000769600000, 0x0000000769600000, 0x0000000769800000|  0%| F|  |TAMS 0x0000000769600000, 0x0000000769600000| Untracked 
|  70|0x0000000769800000, 0x0000000769800000, 0x0000000769a00000|  0%| F|  |TAMS 0x0000000769800000, 0x0000000769800000| Untracked 
|  71|0x0000000769a00000, 0x0000000769a00000, 0x0000000769c00000|  0%| F|  |TAMS 0x0000000769a00000, 0x0000000769a00000| Untracked 
|  72|0x0000000769c00000, 0x0000000769c00000, 0x0000000769e00000|  0%| F|  |TAMS 0x0000000769c00000, 0x0000000769c00000| Untracked 
|  73|0x0000000769e00000, 0x0000000769e71310, 0x000000076a000000| 22%| E|  |TAMS 0x0000000769e00000, 0x0000000769e00000| Complete 
|  74|0x000000076a000000, 0x000000076a200000, 0x000000076a200000|100%| E|CS|TAMS 0x000000076a000000, 0x000000076a000000| Complete 
|  75|0x000000076a200000, 0x000000076a400000, 0x000000076a400000|100%| E|CS|TAMS 0x000000076a200000, 0x000000076a200000| Complete 
|  76|0x000000076a400000, 0x000000076a600000, 0x000000076a600000|100%| E|  |TAMS 0x000000076a400000, 0x000000076a400000| Complete 
|  77|0x000000076a600000, 0x000000076a800000, 0x000000076a800000|100%| E|CS|TAMS 0x000000076a600000, 0x000000076a600000| Complete 
|  78|0x000000076a800000, 0x000000076aa00000, 0x000000076aa00000|100%| E|CS|TAMS 0x000000076a800000, 0x000000076a800000| Complete 
|  79|0x000000076aa00000, 0x000000076ac00000, 0x000000076ac00000|100%| E|CS|TAMS 0x000000076aa00000, 0x000000076aa00000| Complete 

Card table byte_map: [0x0000024921420000,0x0000024921920000] _byte_map_base: 0x000002491d91a000

Marking Bits (Prev, Next): (CMBitMap*) 0x000002490a4b4510, (CMBitMap*) 0x000002490a4b4550
 Prev Bits: [0x0000024921e20000, 0x00000249245f0000)
 Next Bits: [0x00000249245f0000, 0x0000024926dc0000)

Polling page: 0x0000024908460000

Metaspace:

Usage:
  Non-class:      4.59 MB used.
      Class:    438.24 KB used.
       Both:      5.02 MB used.

Virtual space:
  Non-class space:        8.00 MB reserved,       4.69 MB ( 59%) committed,  1 nodes.
      Class space:        1.00 GB reserved,     512.00 KB ( <1%) committed,  1 nodes.
              Both:        1.01 GB reserved,       5.19 MB ( <1%) committed. 

Chunk freelists:
   Non-Class:  2.72 MB
       Class:  3.53 MB
        Both:  6.25 MB

MaxMetaspaceSize: 17179869184.00 GB
CompressedClassSpaceSize: 1.00 GB
 - commit_granule_bytes: 65536.
 - commit_granule_words: 8192.
 - virtual_space_node_default_size: 1048576.
 - enlarge_chunks_in_place: 1.
 - new_chunks_are_fully_committed: 0.
 - uncommit_free_chunks: 1.
 - use_allocation_guard: 0.
 - handle_deallocations: 1.


Internal statistics:

num_allocs_failed_limit: 0.
num_arena_births: 4.
num_arena_deaths: 0.
num_vsnodes_births: 2.
num_vsnodes_deaths: 0.
num_space_committed: 83.
num_space_uncommitted: 0.
num_chunks_returned_to_freelist: 0.
num_chunks_taken_from_freelist: 23.
num_chunk_merges: 0.
num_chunk_splits: 10.
num_chunks_enlarged: 8.
num_purges: 0.

CodeHeap 'non-profiled nmethods': size=238336Kb used=281Kb max_used=281Kb free=238054Kb
 bounds [0x0000024912330000, 0x00000249125a0000, 0x0000024920bf0000]
CodeHeap 'non-nmethods': size=7424Kb used=1044Kb max_used=1044Kb free=6379Kb
 bounds [0x0000024911bf0000, 0x0000024911e60000, 0x0000024912330000]
 total_blobs=524 nmethods=228 adapters=224
 compilation: enabled
              stopped_count=0, restarted_count=0
 full_count=0

Compilation events (20 events):
Event: 0.334 Thread 0x000002492a42b600 nmethod 219 0x0000024912371d10 code [0x0000024912371ee0, 0x0000024912372428]
Event: 0.334 Thread 0x000002492a42b600  221   !   1       jdk.internal.loader.URLClassPath$JarLoader::ensureOpen (36 bytes)
Event: 0.335 Thread 0x000002492a42b600 nmethod 221 0x0000024912372810 code [0x0000024912372a20, 0x0000024912372df8]
Event: 0.335 Thread 0x000002492a42b600  220   !   1       java.util.jar.JarFile::checkForSpecialAttributes (163 bytes)
Event: 0.335 Thread 0x000002492a42b600 nmethod 220 0x0000024912373190 code [0x0000024912373400, 0x0000024912373d38]
Event: 0.335 Thread 0x000002492a42b600  222       1       java.util.zip.ZipUtils::CENLEN (9 bytes)
Event: 0.336 Thread 0x000002492a42b600 nmethod 222 0x0000024912374290 code [0x0000024912374420, 0x0000024912374598]
Event: 0.336 Thread 0x000002492a42b600  223       1       java.util.jar.Attributes$Name::hashCode (5 bytes)
Event: 0.336 Thread 0x000002492a42b600 nmethod 223 0x0000024912374710 code [0x00000249123748a0, 0x0000024912374978]
Event: 0.338 Thread 0x000002492a42b600  224       1       java.lang.String::lastIndexOf (29 bytes)
Event: 0.339 Thread 0x000002492a42b600 nmethod 224 0x0000024912374a10 code [0x0000024912374bc0, 0x0000024912374d18]
Event: 0.339 Thread 0x000002492a42b600  225       1       java.lang.CharacterData::of (124 bytes)
Event: 0.339 Thread 0x000002492a42b600 nmethod 225 0x0000024912374d90 code [0x0000024912374fc0, 0x0000024912375718]
Event: 0.339 Thread 0x000002492a42b600  227       1       java.lang.StringCoding$Result::with (12 bytes)
Event: 0.339 Thread 0x000002492a42b600 nmethod 227 0x0000024912375990 code [0x0000024912375b20, 0x0000024912375c38]
Event: 0.339 Thread 0x000002492a42b600  228       1       java.lang.String::<init> (55 bytes)
Event: 0.340 Thread 0x000002492a42b600 nmethod 228 0x0000024912375c90 code [0x0000024912375e60, 0x00000249123760c8]
Event: 0.340 Thread 0x000002492a42b600  226       1       java.lang.String::lastIndexOf (12 bytes)
Event: 0.340 Thread 0x000002492a42b600 nmethod 226 0x0000024912376210 code [0x00000249123763c0, 0x0000024912376518]
Event: 0.340 Thread 0x000002492a42b600  229   !   1       java.lang.StringCoding::decode (362 bytes)

GC Heap History (0 events):
No events

Deoptimization events (0 events):
No events

Classes unloaded (0 events):
No events

Classes redefined (0 events):
No events

Internal exceptions (0 events):
No events

Events (20 events):
Event: 0.325 loading class java/io/InputStreamReader
Event: 0.325 loading class java/io/InputStreamReader done
Event: 0.325 loading class sun/nio/cs/StreamDecoder
Event: 0.325 loading class sun/nio/cs/StreamDecoder done
Event: 0.325 loading class sun/nio/cs/UTF_8$Decoder
Event: 0.326 loading class sun/nio/cs/UTF_8$Decoder done
Event: 0.326 loading class java/util/Vector
Event: 0.326 loading class java/util/Vector done
Event: 0.326 loading class java/nio/CharBuffer
Event: 0.327 loading class java/nio/CharBuffer done
Event: 0.327 loading class java/nio/HeapCharBuffer
Event: 0.327 loading class java/nio/HeapCharBuffer done
Event: 0.327 loading class java/nio/charset/CoderResult
Event: 0.327 loading class java/nio/charset/CoderResult done
Event: 0.327 loading class java/util/LinkedList
Event: 0.328 loading class java/util/AbstractSequentialList
Event: 0.329 loading class java/util/AbstractSequentialList done
Event: 0.329 loading class java/util/LinkedList done
Event: 0.329 loading class java/util/LinkedList$Node
Event: 0.329 loading class java/util/LinkedList$Node done


Dynamic libraries:
0x00007ff71ab30000 - 0x00007ff71ab40000 	C:\Program Files\Java\jdk-16.0.2\bin\java.exe
0x00007ffb04e70000 - 0x00007ffb05065000 	C:\WINDOWS\SYSTEM32\ntdll.dll
0x00007ffb04940000 - 0x00007ffb049fd000 	C:\WINDOWS\System32\KERNEL32.DLL
0x00007ffb02750000 - 0x00007ffb02a19000 	C:\WINDOWS\System32\KERNELBASE.dll
0x00007ffb02a20000 - 0x00007ffb02b20000 	C:\WINDOWS\System32\ucrtbase.dll
0x00007ffaef8d0000 - 0x00007ffaef8e8000 	C:\Program Files\Java\jdk-16.0.2\bin\jli.dll
0x00007ffb03f60000 - 0x00007ffb0400c000 	C:\WINDOWS\System32\ADVAPI32.dll
0x00007ffb03c40000 - 0x00007ffb03cde000 	C:\WINDOWS\System32\msvcrt.dll
0x00007ffb03ce0000 - 0x00007ffb03d7b000 	C:\WINDOWS\System32\sechost.dll
0x00007ffb04090000 - 0x00007ffb041ba000 	C:\WINDOWS\System32\RPCRT4.dll
0x00007ffb041c0000 - 0x00007ffb04360000 	C:\WINDOWS\System32\USER32.dll
0x00007ffb02ce0000 - 0x00007ffb02d02000 	C:\WINDOWS\System32\win32u.dll
0x00007ffb04a00000 - 0x00007ffb04a2a000 	C:\WINDOWS\System32\GDI32.dll
0x00007ffb02bd0000 - 0x00007ffb02cdb000 	C:\WINDOWS\System32\gdi32full.dll
0x00007ffb026b0000 - 0x00007ffb0274d000 	C:\WINDOWS\System32\msvcp_win.dll
0x00007ffaf1e00000 - 0x00007ffaf209a000 	C:\WINDOWS\WinSxS\amd64_microsoft.windows.common-controls_6595b64144ccf1df_6.0.19041.1110_none_60b5254171f9507e\COMCTL32.dll
0x00007ffafb9c0000 - 0x00007ffafb9ca000 	C:\WINDOWS\SYSTEM32\VERSION.dll
0x00007ffafd3d0000 - 0x00007ffafd3e9000 	C:\Program Files\Java\jdk-16.0.2\bin\VCRUNTIME140.dll
0x00007ffb03c10000 - 0x00007ffb03c40000 	C:\WINDOWS\System32\IMM32.DLL
0x00007ffafd3c0000 - 0x00007ffafd3cc000 	C:\Program Files\Java\jdk-16.0.2\bin\vcruntime140_1.dll
0x00007ffad1570000 - 0x00007ffad1601000 	C:\Program Files\Java\jdk-16.0.2\bin\msvcp140.dll
0x00007ffa8f300000 - 0x00007ffa8feab000 	C:\Program Files\Java\jdk-16.0.2\bin\server\jvm.dll
0x00007ffb03d80000 - 0x00007ffb03d88000 	C:\WINDOWS\System32\PSAPI.DLL
0x00007ffaf0740000 - 0x00007ffaf0749000 	C:\WINDOWS\SYSTEM32\WSOCK32.dll
0x00007ffaf8f60000 - 0x00007ffaf8f87000 	C:\WINDOWS\SYSTEM32\WINMM.dll
0x00007ffb048d0000 - 0x00007ffb0493b000 	C:\WINDOWS\System32\WS2_32.dll
0x00007ffb004b0000 - 0x00007ffb004c2000 	C:\WINDOWS\SYSTEM32\kernel.appcore.dll
0x00007ffaef8c0000 - 0x00007ffaef8ca000 	C:\Program Files\Java\jdk-16.0.2\bin\jimage.dll
0x00007ffaf31b0000 - 0x00007ffaf3394000 	C:\WINDOWS\SYSTEM32\DBGHELP.DLL
0x00007ffaf29c0000 - 0x00007ffaf29ec000 	C:\WINDOWS\SYSTEM32\dbgcore.DLL
0x00007ffb025a0000 - 0x00007ffb02623000 	C:\WINDOWS\System32\bcryptPrimitives.dll
0x00007ffae2f30000 - 0x00007ffae2f55000 	C:\Program Files\Java\jdk-16.0.2\bin\java.dll
0x00007ffb02f80000 - 0x00007ffb036bf000 	C:\WINDOWS\System32\SHELL32.dll
0x00007ffb006b0000 - 0x00007ffb00e40000 	C:\WINDOWS\SYSTEM32\windows.storage.dll
0x00007ffb036c0000 - 0x00007ffb03a15000 	C:\WINDOWS\System32\combase.dll
0x00007ffb01f30000 - 0x00007ffb01f5c000 	C:\WINDOWS\SYSTEM32\Wldp.dll
0x00007ffb02ed0000 - 0x00007ffb02f7e000 	C:\WINDOWS\System32\SHCORE.dll
0x00007ffb03e70000 - 0x00007ffb03ec5000 	C:\WINDOWS\System32\shlwapi.dll
0x00007ffb024e0000 - 0x00007ffb024ff000 	C:\WINDOWS\SYSTEM32\profapi.dll
0x00007ffae78d0000 - 0x00007ffae78e9000 	C:\Program Files\Java\jdk-16.0.2\bin\net.dll
0x00007ffaf6720000 - 0x00007ffaf6828000 	C:\WINDOWS\SYSTEM32\WINHTTP.dll
0x00007ffb01c90000 - 0x00007ffb01cfa000 	C:\WINDOWS\system32\mswsock.dll
0x00007ffae2f10000 - 0x00007ffae2f23000 	C:\Program Files\Java\jdk-16.0.2\bin\nio.dll
0x00007ffae2ea0000 - 0x00007ffae2eb8000 	C:\Program Files\Java\jdk-16.0.2\bin\zip.dll
0x00007ffaef870000 - 0x00007ffaef880000 	C:\Program Files\Java\jdk-16.0.2\bin\verify.dll

dbghelp: loaded successfully - version: 4.0.5 - missing functions: none
symbol engine: initialized successfully - sym options: 0x614 - pdb path: .;C:\Program Files\Java\jdk-16.0.2\bin;C:\WINDOWS\SYSTEM32;C:\WINDOWS\WinSxS\amd64_microsoft.windows.common-controls_6595b64144ccf1df_6.0.19041.1110_none_60b5254171f9507e;C:\Program Files\Java\jdk-16.0.2\bin\server

VM Arguments:
jvm_args: -XX:TieredStopAtLevel=1 
java_command: javeriana.ms.restador.RestadorApplication
java_class_path (initial): C:\Users\andre\Documents\Codigo\Servicios\Taller_2_Parte_2\restador\target\classes;C:\Users\andre\.m2\repository\org\springframework\boot\spring-boot\2.5.4\spring-boot-2.5.4.jar;C:\Users\andre\.m2\repository\org\springframework\boot\spring-boot-autoconfigure\2.5.4\spring-boot-autoconfigure-2.5.4.jar;C:\Users\andre\.m2\repository\ch\qos\logback\logback-classic\1.2.5\logback-classic-1.2.5.jar;C:\Users\andre\.m2\repository\ch\qos\logback\logback-core\1.2.5\logback-core-1.2.5.jar;C:\Users\andre\.m2\repository\org\apache\logging\log4j\log4j-to-slf4j\2.14.1\log4j-to-slf4j-2.14.1.jar;C:\Users\andre\.m2\repository\org\apache\logging\log4j\log4j-api\2.14.1\log4j-api-2.14.1.jar;C:\Users\andre\.m2\repository\org\slf4j\jul-to-slf4j\1.7.32\jul-to-slf4j-1.7.32.jar;C:\Users\andre\.m2\repository\jakarta\annotation\jakarta.annotation-api\1.3.5\jakarta.annotation-api-1.3.5.jar;C:\Users\andre\.m2\repository\org\yaml\snakeyaml\1.28\snakeyaml-1.28.jar;C:\Users\andre\.m2\repository\org\springframework\boot\spring-boot-actuator-autoconfigure\2.5.4\spring-boot-actuator-autoconfigure-2.5.4.jar;C:\Users\andre\.m2\repository\org\springframework\boot\spring-boot-actuator\2.5.4\spring-boot-actuator-2.5.4.jar;C:\Users\andre\.m2\repository\com\fasterxml\jackson\core\jackson-databind\2.12.4\jackson-databind-2.12.4.jar;C:\Users\andre\.m2\repository\com\fasterxml\jackson\datatype\jackson-datatype-jsr310\2.12.4\jackson-datatype-jsr310-2.12.4.jar;C:\Users\andre\.m2\repository\io\micrometer\micrometer-core\1.7.3\micrometer-core-1.7.3.jar;C:\Users\andre\.m2\repository\org\hdrhistogram\HdrHistogram\2.1.12\HdrHistogram-2.1.12.jar;C:\Users\andre\.m2\repository\org\latencyutils\LatencyUtils\2.0.3\LatencyUtils-2.0.3.jar;C:\Users\andre\.m2\repository\com\fasterxml\jackson\datatype\jackson-datatype-jdk8\2.12.4\jackson-datatype-jdk8-2.12.4.jar;C:\Users\andre\.m2\repository\com\fasterxml\jackson\module\jackson-module-parameter-names\2.12.4\jackson-module-parameter-names-2.12.4.jar;C:
Launcher Type: SUN_STANDARD

[Global flags]
     intx CICompilerCount                          = 4                                         {product} {ergonomic}
     uint ConcGCThreads                            = 2                                         {product} {ergonomic}
     uint G1ConcRefinementThreads                  = 8                                         {product} {ergonomic}
   size_t G1HeapRegionSize                         = 2097152                                   {product} {ergonomic}
    uintx GCDrainStackTargetSize                   = 64                                        {product} {ergonomic}
   size_t InitialHeapSize                          = 167772160                                 {product} {ergonomic}
   size_t MarkStackSize                            = 4194304                                   {product} {ergonomic}
   size_t MaxHeapSize                              = 2671771648                                {product} {ergonomic}
   size_t MaxNewSize                               = 1602224128                                {product} {ergonomic}
   size_t MinHeapDeltaBytes                        = 2097152                                   {product} {ergonomic}
   size_t MinHeapSize                              = 8388608                                   {product} {ergonomic}
    uintx NonNMethodCodeHeapSize                   = 7549744                                {pd product} {ergonomic}
    uintx NonProfiledCodeHeapSize                  = 244108496                              {pd product} {ergonomic}
    uintx ProfiledCodeHeapSize                     = 0                                      {pd product} {ergonomic}
    uintx ReservedCodeCacheSize                    = 251658240                              {pd product} {ergonomic}
     bool SegmentedCodeCache                       = true                                      {product} {ergonomic}
   size_t SoftMaxHeapSize                          = 2671771648                             {manageable} {ergonomic}
     intx TieredStopAtLevel                        = 1                                         {product} {command line}
     bool UseCompressedClassPointers               = true                           {product lp64_product} {ergonomic}
     bool UseCompressedOops                        = true                           {product lp64_product} {ergonomic}
     bool UseG1GC                                  = true                                      {product} {ergonomic}
     bool UseLargePagesIndividualAllocation        = false                                  {pd product} {ergonomic}

Logging:
Log output configuration:
 #0: stdout all=warning uptime,level,tags
 #1: stderr all=off uptime,level,tags

Environment Variables:
PATH=C:\Program Files\Common Files\Oracle\Java\javapath;C:\ProgramData\Oracle\Java\javapath;C:\Program Files (x86)\NVIDIA Corporation\PhysX\Common;C:\Program Files (x86)\Common Files\Oracle\Java\javapath;C:\WINDOWS\system32;C:\WINDOWS;C:\WINDOWS\System32\Wbem;C:\WINDOWS\System32\WindowsPowerShell\v1.0\;C:\WINDOWS\System32\OpenSSH\;C:\Program Files\dotnet\;D:\Git\cmd;D:\NodeJs\;D:\Desarrollo\apache-maven-3.8.2\bin;C:\Users\andre\AppData\Local\Microsoft\WindowsApps;C:\Users\andre\.dotnet\tools;C:\Users\andre\AppData\Local\Programs\Microsoft VS Code\bin;C:\Users\andre\AppData\Roaming\npm;D:\IntelliJ\IntelliJ IDEA Community Edition 2021.2.1\bin;
USERNAME=andre
OS=Windows_NT
PROCESSOR_IDENTIFIER=AMD64 Family 23 Model 24 Stepping 1, AuthenticAMD



---------------  S Y S T E M  ---------------

OS:
 Windows 10 , 64 bit Build 19041 (10.0.19041.1151)
OS uptime: 1 days 23:12 hours

CPU: total 8 (initial active 8) (8 cores per cpu, 2 threads per core) family 23 model 24 stepping 1 microcode 0x0, cx8, cmov, fxsr, ht, mmx, 3dnowpref, sse, sse2, sse3, ssse3, sse4a, sse4.1, sse4.2, popcnt, lzcnt, tsc, tscinvbit, avx, avx2, aes, clmul, bmi1, bmi2, adx, sha, fma, vzeroupper, clflush, clflushopt

Memory: 4k page, system-wide physical 10187M (2890M free)
TotalPageFile size 10187M (AvailPageFile size 2M)
current process WorkingSet (physical memory assigned to process): 39M, peak: 39M
current process commit charge ("private bytes"): 238M, peak: 238M

vm_info: Java HotSpot(TM) 64-Bit Server VM (16.0.2+7-67) for windows-amd64 JRE (16.0.2+7-67), built on Jun  8 2021 23:24:19 by "mach5one" with MS VC++ 16.7 (VS2019)

END.
