#
# There is insufficient memory for the Java Runtime Environment to continue.
# Native memory allocation (malloc) failed to allocate 1338176 bytes for Chunk::new
# Possible reasons:
#   The system is out of physical RAM or swap space
#   The process is running with CompressedOops enabled, and the Java Heap may be blocking the growth of the native heap
# Possible solutions:
#   Reduce memory load on the system
#   Increase physical memory or swap space
#   Check if swap backing store is full
#   Decrease Java heap size (-Xmx/-Xms)
#   Decrease number of Java threads
#   Decrease Java thread stack sizes (-Xss)
#   Set larger code cache with -XX:ReservedCodeCacheSize=
#   JVM is running with Zero Based Compressed Oops mode in which the Java heap is
#     placed in the first 32GB address space. The Java Heap base address is the
#     maximum limit for the native heap growth. Please use -XX:HeapBaseMinAddress
#     to set the Java Heap base and to place the Java Heap above 32GB virtual address.
# This output file may be truncated or incomplete.
#
#  Out of Memory Error (arena.cpp:195), pid=4892, tid=9488
#
# JRE version: Java(TM) SE Runtime Environment (16.0.2+7) (build 16.0.2+7-67)
# Java VM: Java HotSpot(TM) 64-Bit Server VM (16.0.2+7-67, mixed mode, sharing, tiered, compressed oops, compressed class ptrs, g1 gc, windows-amd64)
# No core dump will be written. Minidumps are not enabled by default on client versions of Windows
#

---------------  S U M M A R Y ------------

Command Line: -Dclassworlds.conf=D:\Desarrollo\apache-maven-3.8.2\bin\m2.conf -Dmaven.home=D:\Desarrollo\apache-maven-3.8.2 -Dmaven.multiModuleProjectDirectory=C:\Users\andre\Documents\Codigo\Servicios\Taller_2_Parte_2\restador org.codehaus.plexus.classworlds.launcher.Launcher spring-boot:run

Host: AMD Ryzen 5 3500U with Radeon Vega Mobile Gfx  , 8 cores, 9G,  Windows 10 , 64 bit Build 19041 (10.0.19041.1151)
Time: Sat Sep 11 17:36:57 2021 SA Pacific Standard Time elapsed time: 6.355486 seconds (0d 0h 0m 6s)

---------------  T H R E A D  ---------------

Current thread (0x0000019f9f73ba30):  JavaThread "C2 CompilerThread1" daemon [_thread_in_native, id=9488, stack(0x0000007d39e00000,0x0000007d39f00000)]


Current CompileTask:
C2:   6355 5579   !   4       org.apache.maven.model.ModelBase::clone (397 bytes)

Stack: [0x0000007d39e00000,0x0000007d39f00000]
Native frames: (J=compiled Java code, j=interpreted, Vv=VM code, C=native code)
V  [jvm.dll+0x6681ca]
V  [jvm.dll+0x7c9e69]
V  [jvm.dll+0x7cb61e]
V  [jvm.dll+0x7cbc73]
V  [jvm.dll+0x242c55]
V  [jvm.dll+0xadeba]
V  [jvm.dll+0xae45c]
V  [jvm.dll+0x2a4cdf]
V  [jvm.dll+0x573c29]
V  [jvm.dll+0x21e48e]
V  [jvm.dll+0x21789c]
V  [jvm.dll+0x214ffc]
V  [jvm.dll+0x1a1beb]
V  [jvm.dll+0x225158]
V  [jvm.dll+0x22319c]
V  [jvm.dll+0x77fa62]
V  [jvm.dll+0x7795aa]
V  [jvm.dll+0x667066]
C  [ucrtbase.dll+0x21bb2]
C  [KERNEL32.DLL+0x17034]
C  [ntdll.dll+0x52651]


---------------  P R O C E S S  ---------------

Threads class SMR info:
_java_thread_list=0x0000019fa1c3b570, length=14, elements={
0x0000019ffd5d87a0, 0x0000019f9e929ef0, 0x0000019f9e92adb0, 0x0000019f9e93eda0,
0x0000019f9e93f9a0, 0x0000019f9e942c50, 0x0000019f9e944e00, 0x0000019f9e94e650,
0x0000019f9e94f8e0, 0x0000019f9e95c750, 0x0000019f9f4c1130, 0x0000019f9f4c4d70,
0x0000019f9f73ba30, 0x0000019f9f73b4a0
}

Java Threads: ( => current thread )
  0x0000019ffd5d87a0 JavaThread "main" [_thread_in_native, id=9572, stack(0x0000007d38b00000,0x0000007d38c00000)]
  0x0000019f9e929ef0 JavaThread "Reference Handler" daemon [_thread_blocked, id=13288, stack(0x0000007d39200000,0x0000007d39300000)]
  0x0000019f9e92adb0 JavaThread "Finalizer" daemon [_thread_blocked, id=10468, stack(0x0000007d39300000,0x0000007d39400000)]
  0x0000019f9e93eda0 JavaThread "Signal Dispatcher" daemon [_thread_blocked, id=13076, stack(0x0000007d39400000,0x0000007d39500000)]
  0x0000019f9e93f9a0 JavaThread "Attach Listener" daemon [_thread_blocked, id=4084, stack(0x0000007d39500000,0x0000007d39600000)]
  0x0000019f9e942c50 JavaThread "Service Thread" daemon [_thread_blocked, id=936, stack(0x0000007d39600000,0x0000007d39700000)]
  0x0000019f9e944e00 JavaThread "Monitor Deflation Thread" daemon [_thread_blocked, id=12588, stack(0x0000007d39700000,0x0000007d39800000)]
  0x0000019f9e94e650 JavaThread "C2 CompilerThread0" daemon [_thread_blocked, id=12700, stack(0x0000007d39800000,0x0000007d39900000)]
  0x0000019f9e94f8e0 JavaThread "C1 CompilerThread0" daemon [_thread_blocked, id=13244, stack(0x0000007d39900000,0x0000007d39a00000)]
  0x0000019f9e95c750 JavaThread "Sweeper thread" daemon [_thread_blocked, id=4380, stack(0x0000007d39a00000,0x0000007d39b00000)]
  0x0000019f9f4c1130 JavaThread "Notification Thread" daemon [_thread_blocked, id=12972, stack(0x0000007d39b00000,0x0000007d39c00000)]
  0x0000019f9f4c4d70 JavaThread "Common-Cleaner" daemon [_thread_blocked, id=408, stack(0x0000007d39d00000,0x0000007d39e00000)]
=>0x0000019f9f73ba30 JavaThread "C2 CompilerThread1" daemon [_thread_in_native, id=9488, stack(0x0000007d39e00000,0x0000007d39f00000)]
  0x0000019f9f73b4a0 JavaThread "C2 CompilerThread2" daemon [_thread_blocked, id=2616, stack(0x0000007d39f00000,0x0000007d3a000000)]

Other Threads:
  0x0000019f9e924b00 VMThread "VM Thread" [stack: 0x0000007d39100000,0x0000007d39200000] [id=1640]
  0x0000019f9f4c4a80 WatcherThread [stack: 0x0000007d39c00000,0x0000007d39d00000] [id=3000]
  0x0000019ffd618450 GCTaskThread "GC Thread#0" [stack: 0x0000007d38c00000,0x0000007d38d00000] [id=828]
  0x0000019f9f57f0e0 GCTaskThread "GC Thread#1" [stack: 0x0000007d3a000000,0x0000007d3a100000] [id=8904]
  0x0000019fa01298e0 GCTaskThread "GC Thread#2" [stack: 0x0000007d3a100000,0x0000007d3a200000] [id=5028]
  0x0000019f9ffe4400 GCTaskThread "GC Thread#3" [stack: 0x0000007d3a200000,0x0000007d3a300000] [id=3616]
  0x0000019f9ffe4710 GCTaskThread "GC Thread#4" [stack: 0x0000007d3a300000,0x0000007d3a400000] [id=1788]
  0x0000019f9fffe8e0 GCTaskThread "GC Thread#5" [stack: 0x0000007d3a400000,0x0000007d3a500000] [id=8892]
  0x0000019f9fffebf0 GCTaskThread "GC Thread#6" [stack: 0x0000007d3a500000,0x0000007d3a600000] [id=13496]
  0x0000019fa04ab7e0 GCTaskThread "GC Thread#7" [stack: 0x0000007d3a600000,0x0000007d3a700000] [id=11268]
  0x0000019ffd6234d0 ConcurrentGCThread "G1 Main Marker" [stack: 0x0000007d38d00000,0x0000007d38e00000] [id=15300]
  0x0000019ffd624760 ConcurrentGCThread "G1 Conc#0" [stack: 0x0000007d38e00000,0x0000007d38f00000] [id=13420]
  0x0000019fa07f72c0 ConcurrentGCThread "G1 Conc#1" [stack: 0x0000007d3a700000,0x0000007d3a800000] [id=14060]
  0x0000019ffd6b81d0 ConcurrentGCThread "G1 Refine#0" [stack: 0x0000007d38f00000,0x0000007d39000000] [id=1288]
  0x0000019f9e7e0090 ConcurrentGCThread "G1 Service" [stack: 0x0000007d39000000,0x0000007d39100000] [id=11176]

Threads with active compile tasks:
C2 CompilerThread1     6388 5579   !   4       org.apache.maven.model.ModelBase::clone (397 bytes)

VM state: not at safepoint (normal execution)

VM Mutex/Monitor currently owned by a thread: None

Heap address: 0x0000000760c00000, size: 2548 MB, Compressed Oops mode: Zero based, Oop shift amount: 3

CDS archive(s) mapped at: [0x0000000800000000-0x0000000800bb0000-0x0000000800bb0000), size 12255232, SharedBaseAddress: 0x0000000800000000, ArchiveRelocationMode: 0.
Compressed class space mapped at: 0x0000000800c00000-0x0000000840c00000, reserved size: 1073741824
Narrow klass base: 0x0000000800000000, Narrow klass shift: 3, Narrow klass range: 0x100000000

GC Precious Log:
 CPUs: 8 total, 8 available
 Memory: 10187M
 Large Page Support: Disabled
 NUMA Support: Disabled
 Compressed Oops: Enabled (Zero based)
 Heap Region Size: 2M
 Heap Min Capacity: 8M
 Heap Initial Capacity: 160M
 Heap Max Capacity: 2548M
 Pre-touch: Disabled
 Parallel Workers: 8
 Concurrent Workers: 2
 Concurrent Refinement Workers: 8
 Periodic GC: Disabled

Heap:
 garbage-first heap   total 102400K, used 71332K [0x0000000760c00000, 0x0000000800000000)
  region size 2048K, 18 young (36864K), 1 survivors (2048K)
 Metaspace       used 25255K, committed 25536K, reserved 1073152K
  class space    used 2760K, committed 2944K, reserved 1048576K

Heap Regions: E=young(eden), S=young(survivor), O=old, HS=humongous(starts), HC=humongous(continues), CS=collection set, F=free, OA=open archive, CA=closed archive, TAMS=top-at-mark-start (previous, next)
|   0|0x0000000760c00000, 0x0000000760e00000, 0x0000000760e00000|100%| O|  |TAMS 0x0000000760e00000, 0x0000000760c00000| Untracked 
|   1|0x0000000760e00000, 0x0000000761000000, 0x0000000761000000|100%| O|  |TAMS 0x0000000761000000, 0x0000000760e00000| Untracked 
|   2|0x0000000761000000, 0x0000000761200000, 0x0000000761200000|100%| O|  |TAMS 0x0000000761200000, 0x0000000761000000| Untracked 
|   3|0x0000000761200000, 0x0000000761400000, 0x0000000761400000|100%| O|  |TAMS 0x0000000761400000, 0x0000000761200000| Untracked 
|   4|0x0000000761400000, 0x0000000761600000, 0x0000000761600000|100%| O|  |TAMS 0x0000000761600000, 0x0000000761400000| Untracked 
|   5|0x0000000761600000, 0x0000000761800000, 0x0000000761800000|100%| O|  |TAMS 0x0000000761800000, 0x0000000761600000| Untracked 
|   6|0x0000000761800000, 0x0000000761a00000, 0x0000000761a00000|100%| O|  |TAMS 0x0000000761a00000, 0x0000000761800000| Untracked 
|   7|0x0000000761a00000, 0x0000000761c00000, 0x0000000761c00000|100%| O|  |TAMS 0x0000000761a00000, 0x0000000761a00000| Untracked 
|   8|0x0000000761c00000, 0x0000000761e00000, 0x0000000761e00000|100%| O|  |TAMS 0x0000000761c00000, 0x0000000761c00000| Untracked 
|   9|0x0000000761e00000, 0x0000000762000000, 0x0000000762000000|100%| O|  |TAMS 0x0000000761e00000, 0x0000000761e00000| Untracked 
|  10|0x0000000762000000, 0x0000000762000000, 0x0000000762200000|  0%| F|  |TAMS 0x0000000762000000, 0x0000000762000000| Untracked 
|  11|0x0000000762200000, 0x0000000762200000, 0x0000000762400000|  0%| F|  |TAMS 0x0000000762200000, 0x0000000762200000| Untracked 
|  12|0x0000000762400000, 0x0000000762400000, 0x0000000762600000|  0%| F|  |TAMS 0x0000000762400000, 0x0000000762400000| Untracked 
|  13|0x0000000762600000, 0x0000000762800000, 0x0000000762800000|100%| O|  |TAMS 0x0000000762800000, 0x0000000762600000| Untracked 
|  14|0x0000000762800000, 0x0000000762800000, 0x0000000762a00000|  0%| F|  |TAMS 0x0000000762800000, 0x0000000762800000| Untracked 
|  15|0x0000000762a00000, 0x0000000762c00000, 0x0000000762c00000|100%| O|  |TAMS 0x0000000762a00000, 0x0000000762a00000| Untracked 
|  16|0x0000000762c00000, 0x0000000762cb3000, 0x0000000762e00000| 34%| O|  |TAMS 0x0000000762c00000, 0x0000000762c00000| Untracked 
|  17|0x0000000762e00000, 0x0000000762e00000, 0x0000000763000000|  0%| F|  |TAMS 0x0000000762e00000, 0x0000000762e00000| Untracked 
|  18|0x0000000763000000, 0x0000000763000000, 0x0000000763200000|  0%| F|  |TAMS 0x0000000763000000, 0x0000000763000000| Untracked 
|  19|0x0000000763200000, 0x0000000763200000, 0x0000000763400000|  0%| F|  |TAMS 0x0000000763200000, 0x0000000763200000| Untracked 
|  20|0x0000000763400000, 0x0000000763400000, 0x0000000763600000|  0%| F|  |TAMS 0x0000000763400000, 0x0000000763400000| Untracked 
|  21|0x0000000763600000, 0x0000000763600000, 0x0000000763800000|  0%| F|  |TAMS 0x0000000763600000, 0x0000000763600000| Untracked 
|  22|0x0000000763800000, 0x0000000763800000, 0x0000000763a00000|  0%| F|  |TAMS 0x0000000763800000, 0x0000000763800000| Untracked 
|  23|0x0000000763a00000, 0x0000000763a00000, 0x0000000763c00000|  0%| F|  |TAMS 0x0000000763a00000, 0x0000000763a00000| Untracked 
|  24|0x0000000763c00000, 0x0000000763c00000, 0x0000000763e00000|  0%| F|  |TAMS 0x0000000763c00000, 0x0000000763c00000| Untracked 
|  25|0x0000000763e00000, 0x0000000763e00000, 0x0000000764000000|  0%| F|  |TAMS 0x0000000763e00000, 0x0000000763e00000| Untracked 
|  26|0x0000000764000000, 0x000000076416fd80, 0x0000000764200000| 71%| E|  |TAMS 0x0000000764000000, 0x0000000764000000| Complete 
|  27|0x0000000764200000, 0x0000000764400000, 0x0000000764400000|100%| E|CS|TAMS 0x0000000764200000, 0x0000000764200000| Complete 
|  28|0x0000000764400000, 0x0000000764600000, 0x0000000764600000|100%| E|CS|TAMS 0x0000000764400000, 0x0000000764400000| Complete 
|  29|0x0000000764600000, 0x0000000764800000, 0x0000000764800000|100%| E|CS|TAMS 0x0000000764600000, 0x0000000764600000| Complete 
|  30|0x0000000764800000, 0x0000000764a00000, 0x0000000764a00000|100%| E|CS|TAMS 0x0000000764800000, 0x0000000764800000| Complete 
|  31|0x0000000764a00000, 0x0000000764c00000, 0x0000000764c00000|100%| E|CS|TAMS 0x0000000764a00000, 0x0000000764a00000| Complete 
|  32|0x0000000764c00000, 0x0000000764e00000, 0x0000000764e00000|100%| O|  |TAMS 0x0000000764e00000, 0x0000000764c00000| Untracked 
|  33|0x0000000764e00000, 0x0000000765000000, 0x0000000765000000|100%| O|  |TAMS 0x0000000765000000, 0x0000000764e00000| Untracked 
|  34|0x0000000765000000, 0x0000000765200000, 0x0000000765200000|100%| O|  |TAMS 0x0000000765200000, 0x0000000765000000| Untracked 
|  35|0x0000000765200000, 0x0000000765400000, 0x0000000765400000|100%| O|  |TAMS 0x0000000765400000, 0x0000000765200000| Untracked 
|  36|0x0000000765400000, 0x0000000765600000, 0x0000000765600000|100%| E|CS|TAMS 0x0000000765400000, 0x0000000765400000| Complete 
|  37|0x0000000765600000, 0x0000000765800000, 0x0000000765800000|100%| E|CS|TAMS 0x0000000765600000, 0x0000000765600000| Complete 
|  38|0x0000000765800000, 0x0000000765a00000, 0x0000000765a00000|100%| E|CS|TAMS 0x0000000765800000, 0x0000000765800000| Complete 
|  39|0x0000000765a00000, 0x0000000765c00000, 0x0000000765c00000|100%| E|CS|TAMS 0x0000000765a00000, 0x0000000765a00000| Complete 
|  40|0x0000000765c00000, 0x0000000765e00000, 0x0000000765e00000|100%| E|CS|TAMS 0x0000000765c00000, 0x0000000765c00000| Complete 
|  41|0x0000000765e00000, 0x0000000766000000, 0x0000000766000000|100%| E|CS|TAMS 0x0000000765e00000, 0x0000000765e00000| Complete 
|  42|0x0000000766000000, 0x0000000766200000, 0x0000000766200000|100%| E|CS|TAMS 0x0000000766000000, 0x0000000766000000| Complete 
|  55|0x0000000767a00000, 0x0000000767c00000, 0x0000000767c00000|100%| E|CS|TAMS 0x0000000767a00000, 0x0000000767a00000| Complete 
|  56|0x0000000767c00000, 0x0000000767e00000, 0x0000000767e00000|100%| E|CS|TAMS 0x0000000767c00000, 0x0000000767c00000| Complete 
|  57|0x0000000767e00000, 0x0000000767ef6260, 0x0000000768000000| 48%| S|CS|TAMS 0x0000000767e00000, 0x0000000767e00000| Complete 
|  80|0x000000076ac00000, 0x000000076ae00000, 0x000000076ae00000|100%| E|CS|TAMS 0x000000076ac00000, 0x000000076ac00000| Complete 
|1271|0x00000007ffa00000, 0x00000007ffc00000, 0x00000007ffc00000|100%| O|  |TAMS 0x00000007ffc00000, 0x00000007ffa00000| Untracked 
|1272|0x00000007ffc00000, 0x00000007ffe00000, 0x00000007ffe00000|100%| E|CS|TAMS 0x00000007ffc00000, 0x00000007ffc00000| Complete 
|1273|0x00000007ffe00000, 0x0000000800000000, 0x0000000800000000|100%| O|  |TAMS 0x0000000800000000, 0x00000007ffe00000| Untracked 

Card table byte_map: [0x0000019f966a0000,0x0000019f96ba0000] _byte_map_base: 0x0000019f92b9a000

Marking Bits (Prev, Next): (CMBitMap*) 0x0000019ffd618b80, (CMBitMap*) 0x0000019ffd618b40
 Prev Bits: [0x0000019f99870000, 0x0000019f9c040000)
 Next Bits: [0x0000019f970a0000, 0x0000019f99870000)

Polling page: 0x0000019ffd6c0000

Metaspace:

Usage:
  Non-class:     21.97 MB used.
      Class:      2.70 MB used.
       Both:     24.66 MB used.

Virtual space:
  Non-class space:       24.00 MB reserved,      22.06 MB ( 92%) committed,  3 nodes.
      Class space:        1.00 GB reserved,       2.88 MB ( <1%) committed,  1 nodes.
              Both:        1.02 GB reserved,      24.94 MB (  2%) committed. 

Chunk freelists:
   Non-Class:  1.38 MB
       Class:  1.09 MB
        Both:  2.47 MB

MaxMetaspaceSize: 17179869184.00 GB
CompressedClassSpaceSize: 1.00 GB
 - commit_granule_bytes: 65536.
 - commit_granule_words: 8192.
 - virtual_space_node_default_size: 1048576.
 - enlarge_chunks_in_place: 1.
 - new_chunks_are_fully_committed: 0.
 - uncommit_free_chunks: 1.
 - use_allocation_guard: 0.
 - handle_deallocations: 1.


Internal statistics:

num_allocs_failed_limit: 6.
num_arena_births: 172.
num_arena_deaths: 0.
num_vsnodes_births: 4.
num_vsnodes_deaths: 0.
num_space_committed: 399.
num_space_uncommitted: 0.
num_chunks_returned_to_freelist: 6.
num_chunks_taken_from_freelist: 1043.
num_chunk_merges: 3.
num_chunk_splits: 745.
num_chunks_enlarged: 582.
num_purges: 0.

CodeHeap 'non-profiled nmethods': size=120000Kb used=3053Kb max_used=3291Kb free=116946Kb
 bounds [0x0000019f8f170000, 0x0000019f8f4c0000, 0x0000019f966a0000]
CodeHeap 'profiled nmethods': size=120000Kb used=10400Kb max_used=11317Kb free=109599Kb
 bounds [0x0000019f87c40000, 0x0000019f88750000, 0x0000019f8f170000]
CodeHeap 'non-nmethods': size=5760Kb used=1237Kb max_used=1304Kb free=4522Kb
 bounds [0x0000019f876a0000, 0x0000019f87910000, 0x0000019f87c40000]
 total_blobs=5472 nmethods=4935 adapters=449
 compilation: enabled
              stopped_count=0, restarted_count=0
 full_count=0

Compilation events (20 events):
Event: 6.020 Thread 0x0000019f9e94f8e0 5733       3       java.lang.invoke.MemberName::<init> (50 bytes)
Event: 6.021 Thread 0x0000019f9e94f8e0 nmethod 5733 0x0000019f87c77790 code [0x0000019f87c77980, 0x0000019f87c77c98]
Event: 6.021 Thread 0x0000019f9e94f8e0 5732       3       java.lang.invoke.InvokerBytecodeGenerator::loadInsnOpcode (87 bytes)
Event: 6.022 Thread 0x0000019f9e94f8e0 nmethod 5732 0x0000019f87e3bf90 code [0x0000019f87e3c200, 0x0000019f87e3cbd8]
Event: 6.024 Thread 0x0000019f9e94f8e0 5734       3       java.lang.invoke.DirectMethodHandle::make (268 bytes)
Event: 6.026 Thread 0x0000019f9e94f8e0 nmethod 5734 0x0000019f87e39f90 code [0x0000019f87e3a320, 0x0000019f87e3b798]
Event: 6.026 Thread 0x0000019f9e94f8e0 5735       3       java.lang.invoke.MemberName::isField (8 bytes)
Event: 6.026 Thread 0x0000019f9e94f8e0 nmethod 5735 0x0000019f87e39a90 code [0x0000019f87e39c40, 0x0000019f87e39e78]
Event: 6.061 Thread 0x0000019f9f73b4a0 nmethod 5583 0x0000019f8f4a6f10 code [0x0000019f8f4a7ea0, 0x0000019f8f4b15d8]
Event: 6.062 Thread 0x0000019f9f73b4a0 5705       4       java.net.URI$Parser::scan (76 bytes)
Event: 6.076 Thread 0x0000019f9f73b4a0 nmethod 5705 0x0000019f8f1a3390 code [0x0000019f8f1a3520, 0x0000019f8f1a3c18]
Event: 6.076 Thread 0x0000019f9f73b4a0 5697       4       java.util.jar.Manifest::parseName (84 bytes)
Event: 6.081 Thread 0x0000019f9f73b4a0 nmethod 5697 0x0000019f8f1a2a90 code [0x0000019f8f1a2c40, 0x0000019f8f1a3028]
Event: 6.081 Thread 0x0000019f9f73b4a0 5720       4       java.lang.Character::toUpperCase (6 bytes)
Event: 6.083 Thread 0x0000019f9f73b4a0 nmethod 5720 0x0000019f8f1a2690 code [0x0000019f8f1a2820, 0x0000019f8f1a2958]
Event: 6.083 Thread 0x0000019f9f73b4a0 5704       4       java.lang.CharacterDataLatin1::getType (11 bytes)
Event: 6.083 Thread 0x0000019f9f73b4a0 nmethod 5704 0x0000019f8f1a2390 code [0x0000019f8f1a2520, 0x0000019f8f1a25d8]
Event: 6.083 Thread 0x0000019f9f73b4a0 5696   !   4       jdk.internal.ref.PhantomCleanable::remove (60 bytes)
Event: 6.087 Thread 0x0000019f9f73b4a0 nmethod 5696 0x0000019f8f1a1b10 code [0x0000019f8f1a1ca0, 0x0000019f8f1a2278]
Event: 6.113 Thread 0x0000019f9e94e650 nmethod 5694% 0x0000019f8f24a690 code [0x0000019f8f24aa00, 0x0000019f8f24f1a8]

GC Heap History (20 events):
Event: 0.612 GC heap before
{Heap before GC invocations=0 (full 0):
 garbage-first heap   total 163840K, used 22528K [0x0000000760c00000, 0x0000000800000000)
  region size 2048K, 11 young (22528K), 0 survivors (0K)
 Metaspace       used 5019K, committed 5184K, reserved 1056768K
  class space    used 569K, committed 640K, reserved 1048576K
}
Event: 0.617 GC heap after
{Heap after GC invocations=1 (full 0):
 garbage-first heap   total 163840K, used 3638K [0x0000000760c00000, 0x0000000800000000)
  region size 2048K, 2 young (4096K), 2 survivors (4096K)
 Metaspace       used 5019K, committed 5184K, reserved 1056768K
  class space    used 569K, committed 640K, reserved 1048576K
}
Event: 1.141 GC heap before
{Heap before GC invocations=1 (full 0):
 garbage-first heap   total 163840K, used 32310K [0x0000000760c00000, 0x0000000800000000)
  region size 2048K, 16 young (32768K), 2 survivors (4096K)
 Metaspace       used 9430K, committed 9600K, reserved 1064960K
  class space    used 1128K, committed 1216K, reserved 1048576K
}
Event: 1.147 GC heap after
{Heap after GC invocations=2 (full 0):
 garbage-first heap   total 163840K, used 5616K [0x0000000760c00000, 0x0000000800000000)
  region size 2048K, 1 young (2048K), 1 survivors (2048K)
 Metaspace       used 9430K, committed 9600K, reserved 1064960K
  class space    used 1128K, committed 1216K, reserved 1048576K
}
Event: 2.468 GC heap before
{Heap before GC invocations=2 (full 0):
 garbage-first heap   total 163840K, used 101872K [0x0000000760c00000, 0x0000000800000000)
  region size 2048K, 48 young (98304K), 1 survivors (2048K)
 Metaspace       used 13427K, committed 13568K, reserved 1064960K
  class space    used 1455K, committed 1536K, reserved 1048576K
}
Event: 2.487 GC heap after
{Heap after GC invocations=3 (full 0):
 garbage-first heap   total 163840K, used 15858K [0x0000000760c00000, 0x0000000800000000)
  region size 2048K, 6 young (12288K), 6 survivors (12288K)
 Metaspace       used 13427K, committed 13568K, reserved 1064960K
  class space    used 1455K, committed 1536K, reserved 1048576K
}
Event: 3.489 GC heap before
{Heap before GC invocations=3 (full 0):
 garbage-first heap   total 163840K, used 151026K [0x0000000760c00000, 0x0000000800000000)
  region size 2048K, 48 young (98304K), 6 survivors (12288K)
 Metaspace       used 15091K, committed 15296K, reserved 1064960K
  class space    used 1580K, committed 1664K, reserved 1048576K
}
Event: 3.503 GC heap after
{Heap after GC invocations=4 (full 0):
 garbage-first heap   total 169984K, used 19450K [0x0000000760c00000, 0x0000000800000000)
  region size 2048K, 3 young (6144K), 3 survivors (6144K)
 Metaspace       used 15091K, committed 15296K, reserved 1064960K
  class space    used 1580K, committed 1664K, reserved 1048576K
}
Event: 4.263 GC heap before
{Heap before GC invocations=4 (full 0):
 garbage-first heap   total 169984K, used 60410K [0x0000000760c00000, 0x0000000800000000)
  region size 2048K, 25 young (51200K), 3 survivors (6144K)
 Metaspace       used 21039K, committed 21248K, reserved 1073152K
  class space    used 2286K, committed 2432K, reserved 1048576K
}
Event: 4.269 GC heap after
{Heap after GC invocations=5 (full 0):
 garbage-first heap   total 169984K, used 20870K [0x0000000760c00000, 0x0000000800000000)
  region size 2048K, 3 young (6144K), 3 survivors (6144K)
 Metaspace       used 21039K, committed 21248K, reserved 1073152K
  class space    used 2286K, committed 2432K, reserved 1048576K
}
Event: 4.843 GC heap before
{Heap before GC invocations=6 (full 0):
 garbage-first heap   total 81920K, used 63878K [0x0000000760c00000, 0x0000000800000000)
  region size 2048K, 24 young (49152K), 3 survivors (6144K)
 Metaspace       used 23129K, committed 23424K, reserved 1073152K
  class space    used 2520K, committed 2688K, reserved 1048576K
}
Event: 4.857 GC heap after
{Heap after GC invocations=7 (full 0):
 garbage-first heap   total 83968K, used 32898K [0x0000000760c00000, 0x0000000800000000)
  region size 2048K, 3 young (6144K), 3 survivors (6144K)
 Metaspace       used 23129K, committed 23424K, reserved 1073152K
  class space    used 2520K, committed 2688K, reserved 1048576K
}
Event: 5.213 GC heap before
{Heap before GC invocations=8 (full 0):
 garbage-first heap   total 83968K, used 59522K [0x0000000760c00000, 0x0000000800000000)
  region size 2048K, 16 young (32768K), 3 survivors (6144K)
 Metaspace       used 23374K, committed 23680K, reserved 1073152K
  class space    used 2546K, committed 2688K, reserved 1048576K
}
Event: 5.222 GC heap after
{Heap after GC invocations=9 (full 0):
 garbage-first heap   total 83968K, used 41350K [0x0000000760c00000, 0x0000000800000000)
  region size 2048K, 2 young (4096K), 2 survivors (4096K)
 Metaspace       used 23374K, committed 23680K, reserved 1073152K
  class space    used 2546K, committed 2688K, reserved 1048576K
}
Event: 5.427 GC heap before
{Heap before GC invocations=9 (full 0):
 garbage-first heap   total 83968K, used 59782K [0x0000000760c00000, 0x0000000800000000)
  region size 2048K, 11 young (22528K), 2 survivors (4096K)
 Metaspace       used 24257K, committed 24576K, reserved 1073152K
  class space    used 2651K, committed 2816K, reserved 1048576K
}
Event: 5.434 GC heap after
{Heap after GC invocations=10 (full 0):
 garbage-first heap   total 102400K, used 44108K [0x0000000760c00000, 0x0000000800000000)
  region size 2048K, 1 young (2048K), 1 survivors (2048K)
 Metaspace       used 24257K, committed 24576K, reserved 1073152K
  class space    used 2651K, committed 2816K, reserved 1048576K
}
Event: 5.699 GC heap before
{Heap before GC invocations=11 (full 0):
 garbage-first heap   total 102400K, used 72780K [0x0000000760c00000, 0x0000000800000000)
  region size 2048K, 15 young (30720K), 1 survivors (2048K)
 Metaspace       used 24300K, committed 24576K, reserved 1073152K
  class space    used 2651K, committed 2816K, reserved 1048576K
}
Event: 5.705 GC heap after
{Heap after GC invocations=12 (full 0):
 garbage-first heap   total 102400K, used 44791K [0x0000000760c00000, 0x0000000800000000)
  region size 2048K, 2 young (4096K), 2 survivors (4096K)
 Metaspace       used 24300K, committed 24576K, reserved 1073152K
  class space    used 2651K, committed 2816K, reserved 1048576K
}
Event: 5.751 GC heap before
{Heap before GC invocations=12 (full 0):
 garbage-first heap   total 102400K, used 44791K [0x0000000760c00000, 0x0000000800000000)
  region size 2048K, 3 young (6144K), 2 survivors (4096K)
 Metaspace       used 24305K, committed 24576K, reserved 1073152K
  class space    used 2651K, committed 2816K, reserved 1048576K
}
Event: 5.757 GC heap after
{Heap after GC invocations=13 (full 0):
 garbage-first heap   total 102400K, used 38564K [0x0000000760c00000, 0x0000000800000000)
  region size 2048K, 1 young (2048K), 1 survivors (2048K)
 Metaspace       used 24305K, committed 24576K, reserved 1073152K
  class space    used 2651K, committed 2816K, reserved 1048576K
}

Deoptimization events (20 events):
Event: 5.905 Thread 0x0000019ffd5d87a0 Uncommon trap: trap_request=0xffffffde fr.pc=0x0000019f8f229548 relative=0x00000000000004c8
Event: 5.905 Thread 0x0000019ffd5d87a0 Uncommon trap: reason=class_check action=maybe_recompile pc=0x0000019f8f229548 method=com.google.inject.internal.MoreTypes.getRawType(Ljava/lang/reflect/Type;)Ljava/lang/Class; @ 13 c2
Event: 5.905 Thread 0x0000019ffd5d87a0 DEOPT PACKING pc=0x0000019f8f229548 sp=0x0000007d38bfdb30
Event: 5.905 Thread 0x0000019ffd5d87a0 DEOPT UNPACKING pc=0x0000019f876ed72e sp=0x0000007d38bfda78 mode 2
Event: 5.906 Thread 0x0000019ffd5d87a0 Uncommon trap: trap_request=0xffffffde fr.pc=0x0000019f8f229548 relative=0x00000000000004c8
Event: 5.906 Thread 0x0000019ffd5d87a0 Uncommon trap: reason=class_check action=maybe_recompile pc=0x0000019f8f229548 method=com.google.inject.internal.MoreTypes.getRawType(Ljava/lang/reflect/Type;)Ljava/lang/Class; @ 13 c2
Event: 5.906 Thread 0x0000019ffd5d87a0 DEOPT PACKING pc=0x0000019f8f229548 sp=0x0000007d38bfdb30
Event: 5.906 Thread 0x0000019ffd5d87a0 DEOPT UNPACKING pc=0x0000019f876ed72e sp=0x0000007d38bfda78 mode 2
Event: 5.907 Thread 0x0000019ffd5d87a0 Uncommon trap: trap_request=0xffffffde fr.pc=0x0000019f8f229548 relative=0x00000000000004c8
Event: 5.907 Thread 0x0000019ffd5d87a0 Uncommon trap: reason=class_check action=maybe_recompile pc=0x0000019f8f229548 method=com.google.inject.internal.MoreTypes.getRawType(Ljava/lang/reflect/Type;)Ljava/lang/Class; @ 13 c2
Event: 5.907 Thread 0x0000019ffd5d87a0 DEOPT PACKING pc=0x0000019f8f229548 sp=0x0000007d38bfdb30
Event: 5.907 Thread 0x0000019ffd5d87a0 DEOPT UNPACKING pc=0x0000019f876ed72e sp=0x0000007d38bfda78 mode 2
Event: 6.008 Thread 0x0000019ffd5d87a0 Uncommon trap: trap_request=0xffffffde fr.pc=0x0000019f8f32ac88 relative=0x0000000000000068
Event: 6.009 Thread 0x0000019ffd5d87a0 Uncommon trap: reason=class_check action=maybe_recompile pc=0x0000019f8f32ac88 method=java.util.Collections$UnmodifiableMap.size()I @ 4 c2
Event: 6.009 Thread 0x0000019ffd5d87a0 DEOPT PACKING pc=0x0000019f8f32ac88 sp=0x0000007d38bfdba0
Event: 6.009 Thread 0x0000019ffd5d87a0 DEOPT UNPACKING pc=0x0000019f876ed72e sp=0x0000007d38bfdb28 mode 2
Event: 6.025 Thread 0x0000019ffd5d87a0 Uncommon trap: trap_request=0xffffffde fr.pc=0x0000019f8f3e95bc relative=0x000000000000057c
Event: 6.025 Thread 0x0000019ffd5d87a0 Uncommon trap: reason=class_check action=maybe_recompile pc=0x0000019f8f3e95bc method=java.util.Hashtable.get(Ljava/lang/Object;)Ljava/lang/Object; @ 6 c2
Event: 6.025 Thread 0x0000019ffd5d87a0 DEOPT PACKING pc=0x0000019f8f3e95bc sp=0x0000007d38bfda80
Event: 6.025 Thread 0x0000019ffd5d87a0 DEOPT UNPACKING pc=0x0000019f876ed72e sp=0x0000007d38bfda30 mode 2

Classes unloaded (0 events):
No events

Classes redefined (0 events):
No events

Internal exceptions (20 events):
Event: 5.272 Thread 0x0000019ffd5d87a0 Exception <a 'sun/nio/fs/WindowsException'{0x0000000767e2f8a8}> (0x0000000767e2f8a8) 
thrown [t:\workspace\open\src\hotspot\share\prims\jni.cpp, line 579]
Event: 5.272 Thread 0x0000019ffd5d87a0 Exception <a 'sun/nio/fs/WindowsException'{0x0000000767e2fcc0}> (0x0000000767e2fcc0) 
thrown [t:\workspace\open\src\hotspot\share\prims\jni.cpp, line 579]
Event: 5.273 Thread 0x0000019ffd5d87a0 Exception <a 'sun/nio/fs/WindowsException'{0x0000000767e30c90}> (0x0000000767e30c90) 
thrown [t:\workspace\open\src\hotspot\share\prims\jni.cpp, line 579]
Event: 5.273 Thread 0x0000019ffd5d87a0 Exception <a 'sun/nio/fs/WindowsException'{0x0000000767e31080}> (0x0000000767e31080) 
thrown [t:\workspace\open\src\hotspot\share\prims\jni.cpp, line 579]
Event: 5.273 Thread 0x0000019ffd5d87a0 Exception <a 'sun/nio/fs/WindowsException'{0x0000000767e3fdc8}> (0x0000000767e3fdc8) 
thrown [t:\workspace\open\src\hotspot\share\prims\jni.cpp, line 579]
Event: 5.273 Thread 0x0000019ffd5d87a0 Exception <a 'sun/nio/fs/WindowsException'{0x0000000767e40178}> (0x0000000767e40178) 
thrown [t:\workspace\open\src\hotspot\share\prims\jni.cpp, line 579]
Event: 5.274 Thread 0x0000019ffd5d87a0 Exception <a 'sun/nio/fs/WindowsException'{0x0000000767e688b8}> (0x0000000767e688b8) 
thrown [t:\workspace\open\src\hotspot\share\prims\jni.cpp, line 579]
Event: 5.274 Thread 0x0000019ffd5d87a0 Exception <a 'sun/nio/fs/WindowsException'{0x0000000767e68ca8}> (0x0000000767e68ca8) 
thrown [t:\workspace\open\src\hotspot\share\prims\jni.cpp, line 579]
Event: 5.274 Thread 0x0000019ffd5d87a0 Exception <a 'sun/nio/fs/WindowsException'{0x0000000767e69d38}> (0x0000000767e69d38) 
thrown [t:\workspace\open\src\hotspot\share\prims\jni.cpp, line 579]
Event: 5.274 Thread 0x0000019ffd5d87a0 Exception <a 'sun/nio/fs/WindowsException'{0x0000000767e6a1e8}> (0x0000000767e6a1e8) 
thrown [t:\workspace\open\src\hotspot\share\prims\jni.cpp, line 579]
Event: 5.327 Thread 0x0000019ffd5d87a0 Exception <a 'sun/nio/fs/WindowsException'{0x0000000767acafc8}> (0x0000000767acafc8) 
thrown [t:\workspace\open\src\hotspot\share\prims\jni.cpp, line 579]
Event: 5.898 Thread 0x0000019ffd5d87a0 Exception <a 'java/lang/NoClassDefFoundError'{0x0000000765d60698}: org/sonatype/aether/graph/Dependency> (0x0000000765d60698) 
thrown [t:\workspace\open\src\hotspot\share\classfile\systemDictionary.cpp, line 245]
Event: 5.914 Thread 0x0000019ffd5d87a0 Exception <a 'java/lang/NoSuchMethodError'{0x0000000765a1f0e0}: 'int java.lang.invoke.DirectMethodHandle$Holder.invokeStatic(java.lang.Object, java.lang.Object, java.lang.Object, java.lang.Object)'> (0x0000000765a1f0e0) 
thrown [t:\workspace\open\src\hotspot\share\interpreter\linkResolver.cpp, line 790]
Event: 5.914 Thread 0x0000019ffd5d87a0 Exception <a 'java/lang/NoSuchMethodError'{0x0000000765a22c38}: 'java.lang.Object java.lang.invoke.Invokers$Holder.invokeExact_MT(java.lang.Object, java.lang.Object, java.lang.Object, java.lang.Object, java.lang.Object, java.lang.Object)'> (0x0000000765a22c38) 
thrown [t:\workspace\open\src\hotspot\share\interpreter\linkResolver.cpp, line 790]
Event: 6.015 Thread 0x0000019ffd5d87a0 Exception <a 'java/lang/NoSuchMethodError'{0x000000076413ebd0}: 'void java.lang.invoke.DirectMethodHandle$Holder.invokeStatic(java.lang.Object, long)'> (0x000000076413ebd0) 
thrown [t:\workspace\open\src\hotspot\share\interpreter\linkResolver.cpp, line 790]
Event: 6.016 Thread 0x0000019ffd5d87a0 Exception <a 'java/lang/NoSuchMethodError'{0x0000000764144450}: 'java.lang.Object java.lang.invoke.DirectMethodHandle$Holder.newInvokeSpecial(java.lang.Object, long)'> (0x0000000764144450) 
thrown [t:\workspace\open\src\hotspot\share\interpreter\linkResolver.cpp, line 790]
Event: 6.019 Thread 0x0000019ffd5d87a0 Exception <a 'java/lang/NoSuchMethodError'{0x000000076414ef78}: 'java.lang.Object java.lang.invoke.DirectMethodHandle$Holder.invokeStaticInit(java.lang.Object, java.lang.Object, long, java.lang.Object)'> (0x000000076414ef78) 
thrown [t:\workspace\open\src\hotspot\share\interpreter\linkResolver.cpp, line 790]
Event: 6.020 Thread 0x0000019ffd5d87a0 Exception <a 'java/lang/NoSuchMethodError'{0x0000000764155910}: 'java.lang.Object java.lang.invoke.DirectMethodHandle$Holder.newInvokeSpecial(java.lang.Object, java.lang.Object, long)'> (0x0000000764155910) 
thrown [t:\workspace\open\src\hotspot\share\interpreter\linkResolver.cpp, line 790]
Event: 6.020 Thread 0x0000019ffd5d87a0 Exception <a 'java/lang/NoSuchMethodError'{0x0000000764159680}: 'java.lang.Object java.lang.invoke.Invokers$Holder.linkToTargetMethod(java.lang.Object, long, java.lang.Object)'> (0x0000000764159680) 
thrown [t:\workspace\open\src\hotspot\share\interpreter\linkResolver.cpp, line 790]
Event: 6.024 Thread 0x0000019ffd5d87a0 Exception <a 'java/lang/NoSuchMethodError'{0x0000000764164b08}: 'void java.lang.invoke.DirectMethodHandle$Holder.invokeStatic(java.lang.Object, java.lang.Object, java.lang.Object)'> (0x0000000764164b08) 
thrown [t:\workspace\open\src\hotspot\share\interpreter\linkResolver.cpp, line 790]

Events (20 events):
Event: 6.021 loading class java/util/concurrent/SynchronousQueue$TransferStack$SNode
Event: 6.021 loading class java/util/concurrent/SynchronousQueue$TransferStack$SNode done
Event: 6.022 loading class java/lang/ProcessImpl$2
Event: 6.022 loading class java/lang/ProcessImpl$2 done
Event: 6.022 loading class java/lang/ProcessBuilder$NullOutputStream
Event: 6.022 loading class java/lang/ProcessBuilder$NullOutputStream done
Event: 6.022 loading class java/lang/ProcessBuilder$NullInputStream
Event: 6.022 loading class java/lang/ProcessBuilder$NullInputStream done
Event: 6.022 loading class jdk/internal/event/ProcessStartEvent
Event: 6.022 loading class jdk/internal/event/Event
Event: 6.022 loading class jdk/internal/event/Event done
Event: 6.022 loading class jdk/internal/event/ProcessStartEvent done
Event: 6.023 loading class sun/misc/Signal
Event: 6.024 loading class sun/misc/Signal done
Event: 6.024 loading class sun/misc/SignalHandler
Event: 6.024 loading class sun/misc/SignalHandler done
Event: 6.025 loading class sun/misc/Signal$InternalMiscHandler
Event: 6.025 loading class sun/misc/Signal$InternalMiscHandler done
Event: 6.025 loading class sun/misc/Signal$SunMiscHandler
Event: 6.025 loading class sun/misc/Signal$SunMiscHandler done


Dynamic libraries:
0x00007ff71ab30000 - 0x00007ff71ab40000 	C:\Program Files\Java\jdk-16.0.2\bin\java.exe
0x00007ffb04e70000 - 0x00007ffb05065000 	C:\WINDOWS\SYSTEM32\ntdll.dll
0x00007ffb04940000 - 0x00007ffb049fd000 	C:\WINDOWS\System32\KERNEL32.DLL
0x00007ffb02750000 - 0x00007ffb02a19000 	C:\WINDOWS\System32\KERNELBASE.dll
0x00007ffb02a20000 - 0x00007ffb02b20000 	C:\WINDOWS\System32\ucrtbase.dll
0x00007ffafd3d0000 - 0x00007ffafd3e9000 	C:\Program Files\Java\jdk-16.0.2\bin\VCRUNTIME140.dll
0x00007ffaef8d0000 - 0x00007ffaef8e8000 	C:\Program Files\Java\jdk-16.0.2\bin\jli.dll
0x00007ffb03f60000 - 0x00007ffb0400c000 	C:\WINDOWS\System32\ADVAPI32.dll
0x00007ffb03c40000 - 0x00007ffb03cde000 	C:\WINDOWS\System32\msvcrt.dll
0x00007ffb03ce0000 - 0x00007ffb03d7b000 	C:\WINDOWS\System32\sechost.dll
0x00007ffb04090000 - 0x00007ffb041ba000 	C:\WINDOWS\System32\RPCRT4.dll
0x00007ffb041c0000 - 0x00007ffb04360000 	C:\WINDOWS\System32\USER32.dll
0x00007ffaf1e00000 - 0x00007ffaf209a000 	C:\WINDOWS\WinSxS\amd64_microsoft.windows.common-controls_6595b64144ccf1df_6.0.19041.1110_none_60b5254171f9507e\COMCTL32.dll
0x00007ffb02ce0000 - 0x00007ffb02d02000 	C:\WINDOWS\System32\win32u.dll
0x00007ffb04a00000 - 0x00007ffb04a2a000 	C:\WINDOWS\System32\GDI32.dll
0x00007ffb02bd0000 - 0x00007ffb02cdb000 	C:\WINDOWS\System32\gdi32full.dll
0x00007ffb026b0000 - 0x00007ffb0274d000 	C:\WINDOWS\System32\msvcp_win.dll
0x00007ffafb9c0000 - 0x00007ffafb9ca000 	C:\WINDOWS\SYSTEM32\VERSION.dll
0x00007ffb03c10000 - 0x00007ffb03c40000 	C:\WINDOWS\System32\IMM32.DLL
0x00007ffafd3c0000 - 0x00007ffafd3cc000 	C:\Program Files\Java\jdk-16.0.2\bin\vcruntime140_1.dll
0x00007ffad1570000 - 0x00007ffad1601000 	C:\Program Files\Java\jdk-16.0.2\bin\msvcp140.dll
0x00007ffa8f300000 - 0x00007ffa8feab000 	C:\Program Files\Java\jdk-16.0.2\bin\server\jvm.dll
0x00007ffb03d80000 - 0x00007ffb03d88000 	C:\WINDOWS\System32\PSAPI.DLL
0x00007ffaf8f60000 - 0x00007ffaf8f87000 	C:\WINDOWS\SYSTEM32\WINMM.dll
0x00007ffaf0740000 - 0x00007ffaf0749000 	C:\WINDOWS\SYSTEM32\WSOCK32.dll
0x00007ffb048d0000 - 0x00007ffb0493b000 	C:\WINDOWS\System32\WS2_32.dll
0x00007ffb004b0000 - 0x00007ffb004c2000 	C:\WINDOWS\SYSTEM32\kernel.appcore.dll
0x00007ffaef8c0000 - 0x00007ffaef8ca000 	C:\Program Files\Java\jdk-16.0.2\bin\jimage.dll
0x00007ffaf31b0000 - 0x00007ffaf3394000 	C:\WINDOWS\SYSTEM32\DBGHELP.DLL
0x00007ffaf29c0000 - 0x00007ffaf29ec000 	C:\WINDOWS\SYSTEM32\dbgcore.DLL
0x00007ffb025a0000 - 0x00007ffb02623000 	C:\WINDOWS\System32\bcryptPrimitives.dll
0x00007ffae2f30000 - 0x00007ffae2f55000 	C:\Program Files\Java\jdk-16.0.2\bin\java.dll
0x00007ffb02f80000 - 0x00007ffb036bf000 	C:\WINDOWS\System32\SHELL32.dll
0x00007ffb006b0000 - 0x00007ffb00e40000 	C:\WINDOWS\SYSTEM32\windows.storage.dll
0x00007ffb036c0000 - 0x00007ffb03a15000 	C:\WINDOWS\System32\combase.dll
0x00007ffb01f30000 - 0x00007ffb01f5c000 	C:\WINDOWS\SYSTEM32\Wldp.dll
0x00007ffb02ed0000 - 0x00007ffb02f7e000 	C:\WINDOWS\System32\SHCORE.dll
0x00007ffb03e70000 - 0x00007ffb03ec5000 	C:\WINDOWS\System32\shlwapi.dll
0x00007ffb024e0000 - 0x00007ffb024ff000 	C:\WINDOWS\SYSTEM32\profapi.dll
0x00007ffae78d0000 - 0x00007ffae78e9000 	C:\Program Files\Java\jdk-16.0.2\bin\net.dll
0x00007ffaf6720000 - 0x00007ffaf6828000 	C:\WINDOWS\SYSTEM32\WINHTTP.dll
0x00007ffb01c90000 - 0x00007ffb01cfa000 	C:\WINDOWS\system32\mswsock.dll
0x00007ffae2f10000 - 0x00007ffae2f23000 	C:\Program Files\Java\jdk-16.0.2\bin\nio.dll
0x00007ffae2ea0000 - 0x00007ffae2eb8000 	C:\Program Files\Java\jdk-16.0.2\bin\zip.dll
0x0000000069ac0000 - 0x0000000069ae4000 	C:\Users\andre\AppData\Local\Temp\jansi-2.3.4-f2fef93a3906bda4-jansi.dll
0x00007ffaef870000 - 0x00007ffaef880000 	C:\Program Files\Java\jdk-16.0.2\bin\verify.dll

dbghelp: loaded successfully - version: 4.0.5 - missing functions: none
symbol engine: initialized successfully - sym options: 0x614 - pdb path: .;C:\Program Files\Java\jdk-16.0.2\bin;C:\WINDOWS\SYSTEM32;C:\WINDOWS\WinSxS\amd64_microsoft.windows.common-controls_6595b64144ccf1df_6.0.19041.1110_none_60b5254171f9507e;C:\Program Files\Java\jdk-16.0.2\bin\server;C:\Users\andre\AppData\Local\Temp

VM Arguments:
jvm_args: -Dclassworlds.conf=D:\Desarrollo\apache-maven-3.8.2\bin\m2.conf -Dmaven.home=D:\Desarrollo\apache-maven-3.8.2 -Dmaven.multiModuleProjectDirectory=C:\Users\andre\Documents\Codigo\Servicios\Taller_2_Parte_2\restador 
java_command: org.codehaus.plexus.classworlds.launcher.Launcher spring-boot:run
java_class_path (initial): D:\Desarrollo\apache-maven-3.8.2\boot\plexus-classworlds-2.6.0.jar
Launcher Type: SUN_STANDARD

[Global flags]
     intx CICompilerCount                          = 4                                         {product} {ergonomic}
     uint ConcGCThreads                            = 2                                         {product} {ergonomic}
     uint G1ConcRefinementThreads                  = 8                                         {product} {ergonomic}
   size_t G1HeapRegionSize                         = 2097152                                   {product} {ergonomic}
    uintx GCDrainStackTargetSize                   = 64                                        {product} {ergonomic}
   size_t InitialHeapSize                          = 167772160                                 {product} {ergonomic}
   size_t MarkStackSize                            = 4194304                                   {product} {ergonomic}
   size_t MaxHeapSize                              = 2671771648                                {product} {ergonomic}
   size_t MaxNewSize                               = 1602224128                                {product} {ergonomic}
   size_t MinHeapDeltaBytes                        = 2097152                                   {product} {ergonomic}
   size_t MinHeapSize                              = 8388608                                   {product} {ergonomic}
    uintx NonNMethodCodeHeapSize                   = 5839372                                {pd product} {ergonomic}
    uintx NonProfiledCodeHeapSize                  = 122909434                              {pd product} {ergonomic}
    uintx ProfiledCodeHeapSize                     = 122909434                              {pd product} {ergonomic}
    uintx ReservedCodeCacheSize                    = 251658240                              {pd product} {ergonomic}
     bool SegmentedCodeCache                       = true                                      {product} {ergonomic}
   size_t SoftMaxHeapSize                          = 2671771648                             {manageable} {ergonomic}
     bool UseCompressedClassPointers               = true                           {product lp64_product} {ergonomic}
     bool UseCompressedOops                        = true                           {product lp64_product} {ergonomic}
     bool UseG1GC                                  = true                                      {product} {ergonomic}
     bool UseLargePagesIndividualAllocation        = false                                  {pd product} {ergonomic}

Logging:
Log output configuration:
 #0: stdout all=warning uptime,level,tags
 #1: stderr all=off uptime,level,tags

Environment Variables:
PATH=C:\Program Files\Common Files\Oracle\Java\javapath;C:\ProgramData\Oracle\Java\javapath;C:\Program Files (x86)\NVIDIA Corporation\PhysX\Common;C:\Program Files (x86)\Common Files\Oracle\Java\javapath;C:\WINDOWS\system32;C:\WINDOWS;C:\WINDOWS\System32\Wbem;C:\WINDOWS\System32\WindowsPowerShell\v1.0\;C:\WINDOWS\System32\OpenSSH\;C:\Program Files\dotnet\;D:\Git\cmd;D:\NodeJs\;D:\Desarrollo\apache-maven-3.8.2\bin;C:\Users\andre\AppData\Local\Microsoft\WindowsApps;C:\Users\andre\.dotnet\tools;C:\Users\andre\AppData\Local\Programs\Microsoft VS Code\bin;C:\Users\andre\AppData\Roaming\npm;D:\IntelliJ\IntelliJ IDEA Community Edition 2021.2.1\bin;
USERNAME=andre
OS=Windows_NT
PROCESSOR_IDENTIFIER=AMD64 Family 23 Model 24 Stepping 1, AuthenticAMD



---------------  S Y S T E M  ---------------

OS:
 Windows 10 , 64 bit Build 19041 (10.0.19041.1151)
OS uptime: 1 days 23:12 hours

CPU: total 8 (initial active 8) (8 cores per cpu, 2 threads per core) family 23 model 24 stepping 1 microcode 0x0, cx8, cmov, fxsr, ht, mmx, 3dnowpref, sse, sse2, sse3, ssse3, sse4a, sse4.1, sse4.2, popcnt, lzcnt, tsc, tscinvbit, avx, avx2, aes, clmul, bmi1, bmi2, adx, sha, fma, vzeroupper, clflush, clflushopt

Memory: 4k page, system-wide physical 10187M (2891M free)
TotalPageFile size 10187M (AvailPageFile size 2M)
current process WorkingSet (physical memory assigned to process): 238M, peak: 274M
current process commit charge ("private bytes"): 273M, peak: 325M

vm_info: Java HotSpot(TM) 64-Bit Server VM (16.0.2+7-67) for windows-amd64 JRE (16.0.2+7-67), built on Jun  8 2021 23:24:19 by "mach5one" with MS VC++ 16.7 (VS2019)

END.
