#
# There is insufficient memory for the Java Runtime Environment to continue.
# Native memory allocation (malloc) failed to allocate 1603552 bytes for Chunk::new
# Possible reasons:
#   The system is out of physical RAM or swap space
#   The process is running with CompressedOops enabled, and the Java Heap may be blocking the growth of the native heap
# Possible solutions:
#   Reduce memory load on the system
#   Increase physical memory or swap space
#   Check if swap backing store is full
#   Decrease Java heap size (-Xmx/-Xms)
#   Decrease number of Java threads
#   Decrease Java thread stack sizes (-Xss)
#   Set larger code cache with -XX:ReservedCodeCacheSize=
#   JVM is running with Zero Based Compressed Oops mode in which the Java heap is
#     placed in the first 32GB address space. The Java Heap base address is the
#     maximum limit for the native heap growth. Please use -XX:HeapBaseMinAddress
#     to set the Java Heap base and to place the Java Heap above 32GB virtual address.
# This output file may be truncated or incomplete.
#
#  Out of Memory Error (arena.cpp:195), pid=8404, tid=15740
#
# JRE version: Java(TM) SE Runtime Environment (16.0.2+7) (build 16.0.2+7-67)
# Java VM: Java HotSpot(TM) 64-Bit Server VM (16.0.2+7-67, mixed mode, sharing, tiered, compressed oops, compressed class ptrs, g1 gc, windows-amd64)
# No core dump will be written. Minidumps are not enabled by default on client versions of Windows
#

---------------  S U M M A R Y ------------

Command Line: -Dclassworlds.conf=D:\Desarrollo\apache-maven-3.8.2\bin\m2.conf -Dmaven.home=D:\Desarrollo\apache-maven-3.8.2 -Dmaven.multiModuleProjectDirectory=C:\Users\andre\Documents\Codigo\Servicios\Taller_2_Parte_2\calculadora org.codehaus.plexus.classworlds.launcher.Launcher clean install

Host: AMD Ryzen 5 3500U with Radeon Vega Mobile Gfx  , 8 cores, 9G,  Windows 10 , 64 bit Build 19041 (10.0.19041.1151)
Time: Wed Sep  8 14:24:30 2021 SA Pacific Standard Time elapsed time: 9.468983 seconds (0d 0h 0m 9s)

---------------  T H R E A D  ---------------

Current thread (0x0000014071e54aa0):  JavaThread "C2 CompilerThread1" daemon [_thread_in_native, id=15740, stack(0x0000000dcf600000,0x0000000dcf700000)]


Current CompileTask:
C2:   9469 6123   !   4       org.apache.maven.model.Model::clone (502 bytes)

Stack: [0x0000000dcf600000,0x0000000dcf700000]
Native frames: (J=compiled Java code, j=interpreted, Vv=VM code, C=native code)
V  [jvm.dll+0x6681ca]
V  [jvm.dll+0x7c9e69]
V  [jvm.dll+0x7cb61e]
V  [jvm.dll+0x7cbc73]
V  [jvm.dll+0x242c55]
V  [jvm.dll+0xadeba]
V  [jvm.dll+0xae45c]
V  [jvm.dll+0x35a8d7]
V  [jvm.dll+0x1b9cc1]
V  [jvm.dll+0x215e16]
V  [jvm.dll+0x215100]
V  [jvm.dll+0x1a1beb]
V  [jvm.dll+0x225158]
V  [jvm.dll+0x22319c]
V  [jvm.dll+0x77fa62]
V  [jvm.dll+0x7795aa]
V  [jvm.dll+0x667066]
C  [ucrtbase.dll+0x21bb2]
C  [KERNEL32.DLL+0x17034]
C  [ntdll.dll+0x52651]


---------------  P R O C E S S  ---------------

Threads class SMR info:
_java_thread_list=0x0000014072082750, length=24, elements={
0x0000014051dfb7a0, 0x0000014071114dc0, 0x0000014071116030, 0x00000140711282f0,
0x0000014071128b00, 0x000001407112b9c0, 0x0000014071155ca0, 0x0000014071156e30,
0x0000014071159c40, 0x000001407115ca40, 0x0000014071cb83a0, 0x0000014071cbdbe0,
0x0000014071e54aa0, 0x0000014072b03470, 0x00000140732469e0, 0x000001407270a8c0,
0x0000014073322eb0, 0x00000140727e0620, 0x00000140727e0b70, 0x00000140727e35f0,
0x0000014074197f10, 0x0000014074192a10, 0x0000014074195f30, 0x00000140741924c0
}

Java Threads: ( => current thread )
  0x0000014051dfb7a0 JavaThread "main" [_thread_in_native, id=5388, stack(0x0000000dce300000,0x0000000dce400000)]
  0x0000014071114dc0 JavaThread "Reference Handler" daemon [_thread_blocked, id=18204, stack(0x0000000dcea00000,0x0000000dceb00000)]
  0x0000014071116030 JavaThread "Finalizer" daemon [_thread_blocked, id=5252, stack(0x0000000dceb00000,0x0000000dcec00000)]
  0x00000140711282f0 JavaThread "Signal Dispatcher" daemon [_thread_blocked, id=6796, stack(0x0000000dcec00000,0x0000000dced00000)]
  0x0000014071128b00 JavaThread "Attach Listener" daemon [_thread_blocked, id=5964, stack(0x0000000dced00000,0x0000000dcee00000)]
  0x000001407112b9c0 JavaThread "Service Thread" daemon [_thread_blocked, id=1052, stack(0x0000000dcee00000,0x0000000dcef00000)]
  0x0000014071155ca0 JavaThread "Monitor Deflation Thread" daemon [_thread_blocked, id=18396, stack(0x0000000dcef00000,0x0000000dcf000000)]
  0x0000014071156e30 JavaThread "C2 CompilerThread0" daemon [_thread_blocked, id=3720, stack(0x0000000dcf000000,0x0000000dcf100000)]
  0x0000014071159c40 JavaThread "C1 CompilerThread0" daemon [_thread_blocked, id=10916, stack(0x0000000dcf100000,0x0000000dcf200000)]
  0x000001407115ca40 JavaThread "Sweeper thread" daemon [_thread_blocked, id=11464, stack(0x0000000dcf200000,0x0000000dcf300000)]
  0x0000014071cb83a0 JavaThread "Notification Thread" daemon [_thread_blocked, id=2064, stack(0x0000000dcf300000,0x0000000dcf400000)]
  0x0000014071cbdbe0 JavaThread "Common-Cleaner" daemon [_thread_blocked, id=7748, stack(0x0000000dcf500000,0x0000000dcf600000)]
=>0x0000014071e54aa0 JavaThread "C2 CompilerThread1" daemon [_thread_in_native, id=15740, stack(0x0000000dcf600000,0x0000000dcf700000)]
  0x0000014072b03470 JavaThread "resolver-1" daemon [_thread_blocked, id=17636, stack(0x0000000dd0000000,0x0000000dd0100000)]
  0x00000140732469e0 JavaThread "resolver-2" daemon [_thread_blocked, id=1064, stack(0x0000000dd0100000,0x0000000dd0200000)]
  0x000001407270a8c0 JavaThread "resolver-3" daemon [_thread_blocked, id=3524, stack(0x0000000dd0200000,0x0000000dd0300000)]
  0x0000014073322eb0 JavaThread "resolver-4" daemon [_thread_blocked, id=10664, stack(0x0000000dd0300000,0x0000000dd0400000)]
  0x00000140727e0620 JavaThread "resolver-5" daemon [_thread_blocked, id=13244, stack(0x0000000dd0400000,0x0000000dd0500000)]
  0x00000140727e0b70 JavaThread "timeout-check-timer" daemon [_thread_blocked, id=7416, stack(0x0000000dd0500000,0x0000000dd0600000)]
  0x00000140727e35f0 JavaThread "ping-timer-10s" daemon [_thread_blocked, id=11308, stack(0x0000000dd0600000,0x0000000dd0700000)]
  0x0000014074197f10 JavaThread "ThreadedStreamConsumer" daemon [_thread_blocked, id=10960, stack(0x0000000dd0700000,0x0000000dd0800000)]
  0x0000014074192a10 JavaThread "Thread-2" [_thread_blocked, id=7528, stack(0x0000000dd0800000,0x0000000dd0900000)]
  0x0000014074195f30 JavaThread "Thread-3" [_thread_in_native, id=2040, stack(0x0000000dd0900000,0x0000000dd0a00000)]
  0x00000140741924c0 JavaThread "Thread-4" [_thread_in_native, id=5344, stack(0x0000000dd0a00000,0x0000000dd0b00000)]

Other Threads:
  0x00000140711119e0 VMThread "VM Thread" [stack: 0x0000000dce900000,0x0000000dcea00000] [id=12776]
  0x0000014071cbd0e0 WatcherThread [stack: 0x0000000dcf400000,0x0000000dcf500000] [id=18484]
  0x0000014051e38d30 GCTaskThread "GC Thread#0" [stack: 0x0000000dce400000,0x0000000dce500000] [id=13500]
  0x0000014071cd18f0 GCTaskThread "GC Thread#1" [stack: 0x0000000dcf800000,0x0000000dcf900000] [id=10732]
  0x000001407265bd70 GCTaskThread "GC Thread#2" [stack: 0x0000000dcf900000,0x0000000dcfa00000] [id=9636]
  0x00000140727699f0 GCTaskThread "GC Thread#3" [stack: 0x0000000dcfa00000,0x0000000dcfb00000] [id=6924]
  0x00000140724b29b0 GCTaskThread "GC Thread#4" [stack: 0x0000000dcfb00000,0x0000000dcfc00000] [id=9096]
  0x00000140724b2cc0 GCTaskThread "GC Thread#5" [stack: 0x0000000dcfc00000,0x0000000dcfd00000] [id=6228]
  0x000001407264b330 GCTaskThread "GC Thread#6" [stack: 0x0000000dcfd00000,0x0000000dcfe00000] [id=15384]
  0x000001407251bf00 GCTaskThread "GC Thread#7" [stack: 0x0000000dcf700000,0x0000000dcf800000] [id=10152]
  0x0000014051e43cb0 ConcurrentGCThread "G1 Main Marker" [stack: 0x0000000dce500000,0x0000000dce600000] [id=7660]
  0x0000014051e44720 ConcurrentGCThread "G1 Conc#0" [stack: 0x0000000dce600000,0x0000000dce700000] [id=9932]
  0x00000140753563c0 ConcurrentGCThread "G1 Conc#1" [stack: 0x0000000dcff00000,0x0000000dd0000000] [id=4696]
  0x0000014051ed3e10 ConcurrentGCThread "G1 Refine#0" [stack: 0x0000000dce700000,0x0000000dce800000] [id=7012]
  0x0000014051ed64b0 ConcurrentGCThread "G1 Service" [stack: 0x0000000dce800000,0x0000000dce900000] [id=15656]

Threads with active compile tasks:
C2 CompilerThread1     9503 6123   !   4       org.apache.maven.model.Model::clone (502 bytes)

VM state: not at safepoint (normal execution)

VM Mutex/Monitor currently owned by a thread: None

Heap address: 0x0000000760c00000, size: 2548 MB, Compressed Oops mode: Zero based, Oop shift amount: 3

CDS archive(s) mapped at: [0x0000000800000000-0x0000000800bb0000-0x0000000800bb0000), size 12255232, SharedBaseAddress: 0x0000000800000000, ArchiveRelocationMode: 0.
Compressed class space mapped at: 0x0000000800c00000-0x0000000840c00000, reserved size: 1073741824
Narrow klass base: 0x0000000800000000, Narrow klass shift: 3, Narrow klass range: 0x100000000

GC Precious Log:
 CPUs: 8 total, 8 available
 Memory: 10187M
 Large Page Support: Disabled
 NUMA Support: Disabled
 Compressed Oops: Enabled (Zero based)
 Heap Region Size: 2M
 Heap Min Capacity: 8M
 Heap Initial Capacity: 160M
 Heap Max Capacity: 2548M
 Pre-touch: Disabled
 Parallel Workers: 8
 Concurrent Workers: 2
 Concurrent Refinement Workers: 8
 Periodic GC: Disabled

Heap:
 garbage-first heap   total 108544K, used 74369K [0x0000000760c00000, 0x0000000800000000)
  region size 2048K, 12 young (24576K), 2 survivors (4096K)
 Metaspace       used 26852K, committed 27072K, reserved 1073152K
  class space    used 2902K, committed 3008K, reserved 1048576K

Heap Regions: E=young(eden), S=young(survivor), O=old, HS=humongous(starts), HC=humongous(continues), CS=collection set, F=free, OA=open archive, CA=closed archive, TAMS=top-at-mark-start (previous, next)
|   0|0x0000000760c00000, 0x0000000760e00000, 0x0000000760e00000|100%| O|  |TAMS 0x0000000760e00000, 0x0000000760c00000| Untracked 
|   1|0x0000000760e00000, 0x0000000761000000, 0x0000000761000000|100%| O|  |TAMS 0x0000000761000000, 0x0000000760e00000| Untracked 
|   2|0x0000000761000000, 0x0000000761200000, 0x0000000761200000|100%| O|  |TAMS 0x0000000761200000, 0x0000000761000000| Untracked 
|   3|0x0000000761200000, 0x0000000761400000, 0x0000000761400000|100%| O|  |TAMS 0x0000000761400000, 0x0000000761200000| Untracked 
|   4|0x0000000761400000, 0x0000000761600000, 0x0000000761600000|100%| O|  |TAMS 0x0000000761600000, 0x0000000761400000| Untracked 
|   5|0x0000000761600000, 0x0000000761800000, 0x0000000761800000|100%| O|  |TAMS 0x0000000761800000, 0x0000000761600000| Untracked 
|   6|0x0000000761800000, 0x0000000761a00000, 0x0000000761a00000|100%| O|  |TAMS 0x0000000761a00000, 0x0000000761800000| Complete 
|   7|0x0000000761a00000, 0x0000000761a5b000, 0x0000000761c00000| 17%| O|  |TAMS 0x0000000761a5b000, 0x0000000761a00000| Complete 
|   8|0x0000000761c00000, 0x0000000761e00000, 0x0000000761e00000|100%| O|  |TAMS 0x0000000761e00000, 0x0000000761c00000| Untracked 
|   9|0x0000000761e00000, 0x0000000762000000, 0x0000000762000000|100%| O|  |TAMS 0x0000000762000000, 0x0000000761e00000| Untracked 
|  10|0x0000000762000000, 0x0000000762200000, 0x0000000762200000|100%| O|  |TAMS 0x0000000762200000, 0x0000000762000000| Untracked 
|  11|0x0000000762200000, 0x0000000762400000, 0x0000000762400000|100%| O|  |TAMS 0x0000000762400000, 0x0000000762200000| Untracked 
|  12|0x0000000762400000, 0x0000000762600000, 0x0000000762600000|100%| O|  |TAMS 0x0000000762600000, 0x0000000762400000| Complete 
|  13|0x0000000762600000, 0x0000000762800000, 0x0000000762800000|100%| O|  |TAMS 0x0000000762800000, 0x0000000762600000| Untracked 
|  14|0x0000000762800000, 0x0000000762a00000, 0x0000000762a00000|100%| O|  |TAMS 0x0000000762a00000, 0x0000000762800000| Untracked 
|  15|0x0000000762a00000, 0x0000000762c00000, 0x0000000762c00000|100%| O|  |TAMS 0x0000000762c00000, 0x0000000762a00000| Complete 
|  16|0x0000000762c00000, 0x0000000762e00000, 0x0000000762e00000|100%| O|  |TAMS 0x0000000762e00000, 0x0000000762c00000| Complete 
|  17|0x0000000762e00000, 0x0000000763000000, 0x0000000763000000|100%| O|  |TAMS 0x0000000763000000, 0x0000000762e00000| Complete 
|  18|0x0000000763000000, 0x0000000763200000, 0x0000000763200000|100%| O|  |TAMS 0x0000000763200000, 0x0000000763000000| Complete 
|  19|0x0000000763200000, 0x0000000763400000, 0x0000000763400000|100%| O|  |TAMS 0x0000000763400000, 0x0000000763200000| Complete 
|  20|0x0000000763400000, 0x0000000763600000, 0x0000000763600000|100%| O|  |TAMS 0x0000000763600000, 0x0000000763400000| Untracked 
|  21|0x0000000763600000, 0x0000000763800000, 0x0000000763800000|100%| O|  |TAMS 0x0000000763800000, 0x0000000763600000| Untracked 
|  22|0x0000000763800000, 0x0000000763a00000, 0x0000000763a00000|100%| O|  |TAMS 0x0000000763a00000, 0x0000000763800000| Untracked 
|  23|0x0000000763a00000, 0x0000000763c00000, 0x0000000763c00000|100%| O|  |TAMS 0x0000000763c00000, 0x0000000763a00000| Complete 
|  24|0x0000000763c00000, 0x0000000763e00000, 0x0000000763e00000|100%| O|  |TAMS 0x0000000763c00000, 0x0000000763c00000| Untracked 
|  25|0x0000000763e00000, 0x0000000764000000, 0x0000000764000000|100%| O|  |TAMS 0x0000000763e00000, 0x0000000763e00000| Untracked 
|  26|0x0000000764000000, 0x000000076415ca00, 0x0000000764200000| 68%| O|  |TAMS 0x0000000764000000, 0x0000000764000000| Untracked 
|  27|0x0000000764200000, 0x0000000764200000, 0x0000000764400000|  0%| F|  |TAMS 0x0000000764200000, 0x0000000764200000| Untracked 
|  28|0x0000000764400000, 0x0000000764400000, 0x0000000764600000|  0%| F|  |TAMS 0x0000000764400000, 0x0000000764400000| Untracked 
|  29|0x0000000764600000, 0x0000000764600000, 0x0000000764800000|  0%| F|  |TAMS 0x0000000764600000, 0x0000000764600000| Untracked 
|  30|0x0000000764800000, 0x0000000764800000, 0x0000000764a00000|  0%| F|  |TAMS 0x0000000764800000, 0x0000000764800000| Untracked 
|  31|0x0000000764a00000, 0x0000000764a00000, 0x0000000764c00000|  0%| F|  |TAMS 0x0000000764a00000, 0x0000000764a00000| Untracked 
|  32|0x0000000764c00000, 0x0000000764c00000, 0x0000000764e00000|  0%| F|  |TAMS 0x0000000764c00000, 0x0000000764c00000| Untracked 
|  33|0x0000000764e00000, 0x0000000764e00000, 0x0000000765000000|  0%| F|  |TAMS 0x0000000764e00000, 0x0000000764e00000| Untracked 
|  34|0x0000000765000000, 0x0000000765000000, 0x0000000765200000|  0%| F|  |TAMS 0x0000000765000000, 0x0000000765000000| Untracked 
|  35|0x0000000765200000, 0x0000000765200000, 0x0000000765400000|  0%| F|  |TAMS 0x0000000765200000, 0x0000000765200000| Untracked 
|  36|0x0000000765400000, 0x0000000765400000, 0x0000000765600000|  0%| F|  |TAMS 0x0000000765400000, 0x0000000765400000| Untracked 
|  37|0x0000000765600000, 0x0000000765600000, 0x0000000765800000|  0%| F|  |TAMS 0x0000000765600000, 0x0000000765600000| Untracked 
|  38|0x0000000765800000, 0x0000000765800000, 0x0000000765a00000|  0%| F|  |TAMS 0x0000000765800000, 0x0000000765800000| Untracked 
|  39|0x0000000765a00000, 0x0000000765ae8d00, 0x0000000765c00000| 45%| S|CS|TAMS 0x0000000765a00000, 0x0000000765a00000| Complete 
|  40|0x0000000765c00000, 0x0000000765e00000, 0x0000000765e00000|100%| S|CS|TAMS 0x0000000765c00000, 0x0000000765c00000| Complete 
|  41|0x0000000765e00000, 0x0000000765e00000, 0x0000000766000000|  0%| F|  |TAMS 0x0000000765e00000, 0x0000000765e00000| Untracked 
|  42|0x0000000766000000, 0x0000000766000000, 0x0000000766200000|  0%| F|  |TAMS 0x0000000766000000, 0x0000000766000000| Untracked 
|  43|0x0000000766200000, 0x00000007663c0490, 0x0000000766400000| 87%| E|  |TAMS 0x0000000766200000, 0x0000000766200000| Complete 
|  44|0x0000000766400000, 0x0000000766600000, 0x0000000766600000|100%| E|CS|TAMS 0x0000000766400000, 0x0000000766400000| Complete 
|  45|0x0000000766600000, 0x0000000766800000, 0x0000000766800000|100%| E|CS|TAMS 0x0000000766600000, 0x0000000766600000| Complete 
|  46|0x0000000766800000, 0x0000000766a00000, 0x0000000766a00000|100%| E|CS|TAMS 0x0000000766800000, 0x0000000766800000| Complete 
|  47|0x0000000766a00000, 0x0000000766c00000, 0x0000000766c00000|100%| E|CS|TAMS 0x0000000766a00000, 0x0000000766a00000| Complete 
|  53|0x0000000767600000, 0x0000000767800000, 0x0000000767800000|100%| E|CS|TAMS 0x0000000767600000, 0x0000000767600000| Complete 
|  54|0x0000000767800000, 0x0000000767a00000, 0x0000000767a00000|100%| E|CS|TAMS 0x0000000767800000, 0x0000000767800000| Complete 
|  55|0x0000000767a00000, 0x0000000767c00000, 0x0000000767c00000|100%| E|CS|TAMS 0x0000000767a00000, 0x0000000767a00000| Complete 
|  56|0x0000000767c00000, 0x0000000767e00000, 0x0000000767e00000|100%| E|CS|TAMS 0x0000000767c00000, 0x0000000767c00000| Complete 
|  79|0x000000076aa00000, 0x000000076ac00000, 0x000000076ac00000|100%| E|CS|TAMS 0x000000076aa00000, 0x000000076aa00000| Complete 

Card table byte_map: [0x0000014068db0000,0x00000140692b0000] _byte_map_base: 0x00000140652aa000

Marking Bits (Prev, Next): (CMBitMap*) 0x0000014051e393e0, (CMBitMap*) 0x0000014051e393a0
 Prev Bits: [0x000001406bf80000, 0x000001406e750000)
 Next Bits: [0x00000140697b0000, 0x000001406bf80000)

Polling page: 0x00000140515e0000

Metaspace:

Usage:
  Non-class:     23.39 MB used.
      Class:      2.83 MB used.
       Both:     26.22 MB used.

Virtual space:
  Non-class space:       24.00 MB reserved,      23.50 MB ( 98%) committed,  3 nodes.
      Class space:        1.00 GB reserved,       2.94 MB ( <1%) committed,  1 nodes.
              Both:        1.02 GB reserved,      26.44 MB (  3%) committed. 

Chunk freelists:
   Non-Class:  140.00 KB
       Class:  1.01 MB
        Both:  1.15 MB

MaxMetaspaceSize: 17179869184.00 GB
CompressedClassSpaceSize: 1.00 GB
 - commit_granule_bytes: 65536.
 - commit_granule_words: 8192.
 - virtual_space_node_default_size: 1048576.
 - enlarge_chunks_in_place: 1.
 - new_chunks_are_fully_committed: 0.
 - uncommit_free_chunks: 1.
 - use_allocation_guard: 0.
 - handle_deallocations: 1.


Internal statistics:

num_allocs_failed_limit: 6.
num_arena_births: 186.
num_arena_deaths: 0.
num_vsnodes_births: 4.
num_vsnodes_deaths: 0.
num_space_committed: 423.
num_space_uncommitted: 0.
num_chunks_returned_to_freelist: 6.
num_chunks_taken_from_freelist: 1129.
num_chunk_merges: 3.
num_chunk_splits: 792.
num_chunks_enlarged: 615.
num_purges: 0.

CodeHeap 'non-profiled nmethods': size=120000Kb used=3530Kb max_used=3530Kb free=116469Kb
 bounds [0x0000014061050000, 0x00000140613d0000, 0x0000014068580000]
CodeHeap 'profiled nmethods': size=120000Kb used=11148Kb max_used=12364Kb free=108851Kb
 bounds [0x0000014059b20000, 0x000001405a740000, 0x0000014061050000]
CodeHeap 'non-nmethods': size=5760Kb used=1248Kb max_used=1297Kb free=4511Kb
 bounds [0x0000014059580000, 0x00000140597f0000, 0x0000014059b20000]
 total_blobs=5869 nmethods=5317 adapters=464
 compilation: enabled
              stopped_count=0, restarted_count=0
 full_count=0

Compilation events (20 events):
Event: 8.642 Thread 0x0000014071159c40 6170       3       java.util.zip.Deflater::deflate (9 bytes)
Event: 8.642 Thread 0x0000014071156e30 nmethod 6179 0x0000014061343a10 code [0x0000014061343ba0, 0x0000014061343d58]
Event: 8.642 Thread 0x0000014071156e30 6147       4       java.lang.Module::isNamed (13 bytes)
Event: 8.642 Thread 0x0000014071159c40 nmethod 6170 0x000001405a1d0790 code [0x000001405a1d0940, 0x000001405a1d0a88]
Event: 8.642 Thread 0x0000014071159c40 6171   !   3       java.util.zip.Deflater::deflate (413 bytes)
Event: 8.642 Thread 0x0000014071156e30 nmethod 6147 0x000001406112a890 code [0x000001406112aa00, 0x000001406112aa98]
Event: 8.644 Thread 0x0000014071159c40 nmethod 6171 0x0000014059bb2810 code [0x0000014059bb2ae0, 0x0000014059bb3de8]
Event: 8.648 Thread 0x0000014071159c40 6180       3       java.util.Arrays::binarySearch (9 bytes)
Event: 8.648 Thread 0x0000014071159c40 nmethod 6180 0x0000014059e52310 code [0x0000014059e524c0, 0x0000014059e525e8]
Event: 8.648 Thread 0x0000014071159c40 6181       3       java.util.Arrays::binarySearch0 (72 bytes)
Event: 8.649 Thread 0x0000014071159c40 nmethod 6181 0x0000014059f05110 code [0x0000014059f052c0, 0x0000014059f05558]
Event: 8.654 Thread 0x0000014071159c40 6182       3       java.lang.ProcessEnvironment$NameComparator::compare (90 bytes)
Event: 8.656 Thread 0x0000014071159c40 nmethod 6182 0x0000014059bcd990 code [0x0000014059bcdca0, 0x0000014059bcefb8]
Event: 8.656 Thread 0x0000014071159c40 6183       3       java.lang.ProcessEnvironment$CheckedEntry::getKey (5 bytes)
Event: 8.656 Thread 0x0000014071159c40 nmethod 6183 0x0000014059fe6d10 code [0x0000014059fe6ec0, 0x0000014059fe7208]
Event: 8.656 Thread 0x0000014071159c40 6184       3       java.lang.ProcessEnvironment$CheckedEntry::getKey (13 bytes)
Event: 8.656 Thread 0x0000014071159c40 nmethod 6184 0x000001405a304d90 code [0x000001405a304f40, 0x000001405a305228]
Event: 8.917 Thread 0x000001407368f010 nmethod 6144 0x00000140613bd910 code [0x00000140613bdd20, 0x00000140613c2880]
Event: 9.044 Thread 0x0000014071159c40 6187       1       java.util.concurrent.atomic.AtomicInteger::get (5 bytes)
Event: 9.044 Thread 0x0000014071159c40 nmethod 6187 0x0000014061129f90 code [0x000001406112a120, 0x000001406112a1f8]

GC Heap History (20 events):
Event: 1.292 GC heap before
{Heap before GC invocations=1 (full 0):
 garbage-first heap   total 163840K, used 32373K [0x0000000760c00000, 0x0000000800000000)
  region size 2048K, 16 young (32768K), 2 survivors (4096K)
 Metaspace       used 9219K, committed 9344K, reserved 1064960K
  class space    used 1108K, committed 1152K, reserved 1048576K
}
Event: 1.300 GC heap after
{Heap after GC invocations=2 (full 0):
 garbage-first heap   total 163840K, used 5566K [0x0000000760c00000, 0x0000000800000000)
  region size 2048K, 1 young (2048K), 1 survivors (2048K)
 Metaspace       used 9219K, committed 9344K, reserved 1064960K
  class space    used 1108K, committed 1152K, reserved 1048576K
}
Event: 2.863 GC heap before
{Heap before GC invocations=2 (full 0):
 garbage-first heap   total 163840K, used 101822K [0x0000000760c00000, 0x0000000800000000)
  region size 2048K, 48 young (98304K), 1 survivors (2048K)
 Metaspace       used 13316K, committed 13504K, reserved 1064960K
  class space    used 1453K, committed 1536K, reserved 1048576K
}
Event: 2.886 GC heap after
{Heap after GC invocations=3 (full 0):
 garbage-first heap   total 163840K, used 15481K [0x0000000760c00000, 0x0000000800000000)
  region size 2048K, 6 young (12288K), 6 survivors (12288K)
 Metaspace       used 13316K, committed 13504K, reserved 1064960K
  class space    used 1453K, committed 1536K, reserved 1048576K
}
Event: 4.075 GC heap before
{Heap before GC invocations=3 (full 0):
 garbage-first heap   total 163840K, used 101497K [0x0000000760c00000, 0x0000000800000000)
  region size 2048K, 48 young (98304K), 6 survivors (12288K)
 Metaspace       used 15123K, committed 15296K, reserved 1064960K
  class space    used 1589K, committed 1664K, reserved 1048576K
}
Event: 4.092 GC heap after
{Heap after GC invocations=4 (full 0):
 garbage-first heap   total 163840K, used 18796K [0x0000000760c00000, 0x0000000800000000)
  region size 2048K, 2 young (4096K), 2 survivors (4096K)
 Metaspace       used 15123K, committed 15296K, reserved 1064960K
  class space    used 1589K, committed 1664K, reserved 1048576K
}
Event: 5.042 GC heap before
{Heap before GC invocations=4 (full 0):
 garbage-first heap   total 163840K, used 63852K [0x0000000760c00000, 0x0000000800000000)
  region size 2048K, 25 young (51200K), 2 survivors (4096K)
 Metaspace       used 21054K, committed 21248K, reserved 1073152K
  class space    used 2295K, committed 2432K, reserved 1048576K
}
Event: 5.049 GC heap after
{Heap after GC invocations=5 (full 0):
 garbage-first heap   total 163840K, used 21187K [0x0000000760c00000, 0x0000000800000000)
  region size 2048K, 4 young (8192K), 4 survivors (8192K)
 Metaspace       used 21054K, committed 21248K, reserved 1073152K
  class space    used 2295K, committed 2432K, reserved 1048576K
}
Event: 5.936 GC heap before
{Heap before GC invocations=6 (full 0):
 garbage-first heap   total 90112K, used 66243K [0x0000000760c00000, 0x0000000800000000)
  region size 2048K, 26 young (53248K), 4 survivors (8192K)
 Metaspace       used 23165K, committed 23424K, reserved 1073152K
  class space    used 2528K, committed 2688K, reserved 1048576K
}
Event: 5.959 GC heap after
{Heap after GC invocations=7 (full 0):
 garbage-first heap   total 90112K, used 32403K [0x0000000760c00000, 0x0000000800000000)
  region size 2048K, 4 young (8192K), 4 survivors (8192K)
 Metaspace       used 23165K, committed 23424K, reserved 1073152K
  class space    used 2528K, committed 2688K, reserved 1048576K
}
Event: 6.564 GC heap before
{Heap before GC invocations=8 (full 0):
 garbage-first heap   total 90112K, used 61075K [0x0000000760c00000, 0x0000000800000000)
  region size 2048K, 19 young (38912K), 4 survivors (8192K)
 Metaspace       used 24759K, committed 24960K, reserved 1073152K
  class space    used 2724K, committed 2816K, reserved 1048576K
}
Event: 6.584 GC heap after
{Heap after GC invocations=9 (full 0):
 garbage-first heap   total 90112K, used 34457K [0x0000000760c00000, 0x0000000800000000)
  region size 2048K, 3 young (6144K), 3 survivors (6144K)
 Metaspace       used 24759K, committed 24960K, reserved 1073152K
  class space    used 2724K, committed 2816K, reserved 1048576K
}
Event: 6.875 GC heap before
{Heap before GC invocations=9 (full 0):
 garbage-first heap   total 90112K, used 61081K [0x0000000760c00000, 0x0000000800000000)
  region size 2048K, 17 young (34816K), 3 survivors (6144K)
 Metaspace       used 24786K, committed 25024K, reserved 1073152K
  class space    used 2726K, committed 2816K, reserved 1048576K
}
Event: 6.887 GC heap after
{Heap after GC invocations=10 (full 0):
 garbage-first heap   total 108544K, used 38702K [0x0000000760c00000, 0x0000000800000000)
  region size 2048K, 3 young (6144K), 3 survivors (6144K)
 Metaspace       used 24786K, committed 25024K, reserved 1073152K
  class space    used 2726K, committed 2816K, reserved 1048576K
}
Event: 7.365 GC heap before
{Heap before GC invocations=10 (full 0):
 garbage-first heap   total 108544K, used 73518K [0x0000000760c00000, 0x0000000800000000)
  region size 2048K, 20 young (40960K), 3 survivors (6144K)
 Metaspace       used 24855K, committed 25088K, reserved 1073152K
  class space    used 2726K, committed 2816K, reserved 1048576K
}
Event: 7.377 GC heap after
{Heap after GC invocations=11 (full 0):
 garbage-first heap   total 108544K, used 48480K [0x0000000760c00000, 0x0000000800000000)
  region size 2048K, 3 young (6144K), 3 survivors (6144K)
 Metaspace       used 24855K, committed 25088K, reserved 1073152K
  class space    used 2726K, committed 2816K, reserved 1048576K
}
Event: 7.817 GC heap before
{Heap before GC invocations=11 (full 0):
 garbage-first heap   total 108544K, used 77152K [0x0000000760c00000, 0x0000000800000000)
  region size 2048K, 17 young (34816K), 3 survivors (6144K)
 Metaspace       used 24911K, committed 25088K, reserved 1073152K
  class space    used 2726K, committed 2816K, reserved 1048576K
}
Event: 7.835 GC heap after
{Heap after GC invocations=12 (full 0):
 garbage-first heap   total 108544K, used 52877K [0x0000000760c00000, 0x0000000800000000)
  region size 2048K, 3 young (6144K), 3 survivors (6144K)
 Metaspace       used 24911K, committed 25088K, reserved 1073152K
  class space    used 2726K, committed 2816K, reserved 1048576K
}
Event: 8.305 GC heap before
{Heap before GC invocations=12 (full 0):
 garbage-first heap   total 108544K, used 77453K [0x0000000760c00000, 0x0000000800000000)
  region size 2048K, 15 young (30720K), 3 survivors (6144K)
 Metaspace       used 25923K, committed 26176K, reserved 1073152K
  class space    used 2818K, committed 2944K, reserved 1048576K
}
Event: 8.320 GC heap after
{Heap after GC invocations=13 (full 0):
 garbage-first heap   total 108544K, used 55937K [0x0000000760c00000, 0x0000000800000000)
  region size 2048K, 2 young (4096K), 2 survivors (4096K)
 Metaspace       used 25923K, committed 26176K, reserved 1073152K
  class space    used 2818K, committed 2944K, reserved 1048576K
}

Deoptimization events (20 events):
Event: 8.652 Thread 0x0000014051dfb7a0 Uncommon trap: trap_request=0xffffffde fr.pc=0x00000140611a5790 relative=0x0000000000000070
Event: 8.652 Thread 0x0000014051dfb7a0 Uncommon trap: reason=class_check action=maybe_recompile pc=0x00000140611a5790 method=java.util.Collections$UnmodifiableMap$UnmodifiableEntrySet$UnmodifiableEntry.getValue()Ljava/lang/Object; @ 4 c2
Event: 8.652 Thread 0x0000014051dfb7a0 DEOPT PACKING pc=0x00000140611a5790 sp=0x0000000dce3fdb20
Event: 8.652 Thread 0x0000014051dfb7a0 DEOPT UNPACKING pc=0x00000140595cd72e sp=0x0000000dce3fdab0 mode 2
Event: 8.652 Thread 0x0000014051dfb7a0 Uncommon trap: trap_request=0xffffffde fr.pc=0x00000140611a2c18 relative=0x0000000000000078
Event: 8.652 Thread 0x0000014051dfb7a0 Uncommon trap: reason=class_check action=maybe_recompile pc=0x00000140611a2c18 method=java.util.Collections$UnmodifiableMap$UnmodifiableEntrySet$1.hasNext()Z @ 4 c2
Event: 8.652 Thread 0x0000014051dfb7a0 DEOPT PACKING pc=0x00000140611a2c18 sp=0x0000000dce3fdb30
Event: 8.652 Thread 0x0000014051dfb7a0 DEOPT UNPACKING pc=0x00000140595cd72e sp=0x0000000dce3fdac0 mode 2
Event: 8.652 Thread 0x0000014051dfb7a0 Uncommon trap: trap_request=0xffffffde fr.pc=0x00000140611a5198 relative=0x00000000000004d8
Event: 8.652 Thread 0x0000014051dfb7a0 Uncommon trap: reason=class_check action=maybe_recompile pc=0x00000140611a5198 method=java.util.Collections$UnmodifiableMap$UnmodifiableEntrySet$1.next()Ljava/util/Map$Entry; @ 8 c2
Event: 8.652 Thread 0x0000014051dfb7a0 DEOPT PACKING pc=0x00000140611a5198 sp=0x0000000dce3fdae0
Event: 8.652 Thread 0x0000014051dfb7a0 DEOPT UNPACKING pc=0x00000140595cd72e sp=0x0000000dce3fda50 mode 2
Event: 8.652 Thread 0x0000014051dfb7a0 Uncommon trap: trap_request=0xffffffde fr.pc=0x00000140611a3210 relative=0x0000000000000070
Event: 8.652 Thread 0x0000014051dfb7a0 Uncommon trap: reason=class_check action=maybe_recompile pc=0x00000140611a3210 method=java.util.Collections$UnmodifiableMap$UnmodifiableEntrySet$UnmodifiableEntry.getKey()Ljava/lang/Object; @ 4 c2
Event: 8.652 Thread 0x0000014051dfb7a0 DEOPT PACKING pc=0x00000140611a3210 sp=0x0000000dce3fdb20
Event: 8.652 Thread 0x0000014051dfb7a0 DEOPT UNPACKING pc=0x00000140595cd72e sp=0x0000000dce3fdab0 mode 2
Event: 8.652 Thread 0x0000014051dfb7a0 Uncommon trap: trap_request=0xffffffde fr.pc=0x00000140611a5790 relative=0x0000000000000070
Event: 8.652 Thread 0x0000014051dfb7a0 Uncommon trap: reason=class_check action=maybe_recompile pc=0x00000140611a5790 method=java.util.Collections$UnmodifiableMap$UnmodifiableEntrySet$UnmodifiableEntry.getValue()Ljava/lang/Object; @ 4 c2
Event: 8.652 Thread 0x0000014051dfb7a0 DEOPT PACKING pc=0x00000140611a5790 sp=0x0000000dce3fdb20
Event: 8.652 Thread 0x0000014051dfb7a0 DEOPT UNPACKING pc=0x00000140595cd72e sp=0x0000000dce3fdab0 mode 2

Classes unloaded (0 events):
No events

Classes redefined (0 events):
No events

Internal exceptions (20 events):
Event: 7.692 Thread 0x0000014051dfb7a0 Exception <a 'sun/nio/fs/WindowsException'{0x00000007662fff28}> (0x00000007662fff28) 
thrown [t:\workspace\open\src\hotspot\share\prims\jni.cpp, line 579]
Event: 7.692 Thread 0x0000014051dfb7a0 Exception <a 'sun/nio/fs/WindowsException'{0x0000000766300fd0}> (0x0000000766300fd0) 
thrown [t:\workspace\open\src\hotspot\share\prims\jni.cpp, line 579]
Event: 7.692 Thread 0x0000014051dfb7a0 Exception <a 'sun/nio/fs/WindowsException'{0x00000007663014a0}> (0x00000007663014a0) 
thrown [t:\workspace\open\src\hotspot\share\prims\jni.cpp, line 579]
Event: 7.713 Thread 0x0000014051dfb7a0 Exception <a 'sun/nio/fs/WindowsException'{0x0000000766148848}> (0x0000000766148848) 
thrown [t:\workspace\open\src\hotspot\share\prims\jni.cpp, line 579]
Event: 7.713 Thread 0x0000014051dfb7a0 Exception <a 'sun/nio/fs/WindowsException'{0x0000000766148ff0}> (0x0000000766148ff0) 
thrown [t:\workspace\open\src\hotspot\share\prims\jni.cpp, line 579]
Event: 7.713 Thread 0x0000014051dfb7a0 Exception <a 'sun/nio/fs/WindowsException'{0x00000007661495b0}> (0x00000007661495b0) 
thrown [t:\workspace\open\src\hotspot\share\prims\jni.cpp, line 579]
Event: 7.714 Thread 0x0000014051dfb7a0 Exception <a 'sun/nio/fs/WindowsException'{0x0000000766149d28}> (0x0000000766149d28) 
thrown [t:\workspace\open\src\hotspot\share\prims\jni.cpp, line 579]
Event: 7.714 Thread 0x0000014051dfb7a0 Exception <a 'sun/nio/fs/WindowsException'{0x000000076614a0c8}> (0x000000076614a0c8) 
thrown [t:\workspace\open\src\hotspot\share\prims\jni.cpp, line 579]
Event: 7.714 Thread 0x0000014051dfb7a0 Exception <a 'sun/nio/fs/WindowsException'{0x000000076614adb8}> (0x000000076614adb8) 
thrown [t:\workspace\open\src\hotspot\share\prims\jni.cpp, line 579]
Event: 7.714 Thread 0x0000014051dfb7a0 Exception <a 'sun/nio/fs/WindowsException'{0x000000076614b148}> (0x000000076614b148) 
thrown [t:\workspace\open\src\hotspot\share\prims\jni.cpp, line 579]
Event: 7.714 Thread 0x0000014051dfb7a0 Exception <a 'sun/nio/fs/WindowsException'{0x000000076614be20}> (0x000000076614be20) 
thrown [t:\workspace\open\src\hotspot\share\prims\jni.cpp, line 579]
Event: 8.091 Thread 0x0000014072b03470 Exception <a 'java/lang/NoSuchMethodError'{0x0000000766a31f40}: 'java.lang.Object java.lang.invoke.DirectMethodHandle$Holder.invokeStaticInit(java.lang.Object, java.lang.Object, long, java.lang.Object)'> (0x0000000766a31f40) 
thrown [t:\workspace\open\src\hotspot\share\interpreter\linkResolver.cpp, line 790]
Event: 8.092 Thread 0x0000014072b03470 Exception <a 'java/lang/NoSuchMethodError'{0x0000000766a389d0}: 'java.lang.Object java.lang.invoke.DirectMethodHandle$Holder.newInvokeSpecial(java.lang.Object, java.lang.Object, long)'> (0x0000000766a389d0) 
thrown [t:\workspace\open\src\hotspot\share\interpreter\linkResolver.cpp, line 790]
Event: 8.093 Thread 0x0000014051dfb7a0 Exception <a 'java/lang/NoSuchMethodError'{0x0000000766be7bd0}: 'java.lang.String org.apache.maven.execution.MavenExecutionRequest.getFailureBehavior()'> (0x0000000766be7bd0) 
thrown [t:\workspace\open\src\hotspot\share\interpreter\linkResolver.cpp, line 886]
Event: 8.093 Thread 0x0000014072b03470 Exception <a 'java/lang/NoSuchMethodError'{0x0000000766a3c740}: 'java.lang.Object java.lang.invoke.Invokers$Holder.linkToTargetMethod(java.lang.Object, long, java.lang.Object)'> (0x0000000766a3c740) 
thrown [t:\workspace\open\src\hotspot\share\interpreter\linkResolver.cpp, line 790]
Event: 8.200 Thread 0x0000014051dfb7a0 Exception <a 'java/lang/NoSuchMethodError'{0x0000000766906a80}: 'java.lang.Object java.lang.invoke.DirectMethodHandle$Holder.invokeStaticInit(java.lang.Object, java.lang.Object, int, int, int, int)'> (0x0000000766906a80) 
thrown [t:\workspace\open\src\hotspot\share\interpreter\linkResolver.cpp, line 790]
Event: 8.390 Thread 0x0000014071116030 Implicit null exception at 0x0000014061091e1f to 0x000001406109245c
Event: 8.390 Thread 0x0000014071116030 Implicit null exception at 0x0000014061317c0b to 0x0000014061317db4
Event: 8.660 Thread 0x0000014051dfb7a0 Exception <a 'java/lang/NoSuchMethodError'{0x00000007662c9400}: 'void java.lang.invoke.DirectMethodHandle$Holder.invokeStatic(java.lang.Object, long)'> (0x00000007662c9400) 
thrown [t:\workspace\open\src\hotspot\share\interpreter\linkResolver.cpp, line 790]
Event: 8.661 Thread 0x0000014051dfb7a0 Exception <a 'java/lang/NoSuchMethodError'{0x00000007662cec80}: 'java.lang.Object java.lang.invoke.DirectMethodHandle$Holder.newInvokeSpecial(java.lang.Object, long)'> (0x00000007662cec80) 
thrown [t:\workspace\open\src\hotspot\share\interpreter\linkResolver.cpp, line 790]

Events (20 events):
Event: 8.653 loading class java/lang/ProcessBuilder
Event: 8.653 loading class java/lang/ProcessBuilder done
Event: 8.653 loading class java/lang/ProcessImpl
Event: 8.653 loading class java/lang/Process
Event: 8.654 loading class java/lang/Process done
Event: 8.654 loading class java/lang/ProcessImpl done
Event: 8.662 loading class java/lang/ProcessImpl$2
Event: 8.662 loading class java/lang/ProcessImpl$2 done
Event: 8.663 loading class java/lang/Process$PipeInputStream
Event: 8.663 loading class java/lang/Process$PipeInputStream done
Event: 8.664 Executing  VM operation: HandshakeAllThreads
Event: 8.664 Executing  VM operation: HandshakeAllThreads done
Event: 8.664 loading class jdk/internal/event/ProcessStartEvent
Event: 8.664 loading class jdk/internal/event/Event
Event: 8.664 loading class jdk/internal/event/Event done
Event: 8.664 loading class jdk/internal/event/ProcessStartEvent done
Event: 8.670 Thread 0x0000014074192a10 Thread added: 0x0000014074192a10
Event: 8.670 Thread 0x0000014074195f30 Thread added: 0x0000014074195f30
Event: 8.670 Thread 0x00000140741924c0 Thread added: 0x00000140741924c0
Event: 9.044 Thread 0x000001407368f010 Thread exited: 0x000001407368f010


Dynamic libraries:
0x00007ff6214b0000 - 0x00007ff6214c0000 	C:\Program Files\Java\jdk-16.0.2\bin\java.exe
0x00007ffb86a10000 - 0x00007ffb86c05000 	C:\WINDOWS\SYSTEM32\ntdll.dll
0x00007ffb86840000 - 0x00007ffb868fd000 	C:\WINDOWS\System32\KERNEL32.DLL
0x00007ffb84140000 - 0x00007ffb84409000 	C:\WINDOWS\System32\KERNELBASE.dll
0x00007ffb84440000 - 0x00007ffb84540000 	C:\WINDOWS\System32\ucrtbase.dll
0x00007ffb7e6e0000 - 0x00007ffb7e6f9000 	C:\Program Files\Java\jdk-16.0.2\bin\VCRUNTIME140.dll
0x00007ffb7e800000 - 0x00007ffb7e818000 	C:\Program Files\Java\jdk-16.0.2\bin\jli.dll
0x00007ffb86150000 - 0x00007ffb861fc000 	C:\WINDOWS\System32\ADVAPI32.dll
0x00007ffb863b0000 - 0x00007ffb8644e000 	C:\WINDOWS\System32\msvcrt.dll
0x00007ffb86450000 - 0x00007ffb864eb000 	C:\WINDOWS\System32\sechost.dll
0x00007ffb86200000 - 0x00007ffb8632a000 	C:\WINDOWS\System32\RPCRT4.dll
0x00007ffb85f00000 - 0x00007ffb860a0000 	C:\WINDOWS\System32\USER32.dll
0x00007ffb73c30000 - 0x00007ffb73eca000 	C:\WINDOWS\WinSxS\amd64_microsoft.windows.common-controls_6595b64144ccf1df_6.0.19041.1110_none_60b5254171f9507e\COMCTL32.dll
0x00007ffb84410000 - 0x00007ffb84432000 	C:\WINDOWS\System32\win32u.dll
0x00007ffb86810000 - 0x00007ffb8683a000 	C:\WINDOWS\System32\GDI32.dll
0x00007ffb84860000 - 0x00007ffb8496b000 	C:\WINDOWS\System32\gdi32full.dll
0x00007ffb84540000 - 0x00007ffb845dd000 	C:\WINDOWS\System32\msvcp_win.dll
0x00007ffb7d310000 - 0x00007ffb7d31a000 	C:\WINDOWS\SYSTEM32\VERSION.dll
0x00007ffb85b10000 - 0x00007ffb85b40000 	C:\WINDOWS\System32\IMM32.DLL
0x00007ffb7e950000 - 0x00007ffb7e95c000 	C:\Program Files\Java\jdk-16.0.2\bin\vcruntime140_1.dll
0x00007ffb56f10000 - 0x00007ffb56fa1000 	C:\Program Files\Java\jdk-16.0.2\bin\msvcp140.dll
0x00007ffb3bd10000 - 0x00007ffb3c8bb000 	C:\Program Files\Java\jdk-16.0.2\bin\server\jvm.dll
0x00007ffb86900000 - 0x00007ffb86908000 	C:\WINDOWS\System32\PSAPI.DLL
0x00007ffb7e8d0000 - 0x00007ffb7e8d9000 	C:\WINDOWS\SYSTEM32\WSOCK32.dll
0x00007ffb86340000 - 0x00007ffb863ab000 	C:\WINDOWS\System32\WS2_32.dll
0x00007ffb7a910000 - 0x00007ffb7a937000 	C:\WINDOWS\SYSTEM32\WINMM.dll
0x00007ffb82050000 - 0x00007ffb82062000 	C:\WINDOWS\SYSTEM32\kernel.appcore.dll
0x00007ffb7e860000 - 0x00007ffb7e86a000 	C:\Program Files\Java\jdk-16.0.2\bin\jimage.dll
0x00007ffb70d70000 - 0x00007ffb70f54000 	C:\WINDOWS\SYSTEM32\DBGHELP.DLL
0x00007ffb70d40000 - 0x00007ffb70d6c000 	C:\WINDOWS\SYSTEM32\dbgcore.DLL
0x00007ffb84640000 - 0x00007ffb846c3000 	C:\WINDOWS\System32\bcryptPrimitives.dll
0x00007ffb71a80000 - 0x00007ffb71aa5000 	C:\Program Files\Java\jdk-16.0.2\bin\java.dll
0x00007ffb84f40000 - 0x00007ffb8567f000 	C:\WINDOWS\System32\SHELL32.dll
0x00007ffb82250000 - 0x00007ffb829e0000 	C:\WINDOWS\SYSTEM32\windows.storage.dll
0x00007ffb85ba0000 - 0x00007ffb85ef5000 	C:\WINDOWS\System32\combase.dll
0x00007ffb83ad0000 - 0x00007ffb83afc000 	C:\WINDOWS\SYSTEM32\Wldp.dll
0x00007ffb84af0000 - 0x00007ffb84b9e000 	C:\WINDOWS\System32\SHCORE.dll
0x00007ffb84a70000 - 0x00007ffb84ac5000 	C:\WINDOWS\System32\shlwapi.dll
0x00007ffb84080000 - 0x00007ffb8409f000 	C:\WINDOWS\SYSTEM32\profapi.dll
0x00007ffb7cfa0000 - 0x00007ffb7cfb9000 	C:\Program Files\Java\jdk-16.0.2\bin\net.dll
0x00007ffb78780000 - 0x00007ffb78888000 	C:\WINDOWS\SYSTEM32\WINHTTP.dll
0x00007ffb83830000 - 0x00007ffb8389a000 	C:\WINDOWS\system32\mswsock.dll
0x00007ffb7cba0000 - 0x00007ffb7cbb3000 	C:\Program Files\Java\jdk-16.0.2\bin\nio.dll
0x00007ffb73410000 - 0x00007ffb73428000 	C:\Program Files\Java\jdk-16.0.2\bin\zip.dll
0x0000000069ac0000 - 0x0000000069ae4000 	C:\Users\andre\AppData\Local\Temp\jansi-2.3.4-cd925359e89b30c5-jansi.dll
0x00007ffb7e830000 - 0x00007ffb7e840000 	C:\Program Files\Java\jdk-16.0.2\bin\verify.dll
0x00007ffb83a30000 - 0x00007ffb83a48000 	C:\WINDOWS\SYSTEM32\CRYPTSP.dll
0x00007ffb831b0000 - 0x00007ffb831e4000 	C:\WINDOWS\system32\rsaenh.dll
0x00007ffb84830000 - 0x00007ffb84857000 	C:\WINDOWS\System32\bcrypt.dll
0x00007ffb84040000 - 0x00007ffb8406e000 	C:\WINDOWS\SYSTEM32\USERENV.dll
0x00007ffb83a20000 - 0x00007ffb83a2c000 	C:\WINDOWS\SYSTEM32\CRYPTBASE.dll
0x00007ffb83520000 - 0x00007ffb8355b000 	C:\WINDOWS\SYSTEM32\IPHLPAPI.DLL
0x00007ffb86330000 - 0x00007ffb86338000 	C:\WINDOWS\System32\NSI.dll
0x00007ffb7bcc0000 - 0x00007ffb7bcd7000 	C:\WINDOWS\SYSTEM32\dhcpcsvc6.DLL
0x00007ffb7d320000 - 0x00007ffb7d33d000 	C:\WINDOWS\SYSTEM32\dhcpcsvc.DLL
0x00007ffb83560000 - 0x00007ffb8362c000 	C:\WINDOWS\SYSTEM32\DNSAPI.dll

dbghelp: loaded successfully - version: 4.0.5 - missing functions: none
symbol engine: initialized successfully - sym options: 0x614 - pdb path: .;C:\Program Files\Java\jdk-16.0.2\bin;C:\WINDOWS\SYSTEM32;C:\WINDOWS\WinSxS\amd64_microsoft.windows.common-controls_6595b64144ccf1df_6.0.19041.1110_none_60b5254171f9507e;C:\Program Files\Java\jdk-16.0.2\bin\server;C:\Users\andre\AppData\Local\Temp

VM Arguments:
jvm_args: -Dclassworlds.conf=D:\Desarrollo\apache-maven-3.8.2\bin\m2.conf -Dmaven.home=D:\Desarrollo\apache-maven-3.8.2 -Dmaven.multiModuleProjectDirectory=C:\Users\andre\Documents\Codigo\Servicios\Taller_2_Parte_2\calculadora 
java_command: org.codehaus.plexus.classworlds.launcher.Launcher clean install
java_class_path (initial): D:\Desarrollo\apache-maven-3.8.2\boot\plexus-classworlds-2.6.0.jar
Launcher Type: SUN_STANDARD

[Global flags]
     intx CICompilerCount                          = 4                                         {product} {ergonomic}
     uint ConcGCThreads                            = 2                                         {product} {ergonomic}
     uint G1ConcRefinementThreads                  = 8                                         {product} {ergonomic}
   size_t G1HeapRegionSize                         = 2097152                                   {product} {ergonomic}
    uintx GCDrainStackTargetSize                   = 64                                        {product} {ergonomic}
   size_t InitialHeapSize                          = 167772160                                 {product} {ergonomic}
   size_t MarkStackSize                            = 4194304                                   {product} {ergonomic}
   size_t MaxHeapSize                              = 2671771648                                {product} {ergonomic}
   size_t MaxNewSize                               = 1602224128                                {product} {ergonomic}
   size_t MinHeapDeltaBytes                        = 2097152                                   {product} {ergonomic}
   size_t MinHeapSize                              = 8388608                                   {product} {ergonomic}
    uintx NonNMethodCodeHeapSize                   = 5839372                                {pd product} {ergonomic}
    uintx NonProfiledCodeHeapSize                  = 122909434                              {pd product} {ergonomic}
    uintx ProfiledCodeHeapSize                     = 122909434                              {pd product} {ergonomic}
    uintx ReservedCodeCacheSize                    = 251658240                              {pd product} {ergonomic}
     bool SegmentedCodeCache                       = true                                      {product} {ergonomic}
   size_t SoftMaxHeapSize                          = 2671771648                             {manageable} {ergonomic}
     bool UseCompressedClassPointers               = true                           {product lp64_product} {ergonomic}
     bool UseCompressedOops                        = true                           {product lp64_product} {ergonomic}
     bool UseG1GC                                  = true                                      {product} {ergonomic}
     bool UseLargePagesIndividualAllocation        = false                                  {pd product} {ergonomic}

Logging:
Log output configuration:
 #0: stdout all=warning uptime,level,tags
 #1: stderr all=off uptime,level,tags

Environment Variables:
PATH=C:\Program Files\Common Files\Oracle\Java\javapath;C:\ProgramData\Oracle\Java\javapath;C:\Program Files (x86)\NVIDIA Corporation\PhysX\Common;C:\Program Files (x86)\Common Files\Oracle\Java\javapath;C:\WINDOWS\system32;C:\WINDOWS;C:\WINDOWS\System32\Wbem;C:\WINDOWS\System32\WindowsPowerShell\v1.0\;C:\WINDOWS\System32\OpenSSH\;C:\Program Files\dotnet\;D:\Git\cmd;D:\NodeJs\;D:\Desarrollo\apache-maven-3.8.2\bin;C:\Users\andre\AppData\Local\Microsoft\WindowsApps;C:\Users\andre\.dotnet\tools;C:\Users\andre\AppData\Local\Programs\Microsoft VS Code\bin;C:\Users\andre\AppData\Roaming\npm;D:\IntelliJ\IntelliJ IDEA Community Edition 2021.2.1\bin;
USERNAME=andre
LANG=en_US.UTF-8
OS=Windows_NT
PROCESSOR_IDENTIFIER=AMD64 Family 23 Model 24 Stepping 1, AuthenticAMD



---------------  S Y S T E M  ---------------

OS:
 Windows 10 , 64 bit Build 19041 (10.0.19041.1151)
OS uptime: 4 days 6:02 hours

CPU: total 8 (initial active 8) (8 cores per cpu, 2 threads per core) family 23 model 24 stepping 1 microcode 0x0, cx8, cmov, fxsr, ht, mmx, 3dnowpref, sse, sse2, sse3, ssse3, sse4a, sse4.1, sse4.2, popcnt, lzcnt, tsc, tscinvbit, avx, avx2, aes, clmul, bmi1, bmi2, adx, sha, fma, vzeroupper, clflush, clflushopt

Memory: 4k page, system-wide physical 10187M (3343M free)
TotalPageFile size 10187M (AvailPageFile size 15M)
current process WorkingSet (physical memory assigned to process): 254M, peak: 259M
current process commit charge ("private bytes"): 291M, peak: 322M

vm_info: Java HotSpot(TM) 64-Bit Server VM (16.0.2+7-67) for windows-amd64 JRE (16.0.2+7-67), built on Jun  8 2021 23:24:19 by "mach5one" with MS VC++ 16.7 (VS2019)

END.
