#
# There is insufficient memory for the Java Runtime Environment to continue.
# Native memory allocation (mmap) failed to map 65536 bytes for Failed to commit metaspace.
# Possible reasons:
#   The system is out of physical RAM or swap space
#   The process is running with CompressedOops enabled, and the Java Heap may be blocking the growth of the native heap
# Possible solutions:
#   Reduce memory load on the system
#   Increase physical memory or swap space
#   Check if swap backing store is full
#   Decrease Java heap size (-Xmx/-Xms)
#   Decrease number of Java threads
#   Decrease Java thread stack sizes (-Xss)
#   Set larger code cache with -XX:ReservedCodeCacheSize=
#   JVM is running with Zero Based Compressed Oops mode in which the Java heap is
#     placed in the first 32GB address space. The Java Heap base address is the
#     maximum limit for the native heap growth. Please use -XX:HeapBaseMinAddress
#     to set the Java Heap base and to place the Java Heap above 32GB virtual address.
# This output file may be truncated or incomplete.
#
#  Out of Memory Error (virtualSpaceNode.cpp:108), pid=1548, tid=4264
#
# JRE version: Java(TM) SE Runtime Environment (16.0.2+7) (build 16.0.2+7-67)
# Java VM: Java HotSpot(TM) 64-Bit Server VM (16.0.2+7-67, mixed mode, sharing, tiered, compressed oops, compressed class ptrs, g1 gc, windows-amd64)
# No core dump will be written. Minidumps are not enabled by default on client versions of Windows
#

---------------  S U M M A R Y ------------

Command Line: -XX:TieredStopAtLevel=1 javeriana.ms.calculadora.CalculadoraApplication

Host: AMD Ryzen 5 3500U with Radeon Vega Mobile Gfx  , 8 cores, 9G,  Windows 10 , 64 bit Build 19041 (10.0.19041.1151)
Time: Wed Sep  8 14:27:01 2021 SA Pacific Standard Time elapsed time: 1.788389 seconds (0d 0h 0m 1s)

---------------  T H R E A D  ---------------

Current thread (0x00000235dc8bb940):  JavaThread "background-preinit" [_thread_in_vm, id=4264, stack(0x0000004443100000,0x0000004443200000)]

Stack: [0x0000004443100000,0x0000004443200000]
Native frames: (J=compiled Java code, j=interpreted, Vv=VM code, C=native code)
V  [jvm.dll+0x6681ca]
V  [jvm.dll+0x7c9e69]
V  [jvm.dll+0x7cb61e]
V  [jvm.dll+0x7cbc73]
V  [jvm.dll+0x242c55]
V  [jvm.dll+0x7c64eb]
V  [jvm.dll+0x60ddd6]
V  [jvm.dll+0x1be6ce]
V  [jvm.dll+0x610531]
V  [jvm.dll+0x60e6d1]
V  [jvm.dll+0x2406bc]
V  [jvm.dll+0x6bf02d]
V  [jvm.dll+0x6bfa4f]
V  [jvm.dll+0x367023]
V  [jvm.dll+0x366252]
V  [jvm.dll+0x3661f8]
V  [jvm.dll+0x555995]
V  [jvm.dll+0x554acd]
V  [jvm.dll+0x37999e]
V  [jvm.dll+0x378fdf]
C  0x00000235c305b1a2

Java frames: (J=compiled Java code, j=interpreted, Vv=VM code)
j  com.fasterxml.jackson.databind.introspect.BasicClassIntrospector.<clinit>()V+27
v  ~StubRoutines::call_stub
j  com.fasterxml.jackson.databind.ObjectMapper.defaultClassIntrospector()Lcom/fasterxml/jackson/databind/introspect/ClassIntrospector;+0
j  com.fasterxml.jackson.databind.ObjectMapper.<init>(Lcom/fasterxml/jackson/core/JsonFactory;Lcom/fasterxml/jackson/databind/ser/DefaultSerializerProvider;Lcom/fasterxml/jackson/databind/deser/DefaultDeserializationContext;)V+107
j  com.fasterxml.jackson.databind.ObjectMapper.<init>()V+4
j  org.springframework.http.converter.json.Jackson2ObjectMapperBuilder.build()Lcom/fasterxml/jackson/databind/ObjectMapper;+83
j  org.springframework.http.converter.json.MappingJackson2HttpMessageConverter.<init>()V+4
j  org.springframework.http.converter.support.AllEncompassingFormHttpMessageConverter.<init>()V+59
j  org.springframework.boot.autoconfigure.BackgroundPreinitializer$MessageConverterInitializer.run()V+4
j  org.springframework.boot.autoconfigure.BackgroundPreinitializer$1.runSafely(Ljava/lang/Runnable;)V+1
j  org.springframework.boot.autoconfigure.BackgroundPreinitializer$1.run()V+33
j  java.lang.Thread.run()V+11 java.base@16.0.2
v  ~StubRoutines::call_stub

---------------  P R O C E S S  ---------------

Threads class SMR info:
_java_thread_list=0x00000235ddd20960, length=12, elements={
0x00000235ba0f6960, 0x00000235db393810, 0x00000235db3946d0, 0x00000235db3a8720,
0x00000235db3a9230, 0x00000235db3abc50, 0x00000235db3ad570, 0x00000235db3c0bf0,
0x00000235db3c1540, 0x00000235dc0908c0, 0x00000235dc0932c0, 0x00000235dc8bb940
}

Java Threads: ( => current thread )
  0x00000235ba0f6960 JavaThread "main" [_thread_in_vm, id=14420, stack(0x0000004441a00000,0x0000004441b00000)]
  0x00000235db393810 JavaThread "Reference Handler" daemon [_thread_blocked, id=2584, stack(0x0000004442100000,0x0000004442200000)]
  0x00000235db3946d0 JavaThread "Finalizer" daemon [_thread_blocked, id=18016, stack(0x0000004442200000,0x0000004442300000)]
  0x00000235db3a8720 JavaThread "Signal Dispatcher" daemon [_thread_blocked, id=3480, stack(0x0000004442300000,0x0000004442400000)]
  0x00000235db3a9230 JavaThread "Attach Listener" daemon [_thread_blocked, id=1884, stack(0x0000004442400000,0x0000004442500000)]
  0x00000235db3abc50 JavaThread "Service Thread" daemon [_thread_blocked, id=11316, stack(0x0000004442500000,0x0000004442600000)]
  0x00000235db3ad570 JavaThread "Monitor Deflation Thread" daemon [_thread_blocked, id=13512, stack(0x0000004442600000,0x0000004442700000)]
  0x00000235db3c0bf0 JavaThread "C1 CompilerThread0" daemon [_thread_blocked, id=4064, stack(0x0000004442700000,0x0000004442800000)]
  0x00000235db3c1540 JavaThread "Sweeper thread" daemon [_thread_blocked, id=10436, stack(0x0000004442800000,0x0000004442900000)]
  0x00000235dc0908c0 JavaThread "Notification Thread" daemon [_thread_blocked, id=6064, stack(0x0000004442900000,0x0000004442a00000)]
  0x00000235dc0932c0 JavaThread "Common-Cleaner" daemon [_thread_blocked, id=10796, stack(0x0000004442b00000,0x0000004442c00000)]
=>0x00000235dc8bb940 JavaThread "background-preinit" [_thread_in_vm, id=4264, stack(0x0000004443100000,0x0000004443200000)]

Other Threads:
  0x00000235db390bd0 VMThread "VM Thread" [stack: 0x0000004442000000,0x0000004442100000] [id=15152]
  0x00000235dc092610 WatcherThread [stack: 0x0000004442a00000,0x0000004442b00000] [id=744]
  0x00000235ba135fc0 GCTaskThread "GC Thread#0" [stack: 0x0000004441b00000,0x0000004441c00000] [id=15484]
  0x00000235dc726910 GCTaskThread "GC Thread#1" [stack: 0x0000004442c00000,0x0000004442d00000] [id=14908]
  0x00000235dc726c20 GCTaskThread "GC Thread#2" [stack: 0x0000004442d00000,0x0000004442e00000] [id=12264]
  0x00000235dc779750 GCTaskThread "GC Thread#3" [stack: 0x0000004442e00000,0x0000004442f00000] [id=8528]
  0x00000235dc726f30 GCTaskThread "GC Thread#4" [stack: 0x0000004442f00000,0x0000004443000000] [id=13040]
  0x00000235dc727240 GCTaskThread "GC Thread#5" [stack: 0x0000004443000000,0x0000004443100000] [id=9752]
  0x00000235dc8bc670 GCTaskThread "GC Thread#6" [stack: 0x0000004443200000,0x0000004443300000] [id=10996]
  0x00000235dc962990 GCTaskThread "GC Thread#7" [stack: 0x0000004443300000,0x0000004443400000] [id=2980]
  0x00000235ba141040 ConcurrentGCThread "G1 Main Marker" [stack: 0x0000004441c00000,0x0000004441d00000] [id=16952]
  0x00000235ba141b30 ConcurrentGCThread "G1 Conc#0" [stack: 0x0000004441d00000,0x0000004441e00000] [id=9564]
  0x00000235ba1b4b00 ConcurrentGCThread "G1 Refine#0" [stack: 0x0000004441e00000,0x0000004441f00000] [id=15636]
  0x00000235ba1b5580 ConcurrentGCThread "G1 Service" [stack: 0x0000004441f00000,0x0000004442000000] [id=18088]

Threads with active compile tasks:

VM state: not at safepoint (normal execution)

VM Mutex/Monitor currently owned by a thread:  ([mutex/lock_event])
[0x00000235ba0f08b0] MetaspaceExpand_lock - owner thread: 0x00000235dc8bb940

Heap address: 0x0000000760c00000, size: 2548 MB, Compressed Oops mode: Zero based, Oop shift amount: 3

CDS archive(s) mapped at: [0x0000000800000000-0x0000000800bb0000-0x0000000800bb0000), size 12255232, SharedBaseAddress: 0x0000000800000000, ArchiveRelocationMode: 0.
Compressed class space mapped at: 0x0000000800c00000-0x0000000840c00000, reserved size: 1073741824
Narrow klass base: 0x0000000800000000, Narrow klass shift: 3, Narrow klass range: 0x100000000

GC Precious Log:
 CPUs: 8 total, 8 available
 Memory: 10187M
 Large Page Support: Disabled
 NUMA Support: Disabled
 Compressed Oops: Enabled (Zero based)
 Heap Region Size: 2M
 Heap Min Capacity: 8M
 Heap Initial Capacity: 160M
 Heap Max Capacity: 2548M
 Pre-touch: Disabled
 Parallel Workers: 8
 Concurrent Workers: 2
 Concurrent Refinement Workers: 8
 Periodic GC: Disabled

Heap:
 garbage-first heap   total 163840K, used 44890K [0x0000000760c00000, 0x0000000800000000)
  region size 2048K, 20 young (40960K), 1 survivors (2048K)
 Metaspace       used 16119K, committed 16256K, reserved 1064960K
  class space    used 2183K, committed 2240K, reserved 1048576K

Heap Regions: E=young(eden), S=young(survivor), O=old, HS=humongous(starts), HC=humongous(continues), CS=collection set, F=free, OA=open archive, CA=closed archive, TAMS=top-at-mark-start (previous, next)
|   0|0x0000000760c00000, 0x0000000760e00000, 0x0000000760e00000|100%| O|  |TAMS 0x0000000760c00000, 0x0000000760c00000| Untracked 
|   1|0x0000000760e00000, 0x0000000761000000, 0x0000000761000000|100%| O|  |TAMS 0x0000000760e00000, 0x0000000760e00000| Untracked 
|   2|0x0000000761000000, 0x00000007611e5400, 0x0000000761200000| 94%| O|  |TAMS 0x0000000761000000, 0x0000000761000000| Untracked 
|   3|0x0000000761200000, 0x0000000761200000, 0x0000000761400000|  0%| F|  |TAMS 0x0000000761200000, 0x0000000761200000| Untracked 
|   4|0x0000000761400000, 0x0000000761400000, 0x0000000761600000|  0%| F|  |TAMS 0x0000000761400000, 0x0000000761400000| Untracked 
|   5|0x0000000761600000, 0x0000000761600000, 0x0000000761800000|  0%| F|  |TAMS 0x0000000761600000, 0x0000000761600000| Untracked 
|   6|0x0000000761800000, 0x0000000761800000, 0x0000000761a00000|  0%| F|  |TAMS 0x0000000761800000, 0x0000000761800000| Untracked 
|   7|0x0000000761a00000, 0x0000000761a00000, 0x0000000761c00000|  0%| F|  |TAMS 0x0000000761a00000, 0x0000000761a00000| Untracked 
|   8|0x0000000761c00000, 0x0000000761c00000, 0x0000000761e00000|  0%| F|  |TAMS 0x0000000761c00000, 0x0000000761c00000| Untracked 
|   9|0x0000000761e00000, 0x0000000761e00000, 0x0000000762000000|  0%| F|  |TAMS 0x0000000761e00000, 0x0000000761e00000| Untracked 
|  10|0x0000000762000000, 0x0000000762000000, 0x0000000762200000|  0%| F|  |TAMS 0x0000000762000000, 0x0000000762000000| Untracked 
|  11|0x0000000762200000, 0x0000000762200000, 0x0000000762400000|  0%| F|  |TAMS 0x0000000762200000, 0x0000000762200000| Untracked 
|  12|0x0000000762400000, 0x0000000762400000, 0x0000000762600000|  0%| F|  |TAMS 0x0000000762400000, 0x0000000762400000| Untracked 
|  13|0x0000000762600000, 0x0000000762600000, 0x0000000762800000|  0%| F|  |TAMS 0x0000000762600000, 0x0000000762600000| Untracked 
|  14|0x0000000762800000, 0x0000000762800000, 0x0000000762a00000|  0%| F|  |TAMS 0x0000000762800000, 0x0000000762800000| Untracked 
|  15|0x0000000762a00000, 0x0000000762a00000, 0x0000000762c00000|  0%| F|  |TAMS 0x0000000762a00000, 0x0000000762a00000| Untracked 
|  16|0x0000000762c00000, 0x0000000762c00000, 0x0000000762e00000|  0%| F|  |TAMS 0x0000000762c00000, 0x0000000762c00000| Untracked 
|  17|0x0000000762e00000, 0x0000000762e00000, 0x0000000763000000|  0%| F|  |TAMS 0x0000000762e00000, 0x0000000762e00000| Untracked 
|  18|0x0000000763000000, 0x0000000763000000, 0x0000000763200000|  0%| F|  |TAMS 0x0000000763000000, 0x0000000763000000| Untracked 
|  19|0x0000000763200000, 0x0000000763200000, 0x0000000763400000|  0%| F|  |TAMS 0x0000000763200000, 0x0000000763200000| Untracked 
|  20|0x0000000763400000, 0x0000000763400000, 0x0000000763600000|  0%| F|  |TAMS 0x0000000763400000, 0x0000000763400000| Untracked 
|  21|0x0000000763600000, 0x0000000763600000, 0x0000000763800000|  0%| F|  |TAMS 0x0000000763600000, 0x0000000763600000| Untracked 
|  22|0x0000000763800000, 0x0000000763800000, 0x0000000763a00000|  0%| F|  |TAMS 0x0000000763800000, 0x0000000763800000| Untracked 
|  23|0x0000000763a00000, 0x0000000763a00000, 0x0000000763c00000|  0%| F|  |TAMS 0x0000000763a00000, 0x0000000763a00000| Untracked 
|  24|0x0000000763c00000, 0x0000000763c00000, 0x0000000763e00000|  0%| F|  |TAMS 0x0000000763c00000, 0x0000000763c00000| Untracked 
|  25|0x0000000763e00000, 0x0000000763e00000, 0x0000000764000000|  0%| F|  |TAMS 0x0000000763e00000, 0x0000000763e00000| Untracked 
|  26|0x0000000764000000, 0x0000000764000000, 0x0000000764200000|  0%| F|  |TAMS 0x0000000764000000, 0x0000000764000000| Untracked 
|  27|0x0000000764200000, 0x0000000764200000, 0x0000000764400000|  0%| F|  |TAMS 0x0000000764200000, 0x0000000764200000| Untracked 
|  28|0x0000000764400000, 0x0000000764400000, 0x0000000764600000|  0%| F|  |TAMS 0x0000000764400000, 0x0000000764400000| Untracked 
|  29|0x0000000764600000, 0x0000000764600000, 0x0000000764800000|  0%| F|  |TAMS 0x0000000764600000, 0x0000000764600000| Untracked 
|  30|0x0000000764800000, 0x0000000764800000, 0x0000000764a00000|  0%| F|  |TAMS 0x0000000764800000, 0x0000000764800000| Untracked 
|  31|0x0000000764a00000, 0x0000000764a00000, 0x0000000764c00000|  0%| F|  |TAMS 0x0000000764a00000, 0x0000000764a00000| Untracked 
|  32|0x0000000764c00000, 0x0000000764c00000, 0x0000000764e00000|  0%| F|  |TAMS 0x0000000764c00000, 0x0000000764c00000| Untracked 
|  33|0x0000000764e00000, 0x0000000764e00000, 0x0000000765000000|  0%| F|  |TAMS 0x0000000764e00000, 0x0000000764e00000| Untracked 
|  34|0x0000000765000000, 0x0000000765000000, 0x0000000765200000|  0%| F|  |TAMS 0x0000000765000000, 0x0000000765000000| Untracked 
|  35|0x0000000765200000, 0x0000000765200000, 0x0000000765400000|  0%| F|  |TAMS 0x0000000765200000, 0x0000000765200000| Untracked 
|  36|0x0000000765400000, 0x0000000765400000, 0x0000000765600000|  0%| F|  |TAMS 0x0000000765400000, 0x0000000765400000| Untracked 
|  37|0x0000000765600000, 0x0000000765600000, 0x0000000765800000|  0%| F|  |TAMS 0x0000000765600000, 0x0000000765600000| Untracked 
|  38|0x0000000765800000, 0x0000000765800000, 0x0000000765a00000|  0%| F|  |TAMS 0x0000000765800000, 0x0000000765800000| Untracked 
|  39|0x0000000765a00000, 0x0000000765a00000, 0x0000000765c00000|  0%| F|  |TAMS 0x0000000765a00000, 0x0000000765a00000| Untracked 
|  40|0x0000000765c00000, 0x0000000765c00000, 0x0000000765e00000|  0%| F|  |TAMS 0x0000000765c00000, 0x0000000765c00000| Untracked 
|  41|0x0000000765e00000, 0x0000000765e00000, 0x0000000766000000|  0%| F|  |TAMS 0x0000000765e00000, 0x0000000765e00000| Untracked 
|  42|0x0000000766000000, 0x0000000766000000, 0x0000000766200000|  0%| F|  |TAMS 0x0000000766000000, 0x0000000766000000| Untracked 
|  43|0x0000000766200000, 0x0000000766200000, 0x0000000766400000|  0%| F|  |TAMS 0x0000000766200000, 0x0000000766200000| Untracked 
|  44|0x0000000766400000, 0x0000000766400000, 0x0000000766600000|  0%| F|  |TAMS 0x0000000766400000, 0x0000000766400000| Untracked 
|  45|0x0000000766600000, 0x0000000766600000, 0x0000000766800000|  0%| F|  |TAMS 0x0000000766600000, 0x0000000766600000| Untracked 
|  46|0x0000000766800000, 0x0000000766800000, 0x0000000766a00000|  0%| F|  |TAMS 0x0000000766800000, 0x0000000766800000| Untracked 
|  47|0x0000000766a00000, 0x0000000766a00000, 0x0000000766c00000|  0%| F|  |TAMS 0x0000000766a00000, 0x0000000766a00000| Untracked 
|  48|0x0000000766c00000, 0x0000000766c00000, 0x0000000766e00000|  0%| F|  |TAMS 0x0000000766c00000, 0x0000000766c00000| Untracked 
|  49|0x0000000766e00000, 0x0000000766e00000, 0x0000000767000000|  0%| F|  |TAMS 0x0000000766e00000, 0x0000000766e00000| Untracked 
|  50|0x0000000767000000, 0x0000000767000000, 0x0000000767200000|  0%| F|  |TAMS 0x0000000767000000, 0x0000000767000000| Untracked 
|  51|0x0000000767200000, 0x0000000767200000, 0x0000000767400000|  0%| F|  |TAMS 0x0000000767200000, 0x0000000767200000| Untracked 
|  52|0x0000000767400000, 0x0000000767400000, 0x0000000767600000|  0%| F|  |TAMS 0x0000000767400000, 0x0000000767400000| Untracked 
|  53|0x0000000767600000, 0x0000000767600000, 0x0000000767800000|  0%| F|  |TAMS 0x0000000767600000, 0x0000000767600000| Untracked 
|  54|0x0000000767800000, 0x0000000767800000, 0x0000000767a00000|  0%| F|  |TAMS 0x0000000767800000, 0x0000000767800000| Untracked 
|  55|0x0000000767a00000, 0x0000000767a00000, 0x0000000767c00000|  0%| F|  |TAMS 0x0000000767a00000, 0x0000000767a00000| Untracked 
|  56|0x0000000767c00000, 0x0000000767c00000, 0x0000000767e00000|  0%| F|  |TAMS 0x0000000767c00000, 0x0000000767c00000| Untracked 
|  57|0x0000000767e00000, 0x0000000767e00000, 0x0000000768000000|  0%| F|  |TAMS 0x0000000767e00000, 0x0000000767e00000| Untracked 
|  58|0x0000000768000000, 0x0000000768000000, 0x0000000768200000|  0%| F|  |TAMS 0x0000000768000000, 0x0000000768000000| Untracked 
|  59|0x0000000768200000, 0x0000000768200000, 0x0000000768400000|  0%| F|  |TAMS 0x0000000768200000, 0x0000000768200000| Untracked 
|  60|0x0000000768400000, 0x0000000768501830, 0x0000000768600000| 50%| E|  |TAMS 0x0000000768400000, 0x0000000768400000| Complete 
|  61|0x0000000768600000, 0x0000000768800000, 0x0000000768800000|100%| E|CS|TAMS 0x0000000768600000, 0x0000000768600000| Complete 
|  62|0x0000000768800000, 0x0000000768a00000, 0x0000000768a00000|100%| E|CS|TAMS 0x0000000768800000, 0x0000000768800000| Complete 
|  63|0x0000000768a00000, 0x0000000768c00000, 0x0000000768c00000|100%| E|CS|TAMS 0x0000000768a00000, 0x0000000768a00000| Complete 
|  64|0x0000000768c00000, 0x0000000768e00000, 0x0000000768e00000|100%| E|CS|TAMS 0x0000000768c00000, 0x0000000768c00000| Complete 
|  65|0x0000000768e00000, 0x0000000768ff1430, 0x0000000769000000| 97%| S|CS|TAMS 0x0000000768e00000, 0x0000000768e00000| Complete 
|  66|0x0000000769000000, 0x0000000769200000, 0x0000000769200000|100%| E|CS|TAMS 0x0000000769000000, 0x0000000769000000| Complete 
|  67|0x0000000769200000, 0x0000000769400000, 0x0000000769400000|100%| E|CS|TAMS 0x0000000769200000, 0x0000000769200000| Complete 
|  68|0x0000000769400000, 0x0000000769600000, 0x0000000769600000|100%| E|CS|TAMS 0x0000000769400000, 0x0000000769400000| Complete 
|  69|0x0000000769600000, 0x0000000769800000, 0x0000000769800000|100%| E|CS|TAMS 0x0000000769600000, 0x0000000769600000| Complete 
|  70|0x0000000769800000, 0x0000000769a00000, 0x0000000769a00000|100%| E|CS|TAMS 0x0000000769800000, 0x0000000769800000| Complete 
|  71|0x0000000769a00000, 0x0000000769c00000, 0x0000000769c00000|100%| E|CS|TAMS 0x0000000769a00000, 0x0000000769a00000| Complete 
|  72|0x0000000769c00000, 0x0000000769e00000, 0x0000000769e00000|100%| E|CS|TAMS 0x0000000769c00000, 0x0000000769c00000| Complete 
|  73|0x0000000769e00000, 0x000000076a000000, 0x000000076a000000|100%| E|CS|TAMS 0x0000000769e00000, 0x0000000769e00000| Complete 
|  74|0x000000076a000000, 0x000000076a200000, 0x000000076a200000|100%| E|CS|TAMS 0x000000076a000000, 0x000000076a000000| Complete 
|  75|0x000000076a200000, 0x000000076a400000, 0x000000076a400000|100%| E|CS|TAMS 0x000000076a200000, 0x000000076a200000| Complete 
|  76|0x000000076a400000, 0x000000076a600000, 0x000000076a600000|100%| E|CS|TAMS 0x000000076a400000, 0x000000076a400000| Complete 
|  77|0x000000076a600000, 0x000000076a800000, 0x000000076a800000|100%| E|CS|TAMS 0x000000076a600000, 0x000000076a600000| Complete 
|  78|0x000000076a800000, 0x000000076aa00000, 0x000000076aa00000|100%| E|CS|TAMS 0x000000076a800000, 0x000000076a800000| Complete 
|  79|0x000000076aa00000, 0x000000076ac00000, 0x000000076ac00000|100%| E|CS|TAMS 0x000000076aa00000, 0x000000076aa00000| Complete 

Card table byte_map: [0x00000235d2fc0000,0x00000235d34c0000] _byte_map_base: 0x00000235cf4ba000

Marking Bits (Prev, Next): (CMBitMap*) 0x00000235ba1366b0, (CMBitMap*) 0x00000235ba1366f0
 Prev Bits: [0x00000235d39c0000, 0x00000235d6190000)
 Next Bits: [0x00000235d6190000, 0x00000235d8960000)

Polling page: 0x00000235c3020000

Metaspace:

Usage:
  Non-class:     13.61 MB used.
      Class:      2.13 MB used.
       Both:     15.74 MB used.

Virtual space:
  Non-class space:       16.00 MB reserved,      13.69 MB ( 86%) committed,  2 nodes.
      Class space:        1.00 GB reserved,       2.19 MB ( <1%) committed,  1 nodes.
              Both:        1.02 GB reserved,      15.88 MB (  2%) committed. 

Chunk freelists:
   Non-Class:  1.42 MB
       Class:  1.62 MB
        Both:  3.05 MB

MaxMetaspaceSize: 17179869184.00 GB
CompressedClassSpaceSize: 1.00 GB
 - commit_granule_bytes: 65536.
 - commit_granule_words: 8192.
 - virtual_space_node_default_size: 1048576.
 - enlarge_chunks_in_place: 1.
 - new_chunks_are_fully_committed: 0.
 - uncommit_free_chunks: 1.
 - use_allocation_guard: 0.
 - handle_deallocations: 1.


Internal statistics:

num_allocs_failed_limit: 0.
num_arena_births: 200.
num_arena_deaths: 0.
num_vsnodes_births: 3.
num_vsnodes_deaths: 0.
num_space_committed: 254.
num_space_uncommitted: 0.
num_chunks_returned_to_freelist: 0.
num_chunks_taken_from_freelist: 732.
num_chunk_merges: 0.
num_chunk_splits: 527.
num_chunks_enlarged: 430.
num_purges: 0.

CodeHeap 'non-profiled nmethods': size=238336Kb used=3150Kb max_used=3150Kb free=235185Kb
 bounds [0x00000235c3780000, 0x00000235c3aa0000, 0x00000235d2040000]
CodeHeap 'non-nmethods': size=7424Kb used=1195Kb max_used=1195Kb free=6228Kb
 bounds [0x00000235c3040000, 0x00000235c32b0000, 0x00000235c3780000]
 total_blobs=2585 nmethods=2096 adapters=416
 compilation: enabled
              stopped_count=0, restarted_count=0
 full_count=0

Compilation events (20 events):
Event: 1.778 Thread 0x00000235db3c0bf0 nmethod 2083 0x00000235c3a8c410 code [0x00000235c3a8c5a0, 0x00000235c3a8c6b8]
Event: 1.778 Thread 0x00000235db3c0bf0 2084       1       java.net.JarURLConnection::getJarFileURL (5 bytes)
Event: 1.778 Thread 0x00000235db3c0bf0 nmethod 2084 0x00000235c3a8c710 code [0x00000235c3a8c8a0, 0x00000235c3a8c978]
Event: 1.778 Thread 0x00000235db3c0bf0 2085       1       org.springframework.asm.Type::getTypeInternal (199 bytes)
Event: 1.779 Thread 0x00000235db3c0bf0 nmethod 2085 0x00000235c3a8ca10 code [0x00000235c3a8cc60, 0x00000235c3a8d488]
Event: 1.779 Thread 0x00000235db3c0bf0 2086       1       org.springframework.asm.Type::getClassName (172 bytes)
Event: 1.780 Thread 0x00000235db3c0bf0 nmethod 2086 0x00000235c3a8d710 code [0x00000235c3a8d9e0, 0x00000235c3a8e368]
Event: 1.780 Thread 0x00000235db3c0bf0 2087       1       org.springframework.core.annotation.AnnotationTypeMappings::forAnnotationType (71 bytes)
Event: 1.781 Thread 0x00000235db3c0bf0 nmethod 2087 0x00000235c3a8e810 code [0x00000235c3a8ea60, 0x00000235c3a8f0e8]
Event: 1.781 Thread 0x00000235db3c0bf0 2091       1       jdk.internal.loader.BuiltinClassLoader::findResourceOnClassPath (41 bytes)
Event: 1.781 Thread 0x00000235db3c0bf0 nmethod 2091 0x00000235c3a8f510 code [0x00000235c3a8f700, 0x00000235c3a8f978]
Event: 1.781 Thread 0x00000235db3c0bf0 2090   !   1       jdk.internal.loader.BuiltinClassLoader::findResource (154 bytes)
Event: 1.782 Thread 0x00000235db3c0bf0 nmethod 2090 0x00000235c3a8fb10 code [0x00000235c3a8fda0, 0x00000235c3a903c8]
Event: 1.782 Thread 0x00000235db3c0bf0 2094       1       org.springframework.asm.ClassReader::readElementValues (88 bytes)
Event: 1.783 Thread 0x00000235db3c0bf0 nmethod 2094 0x00000235c3a90910 code [0x00000235c3a90ae0, 0x00000235c3a90e38]
Event: 1.783 Thread 0x00000235db3c0bf0 2088       1       org.springframework.core.annotation.AnnotationTypeMappings$Cache::get (20 bytes)
Event: 1.783 Thread 0x00000235db3c0bf0 nmethod 2088 0x00000235c3a91110 code [0x00000235c3a912c0, 0x00000235c3a914b8]
Event: 1.783 Thread 0x00000235db3c0bf0 2089       1       org.springframework.core.annotation.AnnotationTypeMappings$Cache$$Lambda$42/0x0000000800c36f58::<init> (10 bytes)
Event: 1.783 Thread 0x00000235db3c0bf0 nmethod 2089 0x00000235c3a91610 code [0x00000235c3a917a0, 0x00000235c3a918b8]
Event: 1.783 Thread 0x00000235db3c0bf0 2092   !   1       org.springframework.util.ClassUtils::forName (247 bytes)

GC Heap History (4 events):
Event: 0.617 GC heap before
{Heap before GC invocations=0 (full 0):
 garbage-first heap   total 163840K, used 20480K [0x0000000760c00000, 0x0000000800000000)
  region size 2048K, 11 young (22528K), 0 survivors (0K)
 Metaspace       used 3269K, committed 3392K, reserved 1056768K
  class space    used 388K, committed 448K, reserved 1048576K
}
Event: 0.623 GC heap after
{Heap after GC invocations=1 (full 0):
 garbage-first heap   total 163840K, used 6030K [0x0000000760c00000, 0x0000000800000000)
  region size 2048K, 2 young (4096K), 2 survivors (4096K)
 Metaspace       used 3269K, committed 3392K, reserved 1056768K
  class space    used 388K, committed 448K, reserved 1048576K
}
Event: 1.333 GC heap before
{Heap before GC invocations=1 (full 0):
 garbage-first heap   total 163840K, used 30606K [0x0000000760c00000, 0x0000000800000000)
  region size 2048K, 14 young (28672K), 2 survivors (4096K)
 Metaspace       used 9179K, committed 9472K, reserved 1064960K
  class space    used 1267K, committed 1408K, reserved 1048576K
}
Event: 1.340 GC heap after
{Heap after GC invocations=2 (full 0):
 garbage-first heap   total 163840K, used 8026K [0x0000000760c00000, 0x0000000800000000)
  region size 2048K, 1 young (2048K), 1 survivors (2048K)
 Metaspace       used 9179K, committed 9472K, reserved 1064960K
  class space    used 1267K, committed 1408K, reserved 1048576K
}

Deoptimization events (0 events):
No events

Classes unloaded (0 events):
No events

Classes redefined (0 events):
No events

Internal exceptions (20 events):
Event: 1.233 Thread 0x00000235ba0f6960 Exception <a 'java/lang/NoSuchMethodError'{0x0000000769afda10}: 'void java.lang.invoke.DirectMethodHandle$Holder.invokeSpecial(java.lang.Object, java.lang.Object, java.lang.Object, java.lang.Object, java.lang.Object)'> (0x0000000769afda10) 
thrown [t:\workspace\open\src\hotspot\share\interpreter\linkResolver.cpp, line 790]
Event: 1.382 Thread 0x00000235ba0f6960 Exception <a 'java/lang/NoSuchMethodError'{0x000000076a8dbdf8}: 'org.slf4j.impl.StaticMDCBinder org.slf4j.impl.StaticMDCBinder.getSingleton()'> (0x000000076a8dbdf8) 
thrown [t:\workspace\open\src\hotspot\share\interpreter\linkResolver.cpp, line 790]
Event: 1.524 Thread 0x00000235ba0f6960 Exception <a 'java/lang/ClassNotFoundException'{0x000000076a13f718}: java/lang/ObjectCustomizer> (0x000000076a13f718) 
thrown [t:\workspace\open\src\hotspot\share\classfile\systemDictionary.cpp, line 256]
Event: 1.526 Thread 0x00000235ba0f6960 Exception <a 'java/lang/IncompatibleClassChangeError'{0x000000076a144418}: Found class java.lang.Object, but interface was expected> (0x000000076a144418) 
thrown [t:\workspace\open\src\hotspot\share\interpreter\linkResolver.cpp, line 857]
Event: 1.531 Thread 0x00000235ba0f6960 Exception <a 'java/lang/ClassNotFoundException'{0x000000076a15d220}: org/springframework/context/annotation/ConfigurationClassPostProcessorCustomizer> (0x000000076a15d220) 
thrown [t:\workspace\open\src\hotspot\share\classfile\systemDictionary.cpp, line 256]
Event: 1.534 Thread 0x00000235ba0f6960 Exception <a 'java/lang/ClassNotFoundException'{0x000000076a17ad88}: org/springframework/beans/factory/support/BeanDefinitionRegistryPostProcessorCustomizer> (0x000000076a17ad88) 
thrown [t:\workspace\open\src\hotspot\share\classfile\systemDictionary.cpp, line 256]
Event: 1.534 Thread 0x00000235ba0f6960 Exception <a 'java/lang/ClassNotFoundException'{0x000000076a17f7e0}: org/springframework/beans/factory/config/BeanFactoryPostProcessorCustomizer> (0x000000076a17f7e0) 
thrown [t:\workspace\open\src\hotspot\share\classfile\systemDictionary.cpp, line 256]
Event: 1.535 Thread 0x00000235ba0f6960 Exception <a 'java/lang/ClassNotFoundException'{0x000000076a184128}: org/springframework/core/PriorityOrderedCustomizer> (0x000000076a184128) 
thrown [t:\workspace\open\src\hotspot\share\classfile\systemDictionary.cpp, line 256]
Event: 1.535 Thread 0x00000235ba0f6960 Exception <a 'java/lang/ClassNotFoundException'{0x000000076a1876e8}: org/springframework/core/OrderedCustomizer> (0x000000076a1876e8) 
thrown [t:\workspace\open\src\hotspot\share\classfile\systemDictionary.cpp, line 256]
Event: 1.536 Thread 0x00000235ba0f6960 Exception <a 'java/lang/ClassNotFoundException'{0x000000076a18be50}: org/springframework/context/ResourceLoaderAwareCustomizer> (0x000000076a18be50) 
thrown [t:\workspace\open\src\hotspot\share\classfile\systemDictionary.cpp, line 256]
Event: 1.536 Thread 0x00000235ba0f6960 Exception <a 'java/lang/ClassNotFoundException'{0x000000076a190710}: org/springframework/beans/factory/AwareCustomizer> (0x000000076a190710) 
thrown [t:\workspace\open\src\hotspot\share\classfile\systemDictionary.cpp, line 256]
Event: 1.537 Thread 0x00000235ba0f6960 Exception <a 'java/lang/ClassNotFoundException'{0x0000000769f27138}: org/springframework/context/ApplicationStartupAwareCustomizer> (0x0000000769f27138) 
thrown [t:\workspace\open\src\hotspot\share\classfile\systemDictionary.cpp, line 256]
Event: 1.538 Thread 0x00000235ba0f6960 Exception <a 'java/lang/ClassNotFoundException'{0x0000000769f2bc70}: org/springframework/beans/factory/AwareCustomizer> (0x0000000769f2bc70) 
thrown [t:\workspace\open\src\hotspot\share\classfile\systemDictionary.cpp, line 256]
Event: 1.538 Thread 0x00000235ba0f6960 Exception <a 'java/lang/ClassNotFoundException'{0x0000000769f2f4f0}: org/springframework/beans/factory/BeanClassLoaderAwareCustomizer> (0x0000000769f2f4f0) 
thrown [t:\workspace\open\src\hotspot\share\classfile\systemDictionary.cpp, line 256]
Event: 1.539 Thread 0x00000235ba0f6960 Exception <a 'java/lang/ClassNotFoundException'{0x0000000769f33dc8}: org/springframework/beans/factory/AwareCustomizer> (0x0000000769f33dc8) 
thrown [t:\workspace\open\src\hotspot\share\classfile\systemDictionary.cpp, line 256]
Event: 1.539 Thread 0x00000235ba0f6960 Exception <a 'java/lang/ClassNotFoundException'{0x0000000769f37478}: org/springframework/context/EnvironmentAwareCustomizer> (0x0000000769f37478) 
thrown [t:\workspace\open\src\hotspot\share\classfile\systemDictionary.cpp, line 256]
Event: 1.540 Thread 0x00000235ba0f6960 Exception <a 'java/lang/ClassNotFoundException'{0x0000000769f3bcc8}: org/springframework/beans/factory/AwareCustomizer> (0x0000000769f3bcc8) 
thrown [t:\workspace\open\src\hotspot\share\classfile\systemDictionary.cpp, line 256]
Event: 1.634 Thread 0x00000235ba0f6960 Exception <a 'java/lang/NoSuchMethodError'{0x00000007698ea3e0}: 'void java.lang.invoke.DirectMethodHandle$Holder.invokeInterface(java.lang.Object, java.lang.Object, java.lang.Object, java.lang.Object)'> (0x00000007698ea3e0) 
thrown [t:\workspace\open\src\hotspot\share\interpreter\linkResolver.cpp, line 790]
Event: 1.658 Thread 0x00000235dc8bb940 Exception <a 'java/lang/NoSuchMethodError'{0x000000076979c5b8}: 'java.lang.Object java.lang.invoke.DirectMethodHandle$Holder.invokeStaticInit(java.lang.Object, java.lang.Object, java.lang.Object, java.lang.Object, java.lang.Object)'> (0x000000076979c5b8) 
thrown [t:\workspace\open\src\hotspot\share\interpreter\linkResolver.cpp, line 790]
Event: 1.735 Thread 0x00000235ba0f6960 Exception <a 'java/lang/IncompatibleClassChangeError'{0x0000000768b87470}: Found class java.lang.Object, but interface was expected> (0x0000000768b87470) 
thrown [t:\workspace\open\src\hotspot\share\interpreter\linkResolver.cpp, line 857]

Events (20 events):
Event: 1.669 loading class com/sun/org/apache/xalan/internal/utils/XMLSecurityManager$State
Event: 1.669 loading class com/sun/org/apache/xalan/internal/utils/XMLSecurityManager$State done
Event: 1.669 loading class com/sun/org/apache/xalan/internal/utils/XMLSecurityManager$NameMap
Event: 1.669 loading class com/sun/org/apache/xalan/internal/utils/XMLSecurityManager$NameMap done
Event: 1.677 Thread 0x00000235dcbfdee0 Thread added: 0x00000235dcbfdee0
Event: 1.685 loading class javax/naming/ldap/LdapContext
Event: 1.685 loading class javax/naming/directory/DirContext
Event: 1.685 loading class javax/naming/directory/DirContext done
Event: 1.685 loading class javax/naming/ldap/LdapContext done
Event: 1.724 Thread 0x00000235dcbfdee0 Thread exited: 0x00000235dcbfdee0
Event: 1.726 loading class java/beans/ConstructorProperties
Event: 1.726 loading class java/beans/ConstructorProperties done
Event: 1.741 loading class sun/text/resources/cldr/FormatData_en
Event: 1.742 loading class sun/text/resources/cldr/FormatData_en done
Event: 1.742 loading class sun/text/resources/cldr/FormatData_en_US
Event: 1.742 loading class sun/text/resources/cldr/FormatData_en_US done
Event: 1.749 loading class java/io/CharArrayReader
Event: 1.749 loading class java/io/CharArrayReader done
Event: 1.768 loading class java/util/concurrent/atomic/AtomicReference
Event: 1.769 loading class java/util/concurrent/atomic/AtomicReference done


Dynamic libraries:
0x00007ff6214b0000 - 0x00007ff6214c0000 	C:\Program Files\Java\jdk-16.0.2\bin\java.exe
0x00007ffb86a10000 - 0x00007ffb86c05000 	C:\WINDOWS\SYSTEM32\ntdll.dll
0x00007ffb86840000 - 0x00007ffb868fd000 	C:\WINDOWS\System32\KERNEL32.DLL
0x00007ffb84140000 - 0x00007ffb84409000 	C:\WINDOWS\System32\KERNELBASE.dll
0x00007ffb84440000 - 0x00007ffb84540000 	C:\WINDOWS\System32\ucrtbase.dll
0x00007ffb7e6e0000 - 0x00007ffb7e6f9000 	C:\Program Files\Java\jdk-16.0.2\bin\VCRUNTIME140.dll
0x00007ffb7e800000 - 0x00007ffb7e818000 	C:\Program Files\Java\jdk-16.0.2\bin\jli.dll
0x00007ffb86150000 - 0x00007ffb861fc000 	C:\WINDOWS\System32\ADVAPI32.dll
0x00007ffb863b0000 - 0x00007ffb8644e000 	C:\WINDOWS\System32\msvcrt.dll
0x00007ffb86450000 - 0x00007ffb864eb000 	C:\WINDOWS\System32\sechost.dll
0x00007ffb86200000 - 0x00007ffb8632a000 	C:\WINDOWS\System32\RPCRT4.dll
0x00007ffb85f00000 - 0x00007ffb860a0000 	C:\WINDOWS\System32\USER32.dll
0x00007ffb84410000 - 0x00007ffb84432000 	C:\WINDOWS\System32\win32u.dll
0x00007ffb86810000 - 0x00007ffb8683a000 	C:\WINDOWS\System32\GDI32.dll
0x00007ffb84860000 - 0x00007ffb8496b000 	C:\WINDOWS\System32\gdi32full.dll
0x00007ffb84540000 - 0x00007ffb845dd000 	C:\WINDOWS\System32\msvcp_win.dll
0x00007ffb73c30000 - 0x00007ffb73eca000 	C:\WINDOWS\WinSxS\amd64_microsoft.windows.common-controls_6595b64144ccf1df_6.0.19041.1110_none_60b5254171f9507e\COMCTL32.dll
0x00007ffb7d310000 - 0x00007ffb7d31a000 	C:\WINDOWS\SYSTEM32\VERSION.dll
0x00007ffb85b10000 - 0x00007ffb85b40000 	C:\WINDOWS\System32\IMM32.DLL
0x00007ffb7e950000 - 0x00007ffb7e95c000 	C:\Program Files\Java\jdk-16.0.2\bin\vcruntime140_1.dll
0x00007ffb56f10000 - 0x00007ffb56fa1000 	C:\Program Files\Java\jdk-16.0.2\bin\msvcp140.dll
0x00007ffb3bd10000 - 0x00007ffb3c8bb000 	C:\Program Files\Java\jdk-16.0.2\bin\server\jvm.dll
0x00007ffb86900000 - 0x00007ffb86908000 	C:\WINDOWS\System32\PSAPI.DLL
0x00007ffb7e8d0000 - 0x00007ffb7e8d9000 	C:\WINDOWS\SYSTEM32\WSOCK32.dll
0x00007ffb86340000 - 0x00007ffb863ab000 	C:\WINDOWS\System32\WS2_32.dll
0x00007ffb7a910000 - 0x00007ffb7a937000 	C:\WINDOWS\SYSTEM32\WINMM.dll
0x00007ffb82050000 - 0x00007ffb82062000 	C:\WINDOWS\SYSTEM32\kernel.appcore.dll
0x00007ffb7e860000 - 0x00007ffb7e86a000 	C:\Program Files\Java\jdk-16.0.2\bin\jimage.dll
0x00007ffb70d70000 - 0x00007ffb70f54000 	C:\WINDOWS\SYSTEM32\DBGHELP.DLL
0x00007ffb70d40000 - 0x00007ffb70d6c000 	C:\WINDOWS\SYSTEM32\dbgcore.DLL
0x00007ffb84640000 - 0x00007ffb846c3000 	C:\WINDOWS\System32\bcryptPrimitives.dll
0x00007ffb71a80000 - 0x00007ffb71aa5000 	C:\Program Files\Java\jdk-16.0.2\bin\java.dll
0x00007ffb84f40000 - 0x00007ffb8567f000 	C:\WINDOWS\System32\SHELL32.dll
0x00007ffb82250000 - 0x00007ffb829e0000 	C:\WINDOWS\SYSTEM32\windows.storage.dll
0x00007ffb85ba0000 - 0x00007ffb85ef5000 	C:\WINDOWS\System32\combase.dll
0x00007ffb83ad0000 - 0x00007ffb83afc000 	C:\WINDOWS\SYSTEM32\Wldp.dll
0x00007ffb84af0000 - 0x00007ffb84b9e000 	C:\WINDOWS\System32\SHCORE.dll
0x00007ffb84a70000 - 0x00007ffb84ac5000 	C:\WINDOWS\System32\shlwapi.dll
0x00007ffb84080000 - 0x00007ffb8409f000 	C:\WINDOWS\SYSTEM32\profapi.dll
0x00007ffb7cfa0000 - 0x00007ffb7cfb9000 	C:\Program Files\Java\jdk-16.0.2\bin\net.dll
0x00007ffb78780000 - 0x00007ffb78888000 	C:\WINDOWS\SYSTEM32\WINHTTP.dll
0x00007ffb83830000 - 0x00007ffb8389a000 	C:\WINDOWS\system32\mswsock.dll
0x00007ffb7cba0000 - 0x00007ffb7cbb3000 	C:\Program Files\Java\jdk-16.0.2\bin\nio.dll
0x00007ffb73410000 - 0x00007ffb73428000 	C:\Program Files\Java\jdk-16.0.2\bin\zip.dll
0x00007ffb7e830000 - 0x00007ffb7e840000 	C:\Program Files\Java\jdk-16.0.2\bin\verify.dll
0x00007ffb83520000 - 0x00007ffb8355b000 	C:\WINDOWS\SYSTEM32\IPHLPAPI.DLL
0x00007ffb86330000 - 0x00007ffb86338000 	C:\WINDOWS\System32\NSI.dll
0x00007ffb7bcc0000 - 0x00007ffb7bcd7000 	C:\WINDOWS\SYSTEM32\dhcpcsvc6.DLL
0x00007ffb7d320000 - 0x00007ffb7d33d000 	C:\WINDOWS\SYSTEM32\dhcpcsvc.DLL
0x00007ffb83560000 - 0x00007ffb8362c000 	C:\WINDOWS\SYSTEM32\DNSAPI.dll
0x000000006b690000 - 0x000000006b6b6000 	C:\Program Files\Bonjour\mdnsNSP.dll
0x00007ffb75b10000 - 0x00007ffb75b1a000 	C:\Windows\System32\rasadhlp.dll
0x00007ffb77820000 - 0x00007ffb7789f000 	C:\WINDOWS\System32\fwpuclnt.dll
0x00007ffb84830000 - 0x00007ffb84857000 	C:\WINDOWS\System32\bcrypt.dll
0x00007ffb7fe40000 - 0x00007ffb7fe49000 	C:\Program Files\Java\jdk-16.0.2\bin\management.dll
0x00007ffb7fd00000 - 0x00007ffb7fd0b000 	C:\Program Files\Java\jdk-16.0.2\bin\management_ext.dll
0x00007ffb6de50000 - 0x00007ffb6de67000 	C:\WINDOWS\system32\napinsp.dll
0x00007ffb6d510000 - 0x00007ffb6d52b000 	C:\WINDOWS\system32\pnrpnsp.dll
0x00007ffb7ef90000 - 0x00007ffb7efa5000 	C:\WINDOWS\system32\wshbth.dll
0x00007ffb7fba0000 - 0x00007ffb7fbbd000 	C:\WINDOWS\system32\NLAapi.dll
0x00007ffb6b950000 - 0x00007ffb6b962000 	C:\WINDOWS\System32\winrnr.dll

dbghelp: loaded successfully - version: 4.0.5 - missing functions: none
symbol engine: initialized successfully - sym options: 0x614 - pdb path: .;C:\Program Files\Java\jdk-16.0.2\bin;C:\WINDOWS\SYSTEM32;C:\WINDOWS\WinSxS\amd64_microsoft.windows.common-controls_6595b64144ccf1df_6.0.19041.1110_none_60b5254171f9507e;C:\Program Files\Java\jdk-16.0.2\bin\server;C:\Program Files\Bonjour

VM Arguments:
jvm_args: -XX:TieredStopAtLevel=1 
java_command: javeriana.ms.calculadora.CalculadoraApplication
java_class_path (initial): C:\Users\andre\Documents\Codigo\Servicios\Taller_2_Parte_2\calculadora\target\classes;C:\Users\andre\.m2\repository\org\springframework\boot\spring-boot\2.5.4\spring-boot-2.5.4.jar;C:\Users\andre\.m2\repository\org\springframework\boot\spring-boot-autoconfigure\2.5.4\spring-boot-autoconfigure-2.5.4.jar;C:\Users\andre\.m2\repository\ch\qos\logback\logback-classic\1.2.5\logback-classic-1.2.5.jar;C:\Users\andre\.m2\repository\ch\qos\logback\logback-core\1.2.5\logback-core-1.2.5.jar;C:\Users\andre\.m2\repository\org\apache\logging\log4j\log4j-to-slf4j\2.14.1\log4j-to-slf4j-2.14.1.jar;C:\Users\andre\.m2\repository\org\apache\logging\log4j\log4j-api\2.14.1\log4j-api-2.14.1.jar;C:\Users\andre\.m2\repository\org\slf4j\jul-to-slf4j\1.7.32\jul-to-slf4j-1.7.32.jar;C:\Users\andre\.m2\repository\jakarta\annotation\jakarta.annotation-api\1.3.5\jakarta.annotation-api-1.3.5.jar;C:\Users\andre\.m2\repository\org\yaml\snakeyaml\1.28\snakeyaml-1.28.jar;C:\Users\andre\.m2\repository\org\springframework\boot\spring-boot-actuator-autoconfigure\2.5.4\spring-boot-actuator-autoconfigure-2.5.4.jar;C:\Users\andre\.m2\repository\org\springframework\boot\spring-boot-actuator\2.5.4\spring-boot-actuator-2.5.4.jar;C:\Users\andre\.m2\repository\com\fasterxml\jackson\core\jackson-databind\2.12.4\jackson-databind-2.12.4.jar;C:\Users\andre\.m2\repository\com\fasterxml\jackson\datatype\jackson-datatype-jsr310\2.12.4\jackson-datatype-jsr310-2.12.4.jar;C:\Users\andre\.m2\repository\io\micrometer\micrometer-core\1.7.3\micrometer-core-1.7.3.jar;C:\Users\andre\.m2\repository\org\hdrhistogram\HdrHistogram\2.1.12\HdrHistogram-2.1.12.jar;C:\Users\andre\.m2\repository\org\latencyutils\LatencyUtils\2.0.3\LatencyUtils-2.0.3.jar;C:\Users\andre\.m2\repository\com\fasterxml\jackson\datatype\jackson-datatype-jdk8\2.12.4\jackson-datatype-jdk8-2.12.4.jar;C:\Users\andre\.m2\repository\com\fasterxml\jackson\module\jackson-module-parameter-names\2.12.4\jackson-module-parameter-names-2.12.4.jar
Launcher Type: SUN_STANDARD

[Global flags]
     intx CICompilerCount                          = 4                                         {product} {ergonomic}
     uint ConcGCThreads                            = 2                                         {product} {ergonomic}
     uint G1ConcRefinementThreads                  = 8                                         {product} {ergonomic}
   size_t G1HeapRegionSize                         = 2097152                                   {product} {ergonomic}
    uintx GCDrainStackTargetSize                   = 64                                        {product} {ergonomic}
   size_t InitialHeapSize                          = 167772160                                 {product} {ergonomic}
   size_t MarkStackSize                            = 4194304                                   {product} {ergonomic}
   size_t MaxHeapSize                              = 2671771648                                {product} {ergonomic}
   size_t MaxNewSize                               = 1602224128                                {product} {ergonomic}
   size_t MinHeapDeltaBytes                        = 2097152                                   {product} {ergonomic}
   size_t MinHeapSize                              = 8388608                                   {product} {ergonomic}
    uintx NonNMethodCodeHeapSize                   = 7549744                                {pd product} {ergonomic}
    uintx NonProfiledCodeHeapSize                  = 244108496                              {pd product} {ergonomic}
    uintx ProfiledCodeHeapSize                     = 0                                      {pd product} {ergonomic}
    uintx ReservedCodeCacheSize                    = 251658240                              {pd product} {ergonomic}
     bool SegmentedCodeCache                       = true                                      {product} {ergonomic}
   size_t SoftMaxHeapSize                          = 2671771648                             {manageable} {ergonomic}
     intx TieredStopAtLevel                        = 1                                         {product} {command line}
     bool UseCompressedClassPointers               = true                           {product lp64_product} {ergonomic}
     bool UseCompressedOops                        = true                           {product lp64_product} {ergonomic}
     bool UseG1GC                                  = true                                      {product} {ergonomic}
     bool UseLargePagesIndividualAllocation        = false                                  {pd product} {ergonomic}

Logging:
Log output configuration:
 #0: stdout all=warning uptime,level,tags
 #1: stderr all=off uptime,level,tags

Environment Variables:
PATH=C:\Program Files\Common Files\Oracle\Java\javapath;C:\ProgramData\Oracle\Java\javapath;C:\Program Files (x86)\NVIDIA Corporation\PhysX\Common;C:\Program Files (x86)\Common Files\Oracle\Java\javapath;C:\WINDOWS\system32;C:\WINDOWS;C:\WINDOWS\System32\Wbem;C:\WINDOWS\System32\WindowsPowerShell\v1.0\;C:\WINDOWS\System32\OpenSSH\;C:\Program Files\dotnet\;D:\Git\cmd;D:\NodeJs\;D:\Desarrollo\apache-maven-3.8.2\bin;C:\Users\andre\AppData\Local\Microsoft\WindowsApps;C:\Users\andre\.dotnet\tools;C:\Users\andre\AppData\Local\Programs\Microsoft VS Code\bin;C:\Users\andre\AppData\Roaming\npm;D:\IntelliJ\IntelliJ IDEA Community Edition 2021.2.1\bin;
USERNAME=andre
LANG=en_US.UTF-8
OS=Windows_NT
PROCESSOR_IDENTIFIER=AMD64 Family 23 Model 24 Stepping 1, AuthenticAMD



---------------  S Y S T E M  ---------------

OS:
 Windows 10 , 64 bit Build 19041 (10.0.19041.1151)
OS uptime: 4 days 6:05 hours

CPU: total 8 (initial active 8) (8 cores per cpu, 2 threads per core) family 23 model 24 stepping 1 microcode 0x0, cx8, cmov, fxsr, ht, mmx, 3dnowpref, sse, sse2, sse3, ssse3, sse4a, sse4.1, sse4.2, popcnt, lzcnt, tsc, tscinvbit, avx, avx2, aes, clmul, bmi1, bmi2, adx, sha, fma, vzeroupper, clflush, clflushopt

Memory: 4k page, system-wide physical 10187M (3336M free)
TotalPageFile size 10187M (AvailPageFile size 5M)
current process WorkingSet (physical memory assigned to process): 107M, peak: 107M
current process commit charge ("private bytes"): 270M, peak: 270M

vm_info: Java HotSpot(TM) 64-Bit Server VM (16.0.2+7-67) for windows-amd64 JRE (16.0.2+7-67), built on Jun  8 2021 23:24:19 by "mach5one" with MS VC++ 16.7 (VS2019)

END.
